
Copyright (C) 1994-2018 Synopsys, Inc.
This Synopsys software and all associated documentation are proprietary to Synopsys, Inc.
and may only be used pursuant to the terms and conditions of a written license agreement
with Synopsys, Inc. All other use, reproduction, modification, or distribution of the
Synopsys software or the associated documentation is strictly prohibited.
Tool: Synplify Pro (R)
Build: N-2018.03M-SP1-1
Install: C:\Microsemi\Libero_SoC_v12.1\SynplifyPro
OS: Windows 6.2

Hostname: THINK

Implementation : synthesis

# Written on Fri Sep  6 13:06:47 2019

##### DESIGN INFO #######################################################

Top View:                "creative"
Constraint File(s):      "C:\GitHub\Rattlesnake\build\par\Microchip\creative\designer\creative\synthesis.fdc"




##### SUMMARY ############################################################

Found 0 issues in 0 out of 3 constraints


##### DETAILS ############################################################



Clock Relationships
*******************

Starting                    Ending                      |     rise to rise     |     fall to fall     |     rise to fall     |     fall to rise                     
-------------------------------------------------------------------------------------------------------------------------------------------------------------------
System                      FCCC_C0_0/FCCC_C0_0/GL0     |     8.333            |     No paths         |     No paths         |     No paths                         
FCCC_C0_0/FCCC_C0_0/GL0     FCCC_C0_0/FCCC_C0_0/GL0     |     8.333            |     No paths         |     No paths         |     No paths                         
===================================================================================================================================================================
 Note: 'No paths' indicates there are no paths in the design for that pair of clock edges.
       'Diff grp' indicates that paths exist but the starting clock and ending clock are in different clock groups.


Unconstrained Start/End Points
******************************

p:LED_GREEN
p:LED_RED
p:RXD
p:TXD


Inapplicable constraints
************************

(none)


Applicable constraints with issues
**********************************

(none)


Constraints with matching wildcard expressions
**********************************************

(none)


Library Report
**************


# End of Constraint Checker Report
