Timing Violation Report Max Delay Analysis

SmartTime Version v12.1
Microsemi Corporation - Microsemi Libero Software Release v12.1 (Version 12.600.0.14)
Date: Mon Aug 26 00:44:23 2019


Design: creative
Family: IGLOO2
Die: M2GL025
Package: 256 VF
Temperature Range: 0 - 85 C
Voltage Range: 1.14 - 1.26 V
Speed Grade: STD
Design State: Post-Layout
Data source: Production
Min Operating Conditions: BEST - 1.26 V - 0 C
Max Operating Conditions: WORST - 1.14 V - 85 C
Scenario for Timing Analysis: timing_analysis


Path 1
  From: Rattlesnake_0/PulseRain_Rattlesnake_MCU_i.PulseRain_Rattlesnake_core_i.Rattlesnake_execution_unit_i.X_0_rep1:CLK
  To:   Rattlesnake_0/PulseRain_Rattlesnake_MCU_i.mem_controller_i.genblk1.ram_low_i.gen_if_proc.gen_for_proc_1st[1].ram_9bit_1st.mem_mem_0_4/INST_RAM1K18_IP:A_ADDR[10]
  Delay (ns):              9.364
  Slack (ns):              4.521
  Arrival (ns):           13.810
  Required (ns):          18.331

Path 2
  From: Rattlesnake_0/PulseRain_Rattlesnake_MCU_i.PulseRain_Rattlesnake_core_i.Rattlesnake_execution_unit_i.X_0_rep1:CLK
  To:   Rattlesnake_0/PulseRain_Rattlesnake_MCU_i.mem_controller_i.genblk1.ram_low_i.gen_if_proc.gen_for_proc_2nd[1].ram_9bit_2nd.mem_mem_0_2/INST_RAM1K18_IP:A_WEN[0]
  Delay (ns):              8.966
  Slack (ns):              4.555
  Arrival (ns):           13.412
  Required (ns):          17.967

Path 3
  From: Rattlesnake_0/PulseRain_Rattlesnake_MCU_i.PulseRain_Rattlesnake_core_i.Rattlesnake_execution_unit_i.X_fast[4]:CLK
  To:   Rattlesnake_0/PulseRain_Rattlesnake_MCU_i.mem_controller_i.genblk1.ram_low_i.gen_if_proc.gen_for_proc_2nd[1].ram_9bit_2nd.mem_mem_0_2/INST_RAM1K18_IP:A_WEN[0]
  Delay (ns):              8.923
  Slack (ns):              4.588
  Arrival (ns):           13.379
  Required (ns):          17.967

Path 4
  From: Rattlesnake_0/PulseRain_Rattlesnake_MCU_i.PulseRain_Rattlesnake_core_i.Rattlesnake_execution_unit_i.X_0_rep1:CLK
  To:   Rattlesnake_0/PulseRain_Rattlesnake_MCU_i.mem_controller_i.genblk1.ram_low_i.gen_if_proc.gen_for_proc_2nd[1].ram_9bit_2nd.mem_mem_0_1/INST_RAM1K18_IP:A_WEN[0]
  Delay (ns):              8.926
  Slack (ns):              4.593
  Arrival (ns):           13.372
  Required (ns):          17.965

Path 5
  From: Rattlesnake_0/PulseRain_Rattlesnake_MCU_i.PulseRain_Rattlesnake_core_i.Rattlesnake_execution_unit_i.X_fast[5]:CLK
  To:   Rattlesnake_0/PulseRain_Rattlesnake_MCU_i.mem_controller_i.genblk1.ram_low_i.gen_if_proc.gen_for_proc_2nd[1].ram_9bit_2nd.mem_mem_0_2/INST_RAM1K18_IP:A_WEN[0]
  Delay (ns):              8.916
  Slack (ns):              4.605
  Arrival (ns):           13.362
  Required (ns):          17.967

Path 6
  From: Rattlesnake_0/PulseRain_Rattlesnake_MCU_i.PulseRain_Rattlesnake_core_i.Rattlesnake_execution_unit_i.X_fast[4]:CLK
  To:   Rattlesnake_0/PulseRain_Rattlesnake_MCU_i.mem_controller_i.genblk1.ram_low_i.gen_if_proc.gen_for_proc_2nd[1].ram_9bit_2nd.mem_mem_0_1/INST_RAM1K18_IP:A_WEN[0]
  Delay (ns):              8.883
  Slack (ns):              4.626
  Arrival (ns):           13.339
  Required (ns):          17.965

Path 7
  From: Rattlesnake_0/PulseRain_Rattlesnake_MCU_i.PulseRain_Rattlesnake_core_i.Rattlesnake_execution_unit_i.X_fast[5]:CLK
  To:   Rattlesnake_0/PulseRain_Rattlesnake_MCU_i.mem_controller_i.genblk1.ram_low_i.gen_if_proc.gen_for_proc_2nd[1].ram_9bit_2nd.mem_mem_0_1/INST_RAM1K18_IP:A_WEN[0]
  Delay (ns):              8.876
  Slack (ns):              4.643
  Arrival (ns):           13.322
  Required (ns):          17.965

Path 8
  From: Rattlesnake_0/PulseRain_Rattlesnake_MCU_i.PulseRain_Rattlesnake_core_i.Rattlesnake_execution_unit_i.X_fast[2]:CLK
  To:   Rattlesnake_0/PulseRain_Rattlesnake_MCU_i.mem_controller_i.genblk1.ram_low_i.gen_if_proc.gen_for_proc_2nd[1].ram_9bit_2nd.mem_mem_0_2/INST_RAM1K18_IP:A_WEN[0]
  Delay (ns):              8.854
  Slack (ns):              4.669
  Arrival (ns):           13.298
  Required (ns):          17.967

Path 9
  From: Rattlesnake_0/PulseRain_Rattlesnake_MCU_i.PulseRain_Rattlesnake_core_i.Rattlesnake_execution_unit_i.X_fast[2]:CLK
  To:   Rattlesnake_0/PulseRain_Rattlesnake_MCU_i.mem_controller_i.genblk1.ram_low_i.gen_if_proc.gen_for_proc_2nd[1].ram_9bit_2nd.mem_mem_0_1/INST_RAM1K18_IP:A_WEN[0]
  Delay (ns):              8.814
  Slack (ns):              4.707
  Arrival (ns):           13.258
  Required (ns):          17.965

Path 10
  From: Rattlesnake_0/PulseRain_Rattlesnake_MCU_i.PulseRain_Rattlesnake_core_i.Rattlesnake_execution_unit_i.X_fast[6]:CLK
  To:   Rattlesnake_0/PulseRain_Rattlesnake_MCU_i.mem_controller_i.genblk1.ram_low_i.gen_if_proc.gen_for_proc_2nd[1].ram_9bit_2nd.mem_mem_0_2/INST_RAM1K18_IP:A_WEN[0]
  Delay (ns):              8.813
  Slack (ns):              4.710
  Arrival (ns):           13.257
  Required (ns):          17.967

Path 11
  From: Rattlesnake_0/PulseRain_Rattlesnake_MCU_i.PulseRain_Rattlesnake_core_i.Rattlesnake_execution_unit_i.X_fast[3]:CLK
  To:   Rattlesnake_0/PulseRain_Rattlesnake_MCU_i.mem_controller_i.genblk1.ram_low_i.gen_if_proc.gen_for_proc_2nd[1].ram_9bit_2nd.mem_mem_0_2/INST_RAM1K18_IP:A_WEN[0]
  Delay (ns):              8.803
  Slack (ns):              4.725
  Arrival (ns):           13.242
  Required (ns):          17.967

Path 12
  From: Rattlesnake_0/PulseRain_Rattlesnake_MCU_i.PulseRain_Rattlesnake_core_i.Rattlesnake_execution_unit_i.X_fast[6]:CLK
  To:   Rattlesnake_0/PulseRain_Rattlesnake_MCU_i.mem_controller_i.genblk1.ram_low_i.gen_if_proc.gen_for_proc_2nd[1].ram_9bit_2nd.mem_mem_0_1/INST_RAM1K18_IP:A_WEN[0]
  Delay (ns):              8.773
  Slack (ns):              4.748
  Arrival (ns):           13.217
  Required (ns):          17.965

Path 13
  From: Rattlesnake_0/PulseRain_Rattlesnake_MCU_i.PulseRain_Rattlesnake_core_i.Rattlesnake_execution_unit_i.X_0_rep1:CLK
  To:   Rattlesnake_0/PulseRain_Rattlesnake_MCU_i.mem_controller_i.genblk1.ram_low_i.gen_if_proc.gen_for_proc_1st[1].ram_9bit_1st.mem_mem_0_4/INST_RAM1K18_IP:A_WEN[0]
  Delay (ns):              8.735
  Slack (ns):              4.750
  Arrival (ns):           13.181
  Required (ns):          17.931

Path 14
  From: Rattlesnake_0/PulseRain_Rattlesnake_MCU_i.PulseRain_Rattlesnake_core_i.Rattlesnake_execution_unit_i.X_fast[3]:CLK
  To:   Rattlesnake_0/PulseRain_Rattlesnake_MCU_i.mem_controller_i.genblk1.ram_low_i.gen_if_proc.gen_for_proc_2nd[1].ram_9bit_2nd.mem_mem_0_1/INST_RAM1K18_IP:A_WEN[0]
  Delay (ns):              8.763
  Slack (ns):              4.763
  Arrival (ns):           13.202
  Required (ns):          17.965

Path 15
  From: Rattlesnake_0/PulseRain_Rattlesnake_MCU_i.PulseRain_Rattlesnake_core_i.Rattlesnake_execution_unit_i.X_fast[4]:CLK
  To:   Rattlesnake_0/PulseRain_Rattlesnake_MCU_i.mem_controller_i.genblk1.ram_low_i.gen_if_proc.gen_for_proc_1st[1].ram_9bit_1st.mem_mem_0_4/INST_RAM1K18_IP:A_WEN[0]
  Delay (ns):              8.711
  Slack (ns):              4.764
  Arrival (ns):           13.167
  Required (ns):          17.931

Path 16
  From: Rattlesnake_0/PulseRain_Rattlesnake_MCU_i.PulseRain_Rattlesnake_core_i.Rattlesnake_execution_unit_i.X_0_rep1:CLK
  To:   Rattlesnake_0/PulseRain_Rattlesnake_MCU_i.mem_controller_i.genblk1.ram_low_i.gen_if_proc.gen_for_proc_2nd[1].ram_9bit_2nd.mem_mem_0_1/INST_RAM1K18_IP:A_ADDR[11]
  Delay (ns):              9.105
  Slack (ns):              4.769
  Arrival (ns):           13.551
  Required (ns):          18.320

Path 17
  From: Rattlesnake_0/PulseRain_Rattlesnake_MCU_i.PulseRain_Rattlesnake_core_i.Rattlesnake_execution_unit_i.X_fast[5]:CLK
  To:   Rattlesnake_0/PulseRain_Rattlesnake_MCU_i.mem_controller_i.genblk1.ram_low_i.gen_if_proc.gen_for_proc_1st[1].ram_9bit_1st.mem_mem_0_4/INST_RAM1K18_IP:A_WEN[0]
  Delay (ns):              8.704
  Slack (ns):              4.781
  Arrival (ns):           13.150
  Required (ns):          17.931

Path 18
  From: Rattlesnake_0/PulseRain_Rattlesnake_MCU_i.PulseRain_Rattlesnake_core_i.Rattlesnake_execution_unit_i.IR_out[24]:CLK
  To:   Rattlesnake_0/PulseRain_Rattlesnake_MCU_i.mem_controller_i.genblk1.ram_low_i.gen_if_proc.gen_for_proc_2nd[1].ram_9bit_2nd.mem_mem_0_2/INST_RAM1K18_IP:A_WEN[0]
  Delay (ns):              8.732
  Slack (ns):              4.808
  Arrival (ns):           13.159
  Required (ns):          17.967

Path 19
  From: Rattlesnake_0/PulseRain_Rattlesnake_MCU_i.PulseRain_Rattlesnake_core_i.Rattlesnake_execution_unit_i.X_fast[7]:CLK
  To:   Rattlesnake_0/PulseRain_Rattlesnake_MCU_i.PulseRain_Rattlesnake_core_i.Rattlesnake_controller_i.exception_PC[12]:EN
  Delay (ns):              8.667
  Slack (ns):              4.812
  Arrival (ns):           13.122
  Required (ns):          17.934

Path 20
  From: Rattlesnake_0/PulseRain_Rattlesnake_MCU_i.PulseRain_Rattlesnake_core_i.Rattlesnake_execution_unit_i.X_fast[7]:CLK
  To:   Rattlesnake_0/PulseRain_Rattlesnake_MCU_i.PulseRain_Rattlesnake_core_i.Rattlesnake_controller_i.exception_PC[14]:EN
  Delay (ns):              8.667
  Slack (ns):              4.823
  Arrival (ns):           13.122
  Required (ns):          17.945

Path 21
  From: Rattlesnake_0/PulseRain_Rattlesnake_MCU_i.PulseRain_Rattlesnake_core_i.Rattlesnake_execution_unit_i.X_fast[7]:CLK
  To:   Rattlesnake_0/PulseRain_Rattlesnake_MCU_i.PulseRain_Rattlesnake_core_i.Rattlesnake_controller_i.exception_PC[16]:EN
  Delay (ns):              8.667
  Slack (ns):              4.823
  Arrival (ns):           13.122
  Required (ns):          17.945

Path 22
  From: Rattlesnake_0/PulseRain_Rattlesnake_MCU_i.PulseRain_Rattlesnake_core_i.Rattlesnake_execution_unit_i.X_15_rep1:CLK
  To:   Rattlesnake_0/PulseRain_Rattlesnake_MCU_i.PulseRain_Rattlesnake_core_i.Rattlesnake_controller_i.exception_PC[12]:EN
  Delay (ns):              8.660
  Slack (ns):              4.834
  Arrival (ns):           13.100
  Required (ns):          17.934

Path 23
  From: Rattlesnake_0/PulseRain_Rattlesnake_MCU_i.PulseRain_Rattlesnake_core_i.Rattlesnake_execution_unit_i.X_15_rep1:CLK
  To:   Rattlesnake_0/PulseRain_Rattlesnake_MCU_i.PulseRain_Rattlesnake_core_i.Rattlesnake_controller_i.exception_PC[14]:EN
  Delay (ns):              8.660
  Slack (ns):              4.845
  Arrival (ns):           13.100
  Required (ns):          17.945

Path 24
  From: Rattlesnake_0/PulseRain_Rattlesnake_MCU_i.PulseRain_Rattlesnake_core_i.Rattlesnake_execution_unit_i.X_15_rep1:CLK
  To:   Rattlesnake_0/PulseRain_Rattlesnake_MCU_i.PulseRain_Rattlesnake_core_i.Rattlesnake_controller_i.exception_PC[16]:EN
  Delay (ns):              8.660
  Slack (ns):              4.845
  Arrival (ns):           13.100
  Required (ns):          17.945

Path 25
  From: Rattlesnake_0/PulseRain_Rattlesnake_MCU_i.PulseRain_Rattlesnake_core_i.Rattlesnake_execution_unit_i.X_fast[2]:CLK
  To:   Rattlesnake_0/PulseRain_Rattlesnake_MCU_i.mem_controller_i.genblk1.ram_low_i.gen_if_proc.gen_for_proc_1st[1].ram_9bit_1st.mem_mem_0_4/INST_RAM1K18_IP:A_WEN[0]
  Delay (ns):              8.642
  Slack (ns):              4.845
  Arrival (ns):           13.086
  Required (ns):          17.931

Path 26
  From: Rattlesnake_0/PulseRain_Rattlesnake_MCU_i.PulseRain_Rattlesnake_core_i.Rattlesnake_execution_unit_i.IR_out[24]:CLK
  To:   Rattlesnake_0/PulseRain_Rattlesnake_MCU_i.mem_controller_i.genblk1.ram_low_i.gen_if_proc.gen_for_proc_2nd[1].ram_9bit_2nd.mem_mem_0_1/INST_RAM1K18_IP:A_WEN[0]
  Delay (ns):              8.692
  Slack (ns):              4.846
  Arrival (ns):           13.119
  Required (ns):          17.965

Path 27
  From: Rattlesnake_0/PulseRain_Rattlesnake_MCU_i.PulseRain_Rattlesnake_core_i.Rattlesnake_execution_unit_i.X_0_rep1:CLK
  To:   Rattlesnake_0/PulseRain_Rattlesnake_MCU_i.mem_controller_i.genblk1.ram_low_i.gen_if_proc.gen_for_proc_1st[1].ram_9bit_1st.mem_mem_0_3/INST_RAM1K18_IP:A_ADDR[7]
  Delay (ns):              9.058
  Slack (ns):              4.850
  Arrival (ns):           13.504
  Required (ns):          18.354

Path 28
  From: Rattlesnake_0/PulseRain_Rattlesnake_MCU_i.PulseRain_Rattlesnake_core_i.Rattlesnake_execution_unit_i.X_0_rep1:CLK
  To:   Rattlesnake_0/PulseRain_Rattlesnake_MCU_i.mem_controller_i.genblk1.ram_low_i.gen_if_proc.gen_for_proc_1st[1].ram_9bit_1st.mem_mem_0_4/INST_RAM1K18_IP:A_ADDR[12]
  Delay (ns):              9.033
  Slack (ns):              4.850
  Arrival (ns):           13.479
  Required (ns):          18.329

Path 29
  From: Rattlesnake_0/PulseRain_Rattlesnake_MCU_i.PulseRain_Rattlesnake_core_i.Rattlesnake_execution_unit_i.X_fast[8]:CLK
  To:   Rattlesnake_0/PulseRain_Rattlesnake_MCU_i.mem_controller_i.genblk1.ram_low_i.gen_if_proc.gen_for_proc_2nd[1].ram_9bit_2nd.mem_mem_0_2/INST_RAM1K18_IP:A_WEN[0]
  Delay (ns):              8.633
  Slack (ns):              4.879
  Arrival (ns):           13.088
  Required (ns):          17.967

Path 30
  From: Rattlesnake_0/PulseRain_Rattlesnake_MCU_i.PulseRain_Rattlesnake_core_i.Rattlesnake_execution_unit_i.X_fast[4]:CLK
  To:   Rattlesnake_0/PulseRain_Rattlesnake_MCU_i.mem_controller_i.genblk1.ram_low_i.gen_if_proc.gen_for_proc_1st[1].ram_9bit_1st.mem_mem_0_4/INST_RAM1K18_IP:A_ADDR[12]
  Delay (ns):              8.990
  Slack (ns):              4.883
  Arrival (ns):           13.446
  Required (ns):          18.329

Path 31
  From: Rattlesnake_0/PulseRain_Rattlesnake_MCU_i.PulseRain_Rattlesnake_core_i.Rattlesnake_execution_unit_i.X_fast[6]:CLK
  To:   Rattlesnake_0/PulseRain_Rattlesnake_MCU_i.mem_controller_i.genblk1.ram_low_i.gen_if_proc.gen_for_proc_1st[1].ram_9bit_1st.mem_mem_0_4/INST_RAM1K18_IP:A_WEN[0]
  Delay (ns):              8.601
  Slack (ns):              4.886
  Arrival (ns):           13.045
  Required (ns):          17.931

Path 32
  From: Rattlesnake_0/PulseRain_Rattlesnake_MCU_i.PulseRain_Rattlesnake_core_i.Rattlesnake_execution_unit_i.X_fast[7]:CLK
  To:   Rattlesnake_0/PulseRain_Rattlesnake_MCU_i.PulseRain_Rattlesnake_core_i.Rattlesnake_controller_i.exception_PC[30]:D
  Delay (ns):              8.651
  Slack (ns):              4.899
  Arrival (ns):           13.106
  Required (ns):          18.005

Path 33
  From: Rattlesnake_0/PulseRain_Rattlesnake_MCU_i.PulseRain_Rattlesnake_core_i.Rattlesnake_execution_unit_i.X_fast[7]:CLK
  To:   Rattlesnake_0/PulseRain_Rattlesnake_MCU_i.mem_controller_i.genblk1.ram_low_i.gen_if_proc.gen_for_proc_2nd[1].ram_9bit_2nd.mem_mem_0_2/INST_RAM1K18_IP:A_WEN[0]
  Delay (ns):              8.613
  Slack (ns):              4.899
  Arrival (ns):           13.068
  Required (ns):          17.967

Path 34
  From: Rattlesnake_0/PulseRain_Rattlesnake_MCU_i.PulseRain_Rattlesnake_core_i.Rattlesnake_execution_unit_i.X_fast[5]:CLK
  To:   Rattlesnake_0/PulseRain_Rattlesnake_MCU_i.mem_controller_i.genblk1.ram_low_i.gen_if_proc.gen_for_proc_1st[1].ram_9bit_1st.mem_mem_0_4/INST_RAM1K18_IP:A_ADDR[12]
  Delay (ns):              8.983
  Slack (ns):              4.900
  Arrival (ns):           13.429
  Required (ns):          18.329

Path 35
  From: Rattlesnake_0/PulseRain_Rattlesnake_MCU_i.PulseRain_Rattlesnake_core_i.Rattlesnake_execution_unit_i.X_fast[3]:CLK
  To:   Rattlesnake_0/PulseRain_Rattlesnake_MCU_i.mem_controller_i.genblk1.ram_low_i.gen_if_proc.gen_for_proc_1st[1].ram_9bit_1st.mem_mem_0_4/INST_RAM1K18_IP:A_WEN[0]
  Delay (ns):              8.591
  Slack (ns):              4.901
  Arrival (ns):           13.030
  Required (ns):          17.931

Path 36
  From: Rattlesnake_0/PulseRain_Rattlesnake_MCU_i.PulseRain_Rattlesnake_core_i.Rattlesnake_execution_unit_i.Y_fast[4]:CLK
  To:   Rattlesnake_0/PulseRain_Rattlesnake_MCU_i.PulseRain_Rattlesnake_core_i.Rattlesnake_controller_i.exception_PC[12]:EN
  Delay (ns):              8.571
  Slack (ns):              4.902
  Arrival (ns):           13.032
  Required (ns):          17.934

Path 37
  From: Rattlesnake_0/PulseRain_Rattlesnake_MCU_i.PulseRain_Rattlesnake_core_i.Rattlesnake_execution_unit_i.Y_fast[4]:CLK
  To:   Rattlesnake_0/PulseRain_Rattlesnake_MCU_i.PulseRain_Rattlesnake_core_i.Rattlesnake_controller_i.exception_PC[14]:EN
  Delay (ns):              8.571
  Slack (ns):              4.913
  Arrival (ns):           13.032
  Required (ns):          17.945

Path 38
  From: Rattlesnake_0/PulseRain_Rattlesnake_MCU_i.PulseRain_Rattlesnake_core_i.Rattlesnake_execution_unit_i.Y_fast[4]:CLK
  To:   Rattlesnake_0/PulseRain_Rattlesnake_MCU_i.PulseRain_Rattlesnake_core_i.Rattlesnake_controller_i.exception_PC[16]:EN
  Delay (ns):              8.571
  Slack (ns):              4.913
  Arrival (ns):           13.032
  Required (ns):          17.945

Path 39
  From: Rattlesnake_0/PulseRain_Rattlesnake_MCU_i.PulseRain_Rattlesnake_core_i.Rattlesnake_execution_unit_i.X_fast[8]:CLK
  To:   Rattlesnake_0/PulseRain_Rattlesnake_MCU_i.mem_controller_i.genblk1.ram_low_i.gen_if_proc.gen_for_proc_2nd[1].ram_9bit_2nd.mem_mem_0_1/INST_RAM1K18_IP:A_WEN[0]
  Delay (ns):              8.593
  Slack (ns):              4.917
  Arrival (ns):           13.048
  Required (ns):          17.965

Path 40
  From: Rattlesnake_0/PulseRain_Rattlesnake_MCU_i.PulseRain_Rattlesnake_core_i.Rattlesnake_execution_unit_i.X_15_rep1:CLK
  To:   Rattlesnake_0/PulseRain_Rattlesnake_MCU_i.PulseRain_Rattlesnake_core_i.Rattlesnake_controller_i.exception_PC[30]:D
  Delay (ns):              8.644
  Slack (ns):              4.921
  Arrival (ns):           13.084
  Required (ns):          18.005

Path 41
  From: Rattlesnake_0/PulseRain_Rattlesnake_MCU_i.PulseRain_Rattlesnake_core_i.Rattlesnake_execution_unit_i.X_fast[7]:CLK
  To:   Rattlesnake_0/PulseRain_Rattlesnake_MCU_i.mem_controller_i.genblk1.ram_low_i.gen_if_proc.gen_for_proc_2nd[1].ram_9bit_2nd.mem_mem_0_1/INST_RAM1K18_IP:A_WEN[0]
  Delay (ns):              8.573
  Slack (ns):              4.937
  Arrival (ns):           13.028
  Required (ns):          17.965

Path 42
  From: Rattlesnake_0/PulseRain_Rattlesnake_MCU_i.PulseRain_Rattlesnake_core_i.Rattlesnake_execution_unit_i.X_fast[7]:CLK
  To:   Rattlesnake_0/PulseRain_Rattlesnake_MCU_i.PulseRain_Rattlesnake_core_i.Rattlesnake_controller_i.exception_addr[4]:D
  Delay (ns):              8.593
  Slack (ns):              4.957
  Arrival (ns):           13.048
  Required (ns):          18.005

Path 43
  From: Rattlesnake_0/PulseRain_Rattlesnake_MCU_i.PulseRain_Rattlesnake_core_i.Rattlesnake_execution_unit_i.X_fast[2]:CLK
  To:   Rattlesnake_0/PulseRain_Rattlesnake_MCU_i.mem_controller_i.genblk1.ram_low_i.gen_if_proc.gen_for_proc_1st[1].ram_9bit_1st.mem_mem_0_4/INST_RAM1K18_IP:A_ADDR[12]
  Delay (ns):              8.921
  Slack (ns):              4.964
  Arrival (ns):           13.365
  Required (ns):          18.329

Path 44
  From: Rattlesnake_0/PulseRain_Rattlesnake_MCU_i.PulseRain_Rattlesnake_core_i.Rattlesnake_execution_unit_i.X_0_rep1:CLK
  To:   Rattlesnake_0/PulseRain_Rattlesnake_MCU_i.mem_controller_i.genblk1.ram_low_i.gen_if_proc.gen_for_proc_1st[1].ram_9bit_1st.mem_mem_0_4/INST_RAM1K18_IP:A_ADDR[11]
  Delay (ns):              8.880
  Slack (ns):              4.978
  Arrival (ns):           13.326
  Required (ns):          18.304

Path 45
  From: Rattlesnake_0/PulseRain_Rattlesnake_MCU_i.PulseRain_Rattlesnake_core_i.Rattlesnake_execution_unit_i.X_15_rep1:CLK
  To:   Rattlesnake_0/PulseRain_Rattlesnake_MCU_i.PulseRain_Rattlesnake_core_i.Rattlesnake_controller_i.exception_addr[4]:D
  Delay (ns):              8.586
  Slack (ns):              4.979
  Arrival (ns):           13.026
  Required (ns):          18.005

Path 46
  From: Rattlesnake_0/PulseRain_Rattlesnake_MCU_i.PulseRain_Rattlesnake_core_i.Rattlesnake_execution_unit_i.X_fast[7]:CLK
  To:   Rattlesnake_0/PulseRain_Rattlesnake_MCU_i.PulseRain_Rattlesnake_core_i.Rattlesnake_controller_i.exception_PC[10]:EN
  Delay (ns):              8.504
  Slack (ns):              4.980
  Arrival (ns):           12.959
  Required (ns):          17.939

Path 47
  From: Rattlesnake_0/PulseRain_Rattlesnake_MCU_i.PulseRain_Rattlesnake_core_i.Rattlesnake_execution_unit_i.IR_out[25]:CLK
  To:   Rattlesnake_0/PulseRain_Rattlesnake_MCU_i.mem_controller_i.genblk1.ram_low_i.gen_if_proc.gen_for_proc_2nd[1].ram_9bit_2nd.mem_mem_0_2/INST_RAM1K18_IP:A_WEN[0]
  Delay (ns):              8.559
  Slack (ns):              4.981
  Arrival (ns):           12.986
  Required (ns):          17.967

Path 48
  From: Rattlesnake_0/PulseRain_Rattlesnake_MCU_i.PulseRain_Rattlesnake_core_i.Rattlesnake_execution_unit_i.IR_out[24]:CLK
  To:   Rattlesnake_0/PulseRain_Rattlesnake_MCU_i.mem_controller_i.genblk1.ram_low_i.gen_if_proc.gen_for_proc_1st[1].ram_9bit_1st.mem_mem_0_4/INST_RAM1K18_IP:A_WEN[0]
  Delay (ns):              8.520
  Slack (ns):              4.984
  Arrival (ns):           12.947
  Required (ns):          17.931

Path 49
  From: Rattlesnake_0/PulseRain_Rattlesnake_MCU_i.PulseRain_Rattlesnake_core_i.Rattlesnake_execution_unit_i.X_fast[7]:CLK
  To:   Rattlesnake_0/PulseRain_Rattlesnake_MCU_i.PulseRain_Rattlesnake_core_i.Rattlesnake_controller_i.exception_PC[11]:EN
  Delay (ns):              8.504
  Slack (ns):              4.987
  Arrival (ns):           12.959
  Required (ns):          17.946

Path 50
  From: Rattlesnake_0/PulseRain_Rattlesnake_MCU_i.PulseRain_Rattlesnake_core_i.Rattlesnake_execution_unit_i.X_fast[7]:CLK
  To:   Rattlesnake_0/PulseRain_Rattlesnake_MCU_i.PulseRain_Rattlesnake_core_i.Rattlesnake_controller_i.exception_PC[18]:EN
  Delay (ns):              8.504
  Slack (ns):              4.988
  Arrival (ns):           12.959
  Required (ns):          17.947

Path 51
  From: Rattlesnake_0/PulseRain_Rattlesnake_MCU_i.PulseRain_Rattlesnake_core_i.Rattlesnake_execution_unit_i.X_fast[7]:CLK
  To:   Rattlesnake_0/PulseRain_Rattlesnake_MCU_i.PulseRain_Rattlesnake_core_i.Rattlesnake_controller_i.exception_PC[13]:EN
  Delay (ns):              8.504
  Slack (ns):              4.989
  Arrival (ns):           12.959
  Required (ns):          17.948

Path 52
  From: Rattlesnake_0/PulseRain_Rattlesnake_MCU_i.PulseRain_Rattlesnake_core_i.Rattlesnake_execution_unit_i.Y_fast[4]:CLK
  To:   Rattlesnake_0/PulseRain_Rattlesnake_MCU_i.PulseRain_Rattlesnake_core_i.Rattlesnake_controller_i.exception_PC[30]:D
  Delay (ns):              8.555
  Slack (ns):              4.989
  Arrival (ns):           13.016
  Required (ns):          18.005

Path 53
  From: Rattlesnake_0/PulseRain_Rattlesnake_MCU_i.PulseRain_Rattlesnake_core_i.Rattlesnake_execution_unit_i.X_fast[7]:CLK
  To:   Rattlesnake_0/PulseRain_Rattlesnake_MCU_i.PulseRain_Rattlesnake_core_i.Rattlesnake_controller_i.exception_PC[15]:EN
  Delay (ns):              8.504
  Slack (ns):              4.991
  Arrival (ns):           12.959
  Required (ns):          17.950

Path 54
  From: Rattlesnake_0/PulseRain_Rattlesnake_MCU_i.PulseRain_Rattlesnake_core_i.Rattlesnake_execution_unit_i.X_fast[1]:CLK
  To:   Rattlesnake_0/PulseRain_Rattlesnake_MCU_i.mem_controller_i.genblk1.ram_low_i.gen_if_proc.gen_for_proc_2nd[1].ram_9bit_2nd.mem_mem_0_2/INST_RAM1K18_IP:A_WEN[0]
  Delay (ns):              8.569
  Slack (ns):              4.993
  Arrival (ns):           12.974
  Required (ns):          17.967

Path 55
  From: Rattlesnake_0/PulseRain_Rattlesnake_MCU_i.PulseRain_Rattlesnake_core_i.Rattlesnake_execution_unit_i.X_fast[7]:CLK
  To:   Rattlesnake_0/PulseRain_Rattlesnake_MCU_i.PulseRain_Rattlesnake_core_i.Rattlesnake_controller_i.exception_PC[19]:EN
  Delay (ns):              8.504
  Slack (ns):              4.993
  Arrival (ns):           12.959
  Required (ns):          17.952

Path 56
  From: Rattlesnake_0/PulseRain_Rattlesnake_MCU_i.PulseRain_Rattlesnake_core_i.Rattlesnake_execution_unit_i.X_0_rep1:CLK
  To:   Rattlesnake_0/PulseRain_Rattlesnake_MCU_i.mem_controller_i.genblk1.ram_low_i.gen_if_proc.gen_for_proc_1st[1].ram_9bit_1st.mem_mem_0_3/INST_RAM1K18_IP:A_WEN[0]
  Delay (ns):              8.483
  Slack (ns):              5.001
  Arrival (ns):           12.929
  Required (ns):          17.930

Path 57
  From: Rattlesnake_0/PulseRain_Rattlesnake_MCU_i.PulseRain_Rattlesnake_core_i.Rattlesnake_execution_unit_i.X_15_rep1:CLK
  To:   Rattlesnake_0/PulseRain_Rattlesnake_MCU_i.PulseRain_Rattlesnake_core_i.Rattlesnake_controller_i.exception_PC[10]:EN
  Delay (ns):              8.497
  Slack (ns):              5.002
  Arrival (ns):           12.937
  Required (ns):          17.939

Path 58
  From: Rattlesnake_0/PulseRain_Rattlesnake_MCU_i.PulseRain_Rattlesnake_core_i.Rattlesnake_execution_unit_i.X_fast[6]:CLK
  To:   Rattlesnake_0/PulseRain_Rattlesnake_MCU_i.mem_controller_i.genblk1.ram_low_i.gen_if_proc.gen_for_proc_1st[1].ram_9bit_1st.mem_mem_0_4/INST_RAM1K18_IP:A_ADDR[12]
  Delay (ns):              8.880
  Slack (ns):              5.005
  Arrival (ns):           13.324
  Required (ns):          18.329

Path 59
  From: Rattlesnake_0/PulseRain_Rattlesnake_MCU_i.PulseRain_Rattlesnake_core_i.Rattlesnake_execution_unit_i.X_15_rep1:CLK
  To:   Rattlesnake_0/PulseRain_Rattlesnake_MCU_i.PulseRain_Rattlesnake_core_i.Rattlesnake_controller_i.exception_PC[11]:EN
  Delay (ns):              8.497
  Slack (ns):              5.009
  Arrival (ns):           12.937
  Required (ns):          17.946

Path 60
  From: Rattlesnake_0/PulseRain_Rattlesnake_MCU_i.PulseRain_Rattlesnake_core_i.Rattlesnake_execution_unit_i.X_15_rep1:CLK
  To:   Rattlesnake_0/PulseRain_Rattlesnake_MCU_i.PulseRain_Rattlesnake_core_i.Rattlesnake_controller_i.exception_PC[18]:EN
  Delay (ns):              8.497
  Slack (ns):              5.010
  Arrival (ns):           12.937
  Required (ns):          17.947

Path 61
  From: Rattlesnake_0/PulseRain_Rattlesnake_MCU_i.PulseRain_Rattlesnake_core_i.Rattlesnake_execution_unit_i.X_15_rep1:CLK
  To:   Rattlesnake_0/PulseRain_Rattlesnake_MCU_i.PulseRain_Rattlesnake_core_i.Rattlesnake_controller_i.exception_PC[13]:EN
  Delay (ns):              8.497
  Slack (ns):              5.011
  Arrival (ns):           12.937
  Required (ns):          17.948

Path 62
  From: Rattlesnake_0/PulseRain_Rattlesnake_MCU_i.PulseRain_Rattlesnake_core_i.Rattlesnake_execution_unit_i.X_fast[4]:CLK
  To:   Rattlesnake_0/PulseRain_Rattlesnake_MCU_i.mem_controller_i.genblk1.ram_low_i.gen_if_proc.gen_for_proc_1st[1].ram_9bit_1st.mem_mem_0_4/INST_RAM1K18_IP:A_ADDR[11]
  Delay (ns):              8.837
  Slack (ns):              5.011
  Arrival (ns):           13.293
  Required (ns):          18.304

Path 63
  From: Rattlesnake_0/PulseRain_Rattlesnake_MCU_i.PulseRain_Rattlesnake_core_i.Rattlesnake_execution_unit_i.X_15_rep1:CLK
  To:   Rattlesnake_0/PulseRain_Rattlesnake_MCU_i.PulseRain_Rattlesnake_core_i.Rattlesnake_controller_i.exception_PC[15]:EN
  Delay (ns):              8.497
  Slack (ns):              5.013
  Arrival (ns):           12.937
  Required (ns):          17.950

Path 64
  From: Rattlesnake_0/PulseRain_Rattlesnake_MCU_i.PulseRain_Rattlesnake_core_i.Rattlesnake_execution_unit_i.X_0_rep1:CLK
  To:   Rattlesnake_0/PulseRain_Rattlesnake_MCU_i.mem_controller_i.genblk1.ram_low_i.gen_if_proc.gen_for_proc_2nd[1].ram_9bit_2nd.mem_mem_0_0/INST_RAM1K18_IP:A_ADDR[11]
  Delay (ns):              8.853
  Slack (ns):              5.014
  Arrival (ns):           13.299
  Required (ns):          18.313

Path 65
  From: Rattlesnake_0/PulseRain_Rattlesnake_MCU_i.PulseRain_Rattlesnake_core_i.Rattlesnake_execution_unit_i.X_15_rep1:CLK
  To:   Rattlesnake_0/PulseRain_Rattlesnake_MCU_i.PulseRain_Rattlesnake_core_i.Rattlesnake_controller_i.exception_PC[19]:EN
  Delay (ns):              8.497
  Slack (ns):              5.015
  Arrival (ns):           12.937
  Required (ns):          17.952

Path 66
  From: Rattlesnake_0/PulseRain_Rattlesnake_MCU_i.PulseRain_Rattlesnake_core_i.Rattlesnake_execution_unit_i.X_fast[4]:CLK
  To:   Rattlesnake_0/PulseRain_Rattlesnake_MCU_i.mem_controller_i.genblk1.ram_low_i.gen_if_proc.gen_for_proc_1st[1].ram_9bit_1st.mem_mem_0_3/INST_RAM1K18_IP:A_WEN[0]
  Delay (ns):              8.459
  Slack (ns):              5.015
  Arrival (ns):           12.915
  Required (ns):          17.930

Path 67
  From: Rattlesnake_0/PulseRain_Rattlesnake_MCU_i.PulseRain_Rattlesnake_core_i.Rattlesnake_execution_unit_i.IR_out[25]:CLK
  To:   Rattlesnake_0/PulseRain_Rattlesnake_MCU_i.mem_controller_i.genblk1.ram_low_i.gen_if_proc.gen_for_proc_2nd[1].ram_9bit_2nd.mem_mem_0_1/INST_RAM1K18_IP:A_WEN[0]
  Delay (ns):              8.519
  Slack (ns):              5.019
  Arrival (ns):           12.946
  Required (ns):          17.965

Path 68
  From: Rattlesnake_0/PulseRain_Rattlesnake_MCU_i.PulseRain_Rattlesnake_core_i.Rattlesnake_execution_unit_i.X_fast[3]:CLK
  To:   Rattlesnake_0/PulseRain_Rattlesnake_MCU_i.mem_controller_i.genblk1.ram_low_i.gen_if_proc.gen_for_proc_1st[1].ram_9bit_1st.mem_mem_0_4/INST_RAM1K18_IP:A_ADDR[12]
  Delay (ns):              8.870
  Slack (ns):              5.020
  Arrival (ns):           13.309
  Required (ns):          18.329

Path 69
  From: Rattlesnake_0/PulseRain_Rattlesnake_MCU_i.PulseRain_Rattlesnake_core_i.Rattlesnake_execution_unit_i.X_fast[5]:CLK
  To:   Rattlesnake_0/PulseRain_Rattlesnake_MCU_i.mem_controller_i.genblk1.ram_low_i.gen_if_proc.gen_for_proc_1st[1].ram_9bit_1st.mem_mem_0_4/INST_RAM1K18_IP:A_ADDR[11]
  Delay (ns):              8.830
  Slack (ns):              5.028
  Arrival (ns):           13.276
  Required (ns):          18.304

Path 70
  From: Rattlesnake_0/PulseRain_Rattlesnake_MCU_i.PulseRain_Rattlesnake_core_i.Rattlesnake_execution_unit_i.X_fast[1]:CLK
  To:   Rattlesnake_0/PulseRain_Rattlesnake_MCU_i.mem_controller_i.genblk1.ram_low_i.gen_if_proc.gen_for_proc_2nd[1].ram_9bit_2nd.mem_mem_0_1/INST_RAM1K18_IP:A_WEN[0]
  Delay (ns):              8.529
  Slack (ns):              5.031
  Arrival (ns):           12.934
  Required (ns):          17.965

Path 71
  From: Rattlesnake_0/PulseRain_Rattlesnake_MCU_i.PulseRain_Rattlesnake_core_i.Rattlesnake_execution_unit_i.X_fast[5]:CLK
  To:   Rattlesnake_0/PulseRain_Rattlesnake_MCU_i.mem_controller_i.genblk1.ram_low_i.gen_if_proc.gen_for_proc_1st[1].ram_9bit_1st.mem_mem_0_3/INST_RAM1K18_IP:A_WEN[0]
  Delay (ns):              8.452
  Slack (ns):              5.032
  Arrival (ns):           12.898
  Required (ns):          17.930

Path 72
  From: Rattlesnake_0/PulseRain_Rattlesnake_MCU_i.PulseRain_Rattlesnake_core_i.Rattlesnake_execution_unit_i.IR_out[20]:CLK
  To:   Rattlesnake_0/PulseRain_Rattlesnake_MCU_i.mem_controller_i.genblk1.ram_low_i.gen_if_proc.gen_for_proc_2nd[1].ram_9bit_2nd.mem_mem_0_2/INST_RAM1K18_IP:A_WEN[0]
  Delay (ns):              8.489
  Slack (ns):              5.038
  Arrival (ns):           12.929
  Required (ns):          17.967

Path 73
  From: Rattlesnake_0/PulseRain_Rattlesnake_MCU_i.PulseRain_Rattlesnake_core_i.Rattlesnake_execution_unit_i.X_fast[8]:CLK
  To:   Rattlesnake_0/PulseRain_Rattlesnake_MCU_i.mem_controller_i.genblk1.ram_low_i.gen_if_proc.gen_for_proc_1st[1].ram_9bit_1st.mem_mem_0_4/INST_RAM1K18_IP:A_WEN[0]
  Delay (ns):              8.436
  Slack (ns):              5.040
  Arrival (ns):           12.891
  Required (ns):          17.931

Path 74
  From: Rattlesnake_0/PulseRain_Rattlesnake_MCU_i.PulseRain_Rattlesnake_core_i.Rattlesnake_execution_unit_i.X_fast[7]:CLK
  To:   Rattlesnake_0/PulseRain_Rattlesnake_MCU_i.PulseRain_Rattlesnake_core_i.Rattlesnake_controller_i.exception_PC[31]:D
  Delay (ns):              8.507
  Slack (ns):              5.043
  Arrival (ns):           12.962
  Required (ns):          18.005

Path 75
  From: Rattlesnake_0/PulseRain_Rattlesnake_MCU_i.PulseRain_Rattlesnake_core_i.Rattlesnake_execution_unit_i.X_9_rep1:CLK
  To:   Rattlesnake_0/PulseRain_Rattlesnake_MCU_i.mem_controller_i.genblk1.ram_low_i.gen_if_proc.gen_for_proc_2nd[1].ram_9bit_2nd.mem_mem_0_2/INST_RAM1K18_IP:A_WEN[0]
  Delay (ns):              8.479
  Slack (ns):              5.044
  Arrival (ns):           12.923
  Required (ns):          17.967

Path 76
  From: Rattlesnake_0/PulseRain_Rattlesnake_MCU_i.PulseRain_Rattlesnake_core_i.Rattlesnake_execution_unit_i.X_fast[7]:CLK
  To:   Rattlesnake_0/PulseRain_Rattlesnake_MCU_i.PulseRain_Rattlesnake_core_i.Rattlesnake_controller_i.exception_PC[27]:D
  Delay (ns):              8.514
  Slack (ns):              5.047
  Arrival (ns):           12.969
  Required (ns):          18.016

Path 77
  From: Rattlesnake_0/PulseRain_Rattlesnake_MCU_i.PulseRain_Rattlesnake_core_i.Rattlesnake_execution_unit_i.Y_fast[4]:CLK
  To:   Rattlesnake_0/PulseRain_Rattlesnake_MCU_i.PulseRain_Rattlesnake_core_i.Rattlesnake_controller_i.exception_addr[4]:D
  Delay (ns):              8.497
  Slack (ns):              5.047
  Arrival (ns):           12.958
  Required (ns):          18.005

Path 78
  From: Rattlesnake_0/PulseRain_Rattlesnake_MCU_i.PulseRain_Rattlesnake_core_i.Rattlesnake_execution_unit_i.X_0_rep1:CLK
  To:   Rattlesnake_0/PulseRain_Rattlesnake_MCU_i.mem_controller_i.genblk1.ram_low_i.gen_if_proc.gen_for_proc_2nd[1].ram_9bit_2nd.mem_mem_0_1/INST_RAM1K18_IP:A_ADDR[13]
  Delay (ns):              8.826
  Slack (ns):              5.052
  Arrival (ns):           13.272
  Required (ns):          18.324

Path 79
  From: Rattlesnake_0/PulseRain_Rattlesnake_MCU_i.PulseRain_Rattlesnake_core_i.Rattlesnake_execution_unit_i.IR_out[26]:CLK
  To:   Rattlesnake_0/PulseRain_Rattlesnake_MCU_i.mem_controller_i.genblk1.ram_low_i.gen_if_proc.gen_for_proc_2nd[1].ram_9bit_2nd.mem_mem_0_2/INST_RAM1K18_IP:A_WEN[0]
  Delay (ns):              8.480
  Slack (ns):              5.056
  Arrival (ns):           12.911
  Required (ns):          17.967

Path 80
  From: Rattlesnake_0/PulseRain_Rattlesnake_MCU_i.PulseRain_Rattlesnake_core_i.Rattlesnake_execution_unit_i.X_0_rep1:CLK
  To:   Rattlesnake_0/PulseRain_Rattlesnake_MCU_i.mem_controller_i.genblk1.ram_low_i.gen_if_proc.gen_for_proc_2nd[1].ram_9bit_2nd.mem_mem_0_2/INST_RAM1K18_IP:A_ADDR[11]
  Delay (ns):              8.819
  Slack (ns):              5.057
  Arrival (ns):           13.265
  Required (ns):          18.322

Path 81
  From: Rattlesnake_0/PulseRain_Rattlesnake_MCU_i.PulseRain_Rattlesnake_core_i.Rattlesnake_execution_unit_i.X_fast[7]:CLK
  To:   Rattlesnake_0/PulseRain_Rattlesnake_MCU_i.mem_controller_i.genblk1.ram_low_i.gen_if_proc.gen_for_proc_1st[1].ram_9bit_1st.mem_mem_0_4/INST_RAM1K18_IP:A_WEN[0]
  Delay (ns):              8.416
  Slack (ns):              5.060
  Arrival (ns):           12.871
  Required (ns):          17.931

Path 82
  From: Rattlesnake_0/PulseRain_Rattlesnake_MCU_i.PulseRain_Rattlesnake_core_i.Rattlesnake_execution_unit_i.X_15_rep1:CLK
  To:   Rattlesnake_0/PulseRain_Rattlesnake_MCU_i.PulseRain_Rattlesnake_core_i.Rattlesnake_controller_i.exception_PC[31]:D
  Delay (ns):              8.500
  Slack (ns):              5.065
  Arrival (ns):           12.940
  Required (ns):          18.005

Path 83
  From: Rattlesnake_0/PulseRain_Rattlesnake_MCU_i.PulseRain_Rattlesnake_core_i.Rattlesnake_execution_unit_i.X_15_rep1:CLK
  To:   Rattlesnake_0/PulseRain_Rattlesnake_MCU_i.PulseRain_Rattlesnake_core_i.Rattlesnake_controller_i.exception_PC[27]:D
  Delay (ns):              8.507
  Slack (ns):              5.069
  Arrival (ns):           12.947
  Required (ns):          18.016

Path 84
  From: Rattlesnake_0/PulseRain_Rattlesnake_MCU_i.PulseRain_Rattlesnake_core_i.Rattlesnake_execution_unit_i.X_fast[4]:CLK
  To:   Rattlesnake_0/PulseRain_Rattlesnake_MCU_i.PulseRain_Rattlesnake_core_i.Rattlesnake_block_write_detect_i.mem_addr_blk_wr_start_i[10]:EN
  Delay (ns):              8.422
  Slack (ns):              5.070
  Arrival (ns):           12.878
  Required (ns):          17.948

Path 85
  From: Rattlesnake_0/PulseRain_Rattlesnake_MCU_i.PulseRain_Rattlesnake_core_i.Rattlesnake_execution_unit_i.X_fast[4]:CLK
  To:   Rattlesnake_0/PulseRain_Rattlesnake_MCU_i.PulseRain_Rattlesnake_core_i.Rattlesnake_block_write_detect_i.mem_addr_blk_wr_start_i[11]:EN
  Delay (ns):              8.422
  Slack (ns):              5.070
  Arrival (ns):           12.878
  Required (ns):          17.948

Path 86
  From: Rattlesnake_0/PulseRain_Rattlesnake_MCU_i.PulseRain_Rattlesnake_core_i.Rattlesnake_execution_unit_i.X_fast[4]:CLK
  To:   Rattlesnake_0/PulseRain_Rattlesnake_MCU_i.PulseRain_Rattlesnake_core_i.Rattlesnake_block_write_detect_i.mem_addr_blk_wr_start_i[3]:EN
  Delay (ns):              8.422
  Slack (ns):              5.070
  Arrival (ns):           12.878
  Required (ns):          17.948

Path 87
  From: Rattlesnake_0/PulseRain_Rattlesnake_MCU_i.PulseRain_Rattlesnake_core_i.Rattlesnake_execution_unit_i.Y_fast[4]:CLK
  To:   Rattlesnake_0/PulseRain_Rattlesnake_MCU_i.PulseRain_Rattlesnake_core_i.Rattlesnake_controller_i.exception_PC[10]:EN
  Delay (ns):              8.408
  Slack (ns):              5.070
  Arrival (ns):           12.869
  Required (ns):          17.939

Path 88
  From: Rattlesnake_0/PulseRain_Rattlesnake_MCU_i.PulseRain_Rattlesnake_core_i.Rattlesnake_execution_unit_i.IR_out[20]:CLK
  To:   Rattlesnake_0/PulseRain_Rattlesnake_MCU_i.mem_controller_i.genblk1.ram_low_i.gen_if_proc.gen_for_proc_2nd[1].ram_9bit_2nd.mem_mem_0_1/INST_RAM1K18_IP:A_WEN[0]
  Delay (ns):              8.449
  Slack (ns):              5.076
  Arrival (ns):           12.889
  Required (ns):          17.965

Path 89
  From: Rattlesnake_0/PulseRain_Rattlesnake_MCU_i.PulseRain_Rattlesnake_core_i.Rattlesnake_execution_unit_i.X_0_rep1:CLK
  To:   Rattlesnake_0/PulseRain_Rattlesnake_MCU_i.mem_controller_i.genblk1.ram_low_i.gen_if_proc.gen_for_proc_1st[1].ram_9bit_1st.mem_mem_0_4/INST_RAM1K18_IP:A_ADDR[7]
  Delay (ns):              8.833
  Slack (ns):              5.076
  Arrival (ns):           13.279
  Required (ns):          18.355

Path 90
  From: Rattlesnake_0/PulseRain_Rattlesnake_MCU_i.PulseRain_Rattlesnake_core_i.Rattlesnake_execution_unit_i.Y_fast[4]:CLK
  To:   Rattlesnake_0/PulseRain_Rattlesnake_MCU_i.PulseRain_Rattlesnake_core_i.Rattlesnake_controller_i.exception_PC[11]:EN
  Delay (ns):              8.408
  Slack (ns):              5.077
  Arrival (ns):           12.869
  Required (ns):          17.946

Path 91
  From: Rattlesnake_0/PulseRain_Rattlesnake_MCU_i.PulseRain_Rattlesnake_core_i.Rattlesnake_execution_unit_i.Y_fast[4]:CLK
  To:   Rattlesnake_0/PulseRain_Rattlesnake_MCU_i.PulseRain_Rattlesnake_core_i.Rattlesnake_controller_i.exception_PC[18]:EN
  Delay (ns):              8.408
  Slack (ns):              5.078
  Arrival (ns):           12.869
  Required (ns):          17.947

Path 92
  From: Rattlesnake_0/PulseRain_Rattlesnake_MCU_i.PulseRain_Rattlesnake_core_i.Rattlesnake_execution_unit_i.Y_fast[4]:CLK
  To:   Rattlesnake_0/PulseRain_Rattlesnake_MCU_i.PulseRain_Rattlesnake_core_i.Rattlesnake_controller_i.exception_PC[13]:EN
  Delay (ns):              8.408
  Slack (ns):              5.079
  Arrival (ns):           12.869
  Required (ns):          17.948

Path 93
  From: Rattlesnake_0/PulseRain_Rattlesnake_MCU_i.PulseRain_Rattlesnake_core_i.Rattlesnake_execution_unit_i.Y_fast[4]:CLK
  To:   Rattlesnake_0/PulseRain_Rattlesnake_MCU_i.PulseRain_Rattlesnake_core_i.Rattlesnake_controller_i.exception_PC[15]:EN
  Delay (ns):              8.408
  Slack (ns):              5.081
  Arrival (ns):           12.869
  Required (ns):          17.950

Path 94
  From: Rattlesnake_0/PulseRain_Rattlesnake_MCU_i.PulseRain_Rattlesnake_core_i.Rattlesnake_execution_unit_i.X_9_rep1:CLK
  To:   Rattlesnake_0/PulseRain_Rattlesnake_MCU_i.mem_controller_i.genblk1.ram_low_i.gen_if_proc.gen_for_proc_2nd[1].ram_9bit_2nd.mem_mem_0_1/INST_RAM1K18_IP:A_WEN[0]
  Delay (ns):              8.439
  Slack (ns):              5.082
  Arrival (ns):           12.883
  Required (ns):          17.965

Path 95
  From: Rattlesnake_0/PulseRain_Rattlesnake_MCU_i.PulseRain_Rattlesnake_core_i.Rattlesnake_execution_unit_i.Y_fast[4]:CLK
  To:   Rattlesnake_0/PulseRain_Rattlesnake_MCU_i.PulseRain_Rattlesnake_core_i.Rattlesnake_controller_i.exception_PC[19]:EN
  Delay (ns):              8.408
  Slack (ns):              5.083
  Arrival (ns):           12.869
  Required (ns):          17.952

Path 96
  From: Rattlesnake_0/PulseRain_Rattlesnake_MCU_i.PulseRain_Rattlesnake_core_i.Rattlesnake_execution_unit_i.X_fast[4]:CLK
  To:   Rattlesnake_0/PulseRain_Rattlesnake_MCU_i.PulseRain_Rattlesnake_core_i.Rattlesnake_block_write_detect_i.mem_addr_blk_wr_start_i[0]:EN
  Delay (ns):              8.422
  Slack (ns):              5.084
  Arrival (ns):           12.878
  Required (ns):          17.962

Path 97
  From: Rattlesnake_0/PulseRain_Rattlesnake_MCU_i.PulseRain_Rattlesnake_core_i.Rattlesnake_execution_unit_i.X_fast[4]:CLK
  To:   Rattlesnake_0/PulseRain_Rattlesnake_MCU_i.PulseRain_Rattlesnake_core_i.Rattlesnake_block_write_detect_i.mem_addr_blk_wr_start_i[14]:EN
  Delay (ns):              8.422
  Slack (ns):              5.084
  Arrival (ns):           12.878
  Required (ns):          17.962

Path 98
  From: Rattlesnake_0/PulseRain_Rattlesnake_MCU_i.PulseRain_Rattlesnake_core_i.Rattlesnake_execution_unit_i.X_fast[4]:CLK
  To:   Rattlesnake_0/PulseRain_Rattlesnake_MCU_i.PulseRain_Rattlesnake_core_i.Rattlesnake_block_write_detect_i.mem_addr_blk_wr_start_i[4]:EN
  Delay (ns):              8.422
  Slack (ns):              5.084
  Arrival (ns):           12.878
  Required (ns):          17.962

Path 99
  From: Rattlesnake_0/PulseRain_Rattlesnake_MCU_i.PulseRain_Rattlesnake_core_i.Rattlesnake_execution_unit_i.X_fast[4]:CLK
  To:   Rattlesnake_0/PulseRain_Rattlesnake_MCU_i.PulseRain_Rattlesnake_core_i.Rattlesnake_block_write_detect_i.mem_addr_blk_wr_start_i[7]:EN
  Delay (ns):              8.422
  Slack (ns):              5.084
  Arrival (ns):           12.878
  Required (ns):          17.962

Path 100
  From: Rattlesnake_0/PulseRain_Rattlesnake_MCU_i.PulseRain_Rattlesnake_core_i.Rattlesnake_execution_unit_i.X_fast[4]:CLK
  To:   Rattlesnake_0/PulseRain_Rattlesnake_MCU_i.PulseRain_Rattlesnake_core_i.Rattlesnake_block_write_detect_i.mem_addr_blk_wr_start_i[9]:EN
  Delay (ns):              8.422
  Slack (ns):              5.084
  Arrival (ns):           12.878
  Required (ns):          17.962

