Timing Violation Report Min Delay Analysis

SmartTime Version v12.1
Microsemi Corporation - Microsemi Libero Software Release v12.1 (Version 12.600.0.14)
Date: Thu Aug 29 20:01:07 2019


Design: creative
Family: IGLOO2
Die: M2GL025
Package: 256 VF
Temperature Range: 0 - 85 C
Voltage Range: 1.14 - 1.26 V
Speed Grade: STD
Design State: Post-Layout
Data source: Production
Min Operating Conditions: BEST - 1.26 V - 0 C
Max Operating Conditions: WORST - 1.14 V - 85 C
Scenario for Timing Analysis: timing_analysis


Path 1
  From: Rattlesnake_0/PulseRain_Rattlesnake_MCU_i.PulseRain_Rattlesnake_core_i.Rattlesnake_fetch_instruction_i.PC_out_1[26]:CLK
  To:   Rattlesnake_0/PulseRain_Rattlesnake_MCU_i.PulseRain_Rattlesnake_core_i.Rattlesnake_instruction_decode_i.PC_out[26]:D
  Delay (ns):              0.316
  Slack (ns):              0.297
  Arrival (ns):            2.814
  Required (ns):           2.517

Path 2
  From: Rattlesnake_0/PulseRain_Rattlesnake_MCU_i.mem_controller_i.mem_read_addr_reg[1]:CLK
  To:   Rattlesnake_0/PulseRain_Rattlesnake_MCU_i.PulseRain_Rattlesnake_core_i.Rattlesnake_fetch_instruction_i.C_extension_i.mem_addr_ack_out[1]:D
  Delay (ns):              0.316
  Slack (ns):              0.297
  Arrival (ns):            2.819
  Required (ns):           2.522

Path 3
  From: Rattlesnake_0/ocd_i.debug_coprocessor_i.cpu_start_addr[13]:CLK
  To:   Rattlesnake_0/actual_start_addr[13]:D
  Delay (ns):              0.316
  Slack (ns):              0.297
  Arrival (ns):            2.807
  Required (ns):           2.510

Path 4
  From: Rattlesnake_0/ocd_i.debug_coprocessor_i.cpu_start_addr[1]:CLK
  To:   Rattlesnake_0/actual_start_addr[1]:D
  Delay (ns):              0.316
  Slack (ns):              0.297
  Arrival (ns):            2.807
  Required (ns):           2.510

Path 5
  From: Rattlesnake_0/PulseRain_Rattlesnake_MCU_i.PulseRain_Rattlesnake_core_i.Rattlesnake_fetch_instruction_i.PC_out_1[13]:CLK
  To:   Rattlesnake_0/PulseRain_Rattlesnake_MCU_i.PulseRain_Rattlesnake_core_i.Rattlesnake_instruction_decode_i.PC_out[13]:D
  Delay (ns):              0.312
  Slack (ns):              0.301
  Arrival (ns):            2.823
  Required (ns):           2.522

Path 6
  From: Rattlesnake_0/PulseRain_Rattlesnake_MCU_i.PulseRain_Rattlesnake_core_i.Rattlesnake_fetch_instruction_i.PC_out_1[4]:CLK
  To:   Rattlesnake_0/PulseRain_Rattlesnake_MCU_i.PulseRain_Rattlesnake_core_i.Rattlesnake_instruction_decode_i.PC_out[4]:D
  Delay (ns):              0.320
  Slack (ns):              0.301
  Arrival (ns):            2.818
  Required (ns):           2.517

Path 7
  From: Rattlesnake_0/PulseRain_Rattlesnake_MCU_i.PulseRain_Rattlesnake_core_i.Rattlesnake_controller_i.mem_read_addr_d1[11]:CLK
  To:   Rattlesnake_0/PulseRain_Rattlesnake_MCU_i.PulseRain_Rattlesnake_core_i.Rattlesnake_controller_i.exception_addr_ret_156[11]:D
  Delay (ns):              0.313
  Slack (ns):              0.302
  Arrival (ns):            2.820
  Required (ns):           2.518

Path 8
  From: Rattlesnake_0/PulseRain_Rattlesnake_MCU_i.PulseRain_Rattlesnake_core_i.Rattlesnake_fetch_instruction_i.C_extension_i.mem_addr_ack_out[10]:CLK
  To:   Rattlesnake_0/PulseRain_Rattlesnake_MCU_i.PulseRain_Rattlesnake_core_i.Rattlesnake_fetch_instruction_i.PC_out_1[11]:D
  Delay (ns):              0.321
  Slack (ns):              0.302
  Arrival (ns):            2.819
  Required (ns):           2.517

Path 9
  From: Rattlesnake_0/PulseRain_Rattlesnake_MCU_i.PulseRain_Rattlesnake_core_i.Rattlesnake_fetch_instruction_i.PC_out_1[1]:CLK
  To:   Rattlesnake_0/PulseRain_Rattlesnake_MCU_i.PulseRain_Rattlesnake_core_i.Rattlesnake_instruction_decode_i.PC_out[1]:D
  Delay (ns):              0.313
  Slack (ns):              0.303
  Arrival (ns):            2.812
  Required (ns):           2.509

Path 10
  From: Rattlesnake_0/PulseRain_Rattlesnake_MCU_i.PulseRain_Rattlesnake_core_i.Rattlesnake_fetch_instruction_i.PC_out_1[20]:CLK
  To:   Rattlesnake_0/PulseRain_Rattlesnake_MCU_i.PulseRain_Rattlesnake_core_i.Rattlesnake_instruction_decode_i.PC_out[20]:D
  Delay (ns):              0.313
  Slack (ns):              0.303
  Arrival (ns):            2.824
  Required (ns):           2.521

Path 11
  From: Rattlesnake_0/PulseRain_Rattlesnake_MCU_i.PulseRain_Rattlesnake_core_i.Rattlesnake_fetch_instruction_i.IR_out[7]:CLK
  To:   Rattlesnake_0/PulseRain_Rattlesnake_MCU_i.PulseRain_Rattlesnake_core_i.Rattlesnake_instruction_decode_i.IR_out[7]:D
  Delay (ns):              0.323
  Slack (ns):              0.304
  Arrival (ns):            2.824
  Required (ns):           2.520

Path 12
  From: Rattlesnake_0/PulseRain_Rattlesnake_MCU_i.mem_controller_i.mem_read_addr_reg[9]:CLK
  To:   Rattlesnake_0/PulseRain_Rattlesnake_MCU_i.PulseRain_Rattlesnake_core_i.Rattlesnake_fetch_instruction_i.C_extension_i.mem_addr_ack_out[9]:D
  Delay (ns):              0.323
  Slack (ns):              0.304
  Arrival (ns):            2.811
  Required (ns):           2.507

Path 13
  From: Rattlesnake_0/actual_start_addr[12]:CLK
  To:   Rattlesnake_0/PulseRain_Rattlesnake_MCU_i.PulseRain_Rattlesnake_core_i.Rattlesnake_controller_i.fetch_start_addr_ret_0[11]:D
  Delay (ns):              0.323
  Slack (ns):              0.304
  Arrival (ns):            2.814
  Required (ns):           2.510

Path 14
  From: Rattlesnake_0/ocd_i.debug_coprocessor_i.cpu_start_addr[9]:CLK
  To:   Rattlesnake_0/actual_start_addr[9]:D
  Delay (ns):              0.323
  Slack (ns):              0.304
  Arrival (ns):            2.814
  Required (ns):           2.510

Path 15
  From: Rattlesnake_0/PulseRain_Rattlesnake_MCU_i.PulseRain_Rattlesnake_core_i.Rattlesnake_CSR_i.mtvec[30]:CLK
  To:   Rattlesnake_0/PulseRain_Rattlesnake_MCU_i.PulseRain_Rattlesnake_core_i.Rattlesnake_controller_i.fetch_start_addr_ret_161[30]:D
  Delay (ns):              0.323
  Slack (ns):              0.305
  Arrival (ns):            2.810
  Required (ns):           2.505

Path 16
  From: Rattlesnake_0/PulseRain_Rattlesnake_MCU_i.PulseRain_Rattlesnake_core_i.Rattlesnake_fetch_instruction_i.PC_out_1[12]:CLK
  To:   Rattlesnake_0/PulseRain_Rattlesnake_MCU_i.PulseRain_Rattlesnake_core_i.Rattlesnake_instruction_decode_i.PC_out[12]:D
  Delay (ns):              0.323
  Slack (ns):              0.305
  Arrival (ns):            2.797
  Required (ns):           2.492

Path 17
  From: Rattlesnake_0/PulseRain_Rattlesnake_MCU_i.PulseRain_Rattlesnake_core_i.Rattlesnake_controller_i.mem_read_addr_d1[23]:CLK
  To:   Rattlesnake_0/PulseRain_Rattlesnake_MCU_i.PulseRain_Rattlesnake_core_i.Rattlesnake_controller_i.exception_addr_ret_156[23]:D
  Delay (ns):              0.318
  Slack (ns):              0.306
  Arrival (ns):            2.829
  Required (ns):           2.523

Path 18
  From: Rattlesnake_0/PulseRain_Rattlesnake_MCU_i.PulseRain_Rattlesnake_core_i.Rattlesnake_fetch_instruction_i.C_extension_i.instruction_out_1[9]:CLK
  To:   Rattlesnake_0/PulseRain_Rattlesnake_MCU_i.PulseRain_Rattlesnake_core_i.Rattlesnake_fetch_instruction_i.IR_out[9]:D
  Delay (ns):              0.316
  Slack (ns):              0.306
  Arrival (ns):            2.793
  Required (ns):           2.487

Path 19
  From: Rattlesnake_0/PulseRain_Rattlesnake_MCU_i.PulseRain_Rattlesnake_core_i.Rattlesnake_fetch_instruction_i.C_extension_i.mem_addr_ack_out[7]:CLK
  To:   Rattlesnake_0/PulseRain_Rattlesnake_MCU_i.PulseRain_Rattlesnake_core_i.Rattlesnake_fetch_instruction_i.PC_out_1[8]:D
  Delay (ns):              0.316
  Slack (ns):              0.306
  Arrival (ns):            2.787
  Required (ns):           2.481

Path 20
  From: Rattlesnake_0/PulseRain_Rattlesnake_MCU_i.PulseRain_Rattlesnake_core_i.Rattlesnake_fetch_instruction_i.PC_out_1[29]:CLK
  To:   Rattlesnake_0/PulseRain_Rattlesnake_MCU_i.PulseRain_Rattlesnake_core_i.Rattlesnake_instruction_decode_i.PC_out[29]:D
  Delay (ns):              0.316
  Slack (ns):              0.306
  Arrival (ns):            2.819
  Required (ns):           2.513

Path 21
  From: Rattlesnake_0/PulseRain_Rattlesnake_MCU_i.PulseRain_Rattlesnake_core_i.Rattlesnake_controller_i.fetch_init_active:CLK
  To:   Rattlesnake_0/PulseRain_Rattlesnake_MCU_i.PulseRain_Rattlesnake_core_i.Rattlesnake_controller_i.exception_PC_ret_1:D
  Delay (ns):              0.319
  Slack (ns):              0.307
  Arrival (ns):            2.817
  Required (ns):           2.510

Path 22
  From: Rattlesnake_0/PulseRain_Rattlesnake_MCU_i.PulseRain_Rattlesnake_core_i.Rattlesnake_execution_unit_i.genblk1.mul_div_32_i.long_slow_div_denom_reg_i.quotient_i[14]:CLK
  To:   Rattlesnake_0/PulseRain_Rattlesnake_MCU_i.PulseRain_Rattlesnake_core_i.Rattlesnake_execution_unit_i.genblk1.mul_div_32_i.long_slow_div_denom_reg_i.quotient_i[15]:D
  Delay (ns):              0.326
  Slack (ns):              0.307
  Arrival (ns):            2.832
  Required (ns):           2.525

Path 23
  From: Rattlesnake_0/PulseRain_Rattlesnake_MCU_i.PulseRain_Rattlesnake_core_i.Rattlesnake_execution_unit_i.genblk1.mul_div_32_i.long_slow_div_denom_reg_i.quotient_i[2]:CLK
  To:   Rattlesnake_0/PulseRain_Rattlesnake_MCU_i.PulseRain_Rattlesnake_core_i.Rattlesnake_execution_unit_i.genblk1.mul_div_32_i.long_slow_div_denom_reg_i.quotient_i[3]:D
  Delay (ns):              0.326
  Slack (ns):              0.307
  Arrival (ns):            2.832
  Required (ns):           2.525

Path 24
  From: Rattlesnake_0/PulseRain_Rattlesnake_MCU_i.PulseRain_Rattlesnake_core_i.Rattlesnake_fetch_instruction_i.PC_out_1[30]:CLK
  To:   Rattlesnake_0/PulseRain_Rattlesnake_MCU_i.PulseRain_Rattlesnake_core_i.Rattlesnake_instruction_decode_i.PC_out[30]:D
  Delay (ns):              0.325
  Slack (ns):              0.307
  Arrival (ns):            2.828
  Required (ns):           2.521

Path 25
  From: Rattlesnake_0/ocd_i.debug_coprocessor_i.cpu_start_addr[24]:CLK
  To:   Rattlesnake_0/actual_start_addr[24]:D
  Delay (ns):              0.318
  Slack (ns):              0.307
  Arrival (ns):            2.814
  Required (ns):           2.507

Path 26
  From: Rattlesnake_0/PulseRain_Rattlesnake_MCU_i.PulseRain_Rattlesnake_core_i.Rattlesnake_fetch_instruction_i.C_extension_i.instruction_out_1[3]:CLK
  To:   Rattlesnake_0/PulseRain_Rattlesnake_MCU_i.PulseRain_Rattlesnake_core_i.Rattlesnake_fetch_instruction_i.IR_out[3]:D
  Delay (ns):              0.325
  Slack (ns):              0.308
  Arrival (ns):            2.799
  Required (ns):           2.491

Path 27
  From: Rattlesnake_0/PulseRain_Rattlesnake_MCU_i.PulseRain_Rattlesnake_core_i.Rattlesnake_fetch_instruction_i.PC_out_1[21]:CLK
  To:   Rattlesnake_0/PulseRain_Rattlesnake_MCU_i.PulseRain_Rattlesnake_core_i.Rattlesnake_instruction_decode_i.PC_out[21]:D
  Delay (ns):              0.325
  Slack (ns):              0.308
  Arrival (ns):            2.818
  Required (ns):           2.510

Path 28
  From: Rattlesnake_0/ocd_i.debug_UART_i.UART_i.rxd_sr[0]:CLK
  To:   Rattlesnake_0/ocd_i.debug_UART_i.UART_i.rxd_sr[1]:D
  Delay (ns):              0.311
  Slack (ns):              0.308
  Arrival (ns):            2.793
  Required (ns):           2.485

Path 29
  From: Rattlesnake_0/PulseRain_Rattlesnake_MCU_i.PulseRain_Rattlesnake_core_i.Rattlesnake_controller_i.PC_load_store[26]:CLK
  To:   Rattlesnake_0/PulseRain_Rattlesnake_MCU_i.PulseRain_Rattlesnake_core_i.Rattlesnake_controller_i.exception_PC_ret_0[26]:D
  Delay (ns):              0.319
  Slack (ns):              0.309
  Arrival (ns):            2.824
  Required (ns):           2.515

Path 30
  From: Rattlesnake_0/PulseRain_Rattlesnake_MCU_i.PulseRain_Rattlesnake_core_i.Rattlesnake_execution_unit_i.PC_out[30]:CLK
  To:   Rattlesnake_0/PulseRain_Rattlesnake_MCU_i.PulseRain_Rattlesnake_core_i.Rattlesnake_controller_i.PC_load_store[30]:D
  Delay (ns):              0.327
  Slack (ns):              0.309
  Arrival (ns):            2.830
  Required (ns):           2.521

Path 31
  From: Rattlesnake_0/ocd_i.debug_coprocessor_i.cpu_start_addr[25]:CLK
  To:   Rattlesnake_0/actual_start_addr[25]:D
  Delay (ns):              0.320
  Slack (ns):              0.309
  Arrival (ns):            2.811
  Required (ns):           2.502

Path 32
  From: Rattlesnake_0/ocd_i.debug_coprocessor_i.data_in_sr[13]:CLK
  To:   Rattlesnake_0/ocd_i.debug_coprocessor_i.data_in_sr[21]:D
  Delay (ns):              0.320
  Slack (ns):              0.309
  Arrival (ns):            2.818
  Required (ns):           2.509

Path 33
  From: Rattlesnake_0/ocd_i.debug_coprocessor_i.data_in_sr[31]:CLK
  To:   Rattlesnake_0/ocd_i.debug_coprocessor_i.cpu_start_addr[15]:D
  Delay (ns):              0.319
  Slack (ns):              0.309
  Arrival (ns):            2.819
  Required (ns):           2.510

Path 34
  From: Rattlesnake_0/PulseRain_Rattlesnake_MCU_i.PulseRain_Rattlesnake_core_i.Rattlesnake_execution_unit_i.genblk1.mul_div_32_i.long_slow_div_denom_reg_i.quotient_i[26]:CLK
  To:   Rattlesnake_0/PulseRain_Rattlesnake_MCU_i.PulseRain_Rattlesnake_core_i.Rattlesnake_execution_unit_i.genblk1.mul_div_32_i.long_slow_div_denom_reg_i.quotient_i[27]:D
  Delay (ns):              0.326
  Slack (ns):              0.310
  Arrival (ns):            2.823
  Required (ns):           2.513

Path 35
  From: Rattlesnake_0/PulseRain_Rattlesnake_MCU_i.PulseRain_Rattlesnake_core_i.Rattlesnake_fetch_instruction_i.C_extension_i.mem_addr_ack_out[2]:CLK
  To:   Rattlesnake_0/PulseRain_Rattlesnake_MCU_i.PulseRain_Rattlesnake_core_i.Rattlesnake_fetch_instruction_i.PC_out_1[3]:D
  Delay (ns):              0.320
  Slack (ns):              0.310
  Arrival (ns):            2.823
  Required (ns):           2.513

Path 36
  From: Rattlesnake_0/PulseRain_Rattlesnake_MCU_i.PulseRain_Rattlesnake_core_i.Rattlesnake_fetch_instruction_i.PC_out_1[8]:CLK
  To:   Rattlesnake_0/PulseRain_Rattlesnake_MCU_i.PulseRain_Rattlesnake_core_i.Rattlesnake_instruction_decode_i.PC_out[8]:D
  Delay (ns):              0.320
  Slack (ns):              0.310
  Arrival (ns):            2.791
  Required (ns):           2.481

Path 37
  From: Rattlesnake_0/ocd_i.debug_coprocessor_i.cpu_start_addr[31]:CLK
  To:   Rattlesnake_0/actual_start_addr[31]:D
  Delay (ns):              0.312
  Slack (ns):              0.310
  Arrival (ns):            2.812
  Required (ns):           2.502

Path 38
  From: Rattlesnake_0/ocd_i.debug_coprocessor_i.data_in_sr[32]:CLK
  To:   Rattlesnake_0/ocd_i.debug_coprocessor_i.pram_write_data_out_1[16]:D
  Delay (ns):              0.320
  Slack (ns):              0.310
  Arrival (ns):            2.820
  Required (ns):           2.510

Path 39
  From: Rattlesnake_0/PulseRain_Rattlesnake_MCU_i.PulseRain_Rattlesnake_core_i.Rattlesnake_fetch_instruction_i.C_extension_i.mem_addr_ack_out[14]:CLK
  To:   Rattlesnake_0/PulseRain_Rattlesnake_MCU_i.PulseRain_Rattlesnake_core_i.Rattlesnake_fetch_instruction_i.PC_out_1[15]:D
  Delay (ns):              0.321
  Slack (ns):              0.311
  Arrival (ns):            2.813
  Required (ns):           2.502

Path 40
  From: Rattlesnake_0/PulseRain_Rattlesnake_MCU_i.mem_controller_i.mem_read_addr_reg[6]:CLK
  To:   Rattlesnake_0/PulseRain_Rattlesnake_MCU_i.PulseRain_Rattlesnake_core_i.Rattlesnake_fetch_instruction_i.C_extension_i.mem_addr_ack_out[6]:D
  Delay (ns):              0.322
  Slack (ns):              0.311
  Arrival (ns):            2.820
  Required (ns):           2.509

Path 41
  From: Rattlesnake_0/ocd_i.debug_coprocessor_i.data_in_sr[8]:CLK
  To:   Rattlesnake_0/ocd_i.debug_coprocessor_i.data_in_sr[16]:D
  Delay (ns):              0.313
  Slack (ns):              0.311
  Arrival (ns):            2.812
  Required (ns):           2.501

Path 42
  From: Rattlesnake_0/PulseRain_Rattlesnake_MCU_i.PulseRain_Rattlesnake_core_i.Rattlesnake_execution_unit_i.genblk1.mul_div_32_i.long_slow_div_denom_reg_i.quotient_i[18]:CLK
  To:   Rattlesnake_0/PulseRain_Rattlesnake_MCU_i.PulseRain_Rattlesnake_core_i.Rattlesnake_execution_unit_i.genblk1.mul_div_32_i.long_slow_div_denom_reg_i.quotient_i[19]:D
  Delay (ns):              0.331
  Slack (ns):              0.312
  Arrival (ns):            2.837
  Required (ns):           2.525

Path 43
  From: Rattlesnake_0/PulseRain_Rattlesnake_MCU_i.PulseRain_Rattlesnake_core_i.Rattlesnake_execution_unit_i.genblk1.mul_div_32_i.long_slow_div_denom_reg_i.quotient_i[6]:CLK
  To:   Rattlesnake_0/PulseRain_Rattlesnake_MCU_i.PulseRain_Rattlesnake_core_i.Rattlesnake_execution_unit_i.genblk1.mul_div_32_i.long_slow_div_denom_reg_i.quotient_i[7]:D
  Delay (ns):              0.331
  Slack (ns):              0.312
  Arrival (ns):            2.837
  Required (ns):           2.525

Path 44
  From: Rattlesnake_0/PulseRain_Rattlesnake_MCU_i.PulseRain_Rattlesnake_core_i.Rattlesnake_fetch_instruction_i.C_extension_i.mem_addr_ack_out[1]:CLK
  To:   Rattlesnake_0/PulseRain_Rattlesnake_MCU_i.PulseRain_Rattlesnake_core_i.Rattlesnake_fetch_instruction_i.PC_out_1[2]:D
  Delay (ns):              0.323
  Slack (ns):              0.312
  Arrival (ns):            2.834
  Required (ns):           2.522

Path 45
  From: Rattlesnake_0/PulseRain_Rattlesnake_MCU_i.PulseRain_Rattlesnake_core_i.Rattlesnake_execution_unit_i.PC_out[14]:CLK
  To:   Rattlesnake_0/PulseRain_Rattlesnake_MCU_i.PulseRain_Rattlesnake_core_i.Rattlesnake_controller_i.exception_PC_ret_17[14]:D
  Delay (ns):              0.331
  Slack (ns):              0.313
  Arrival (ns):            2.833
  Required (ns):           2.520

Path 46
  From: Rattlesnake_0/PulseRain_Rattlesnake_MCU_i.PulseRain_Rattlesnake_core_i.Rattlesnake_fetch_instruction_i.IR_out[5]:CLK
  To:   Rattlesnake_0/PulseRain_Rattlesnake_MCU_i.PulseRain_Rattlesnake_core_i.Rattlesnake_instruction_decode_i.IR_out[5]:D
  Delay (ns):              0.323
  Slack (ns):              0.313
  Arrival (ns):            2.833
  Required (ns):           2.520

Path 47
  From: Rattlesnake_0/PulseRain_Rattlesnake_MCU_i.PulseRain_Rattlesnake_core_i.Rattlesnake_fetch_instruction_i.PC_out_1[27]:CLK
  To:   Rattlesnake_0/PulseRain_Rattlesnake_MCU_i.PulseRain_Rattlesnake_core_i.Rattlesnake_instruction_decode_i.PC_out[27]:D
  Delay (ns):              0.323
  Slack (ns):              0.313
  Arrival (ns):            2.834
  Required (ns):           2.521

Path 48
  From: Rattlesnake_0/PulseRain_Rattlesnake_MCU_i.PulseRain_Rattlesnake_core_i.Rattlesnake_fetch_instruction_i.PC_out_1[9]:CLK
  To:   Rattlesnake_0/PulseRain_Rattlesnake_MCU_i.PulseRain_Rattlesnake_core_i.Rattlesnake_instruction_decode_i.PC_out[9]:D
  Delay (ns):              0.324
  Slack (ns):              0.313
  Arrival (ns):            2.834
  Required (ns):           2.521

Path 49
  From: Rattlesnake_0/PulseRain_Rattlesnake_MCU_i.mem_controller_i.mem_read_addr_reg[5]:CLK
  To:   Rattlesnake_0/PulseRain_Rattlesnake_MCU_i.PulseRain_Rattlesnake_core_i.Rattlesnake_fetch_instruction_i.C_extension_i.mem_addr_ack_out[5]:D
  Delay (ns):              0.323
  Slack (ns):              0.313
  Arrival (ns):            2.823
  Required (ns):           2.510

Path 50
  From: Rattlesnake_0/ocd_i.debug_coprocessor_i.cpu_start_addr[18]:CLK
  To:   Rattlesnake_0/actual_start_addr[18]:D
  Delay (ns):              0.323
  Slack (ns):              0.313
  Arrival (ns):            2.823
  Required (ns):           2.510

Path 51
  From: Rattlesnake_0/ocd_i.debug_coprocessor_i.data_in_sr[29]:CLK
  To:   Rattlesnake_0/ocd_i.debug_coprocessor_i.data_in_sr[37]:D
  Delay (ns):              0.325
  Slack (ns):              0.313
  Arrival (ns):            2.823
  Required (ns):           2.510

Path 52
  From: Rattlesnake_0/PulseRain_Rattlesnake_MCU_i.PulseRain_Rattlesnake_core_i.Rattlesnake_controller_i.mem_read_addr_d1[14]:CLK
  To:   Rattlesnake_0/PulseRain_Rattlesnake_MCU_i.PulseRain_Rattlesnake_core_i.Rattlesnake_controller_i.exception_addr_ret_156[14]:D
  Delay (ns):              0.325
  Slack (ns):              0.314
  Arrival (ns):            2.823
  Required (ns):           2.509

Path 53
  From: Rattlesnake_0/PulseRain_Rattlesnake_MCU_i.PulseRain_Rattlesnake_core_i.Rattlesnake_execution_unit_i.genblk1.mul_div_32_i.long_slow_div_denom_reg_i.quotient_i[16]:CLK
  To:   Rattlesnake_0/PulseRain_Rattlesnake_MCU_i.PulseRain_Rattlesnake_core_i.Rattlesnake_execution_unit_i.genblk1.mul_div_32_i.long_slow_div_denom_reg_i.quotient_i[17]:D
  Delay (ns):              0.333
  Slack (ns):              0.314
  Arrival (ns):            2.839
  Required (ns):           2.525

Path 54
  From: Rattlesnake_0/PulseRain_Rattlesnake_MCU_i.PulseRain_Rattlesnake_core_i.Rattlesnake_execution_unit_i.genblk1.mul_div_32_i.long_slow_div_denom_reg_i.quotient_i[4]:CLK
  To:   Rattlesnake_0/PulseRain_Rattlesnake_MCU_i.PulseRain_Rattlesnake_core_i.Rattlesnake_execution_unit_i.genblk1.mul_div_32_i.long_slow_div_denom_reg_i.quotient_i[5]:D
  Delay (ns):              0.333
  Slack (ns):              0.314
  Arrival (ns):            2.839
  Required (ns):           2.525

Path 55
  From: Rattlesnake_0/PulseRain_Rattlesnake_MCU_i.PulseRain_Rattlesnake_core_i.Rattlesnake_fetch_instruction_i.C_extension_i.instruction_original[1]:CLK
  To:   Rattlesnake_0/PulseRain_Rattlesnake_MCU_i.PulseRain_Rattlesnake_core_i.Rattlesnake_fetch_instruction_i.IR_out[1]:D
  Delay (ns):              0.325
  Slack (ns):              0.314
  Arrival (ns):            2.822
  Required (ns):           2.508

Path 56
  From: Rattlesnake_0/PulseRain_Rattlesnake_MCU_i.PulseRain_Rattlesnake_core_i.Rattlesnake_fetch_instruction_i.IR_out[3]:CLK
  To:   Rattlesnake_0/PulseRain_Rattlesnake_MCU_i.PulseRain_Rattlesnake_core_i.Rattlesnake_instruction_decode_i.IR_out[3]:D
  Delay (ns):              0.323
  Slack (ns):              0.314
  Arrival (ns):            2.804
  Required (ns):           2.490

Path 57
  From: Rattlesnake_0/ocd_i.debug_coprocessor_i.data_in_sr[11]:CLK
  To:   Rattlesnake_0/ocd_i.debug_coprocessor_i.data_in_sr[19]:D
  Delay (ns):              0.325
  Slack (ns):              0.314
  Arrival (ns):            2.812
  Required (ns):           2.498

Path 58
  From: Rattlesnake_0/ocd_i.debug_coprocessor_i.data_in_sr[67]:CLK
  To:   Rattlesnake_0/ocd_i.debug_coprocessor_i.data_in_sr[75]:D
  Delay (ns):              0.325
  Slack (ns):              0.314
  Arrival (ns):            2.817
  Required (ns):           2.503

Path 59
  From: Rattlesnake_0/PulseRain_Rattlesnake_MCU_i.PulseRain_Rattlesnake_core_i.Rattlesnake_controller_i.PC_load_store[4]:CLK
  To:   Rattlesnake_0/PulseRain_Rattlesnake_MCU_i.PulseRain_Rattlesnake_core_i.Rattlesnake_controller_i.exception_PC_ret_0[4]:D
  Delay (ns):              0.325
  Slack (ns):              0.315
  Arrival (ns):            2.822
  Required (ns):           2.507

Path 60
  From: Rattlesnake_0/PulseRain_Rattlesnake_MCU_i.PulseRain_Rattlesnake_core_i.Rattlesnake_controller_i.mem_read_addr_d1[4]:CLK
  To:   Rattlesnake_0/PulseRain_Rattlesnake_MCU_i.PulseRain_Rattlesnake_core_i.Rattlesnake_controller_i.exception_addr_ret_156[4]:D
  Delay (ns):              0.325
  Slack (ns):              0.315
  Arrival (ns):            2.826
  Required (ns):           2.511

Path 61
  From: Rattlesnake_0/PulseRain_Rattlesnake_MCU_i.PulseRain_Rattlesnake_core_i.Rattlesnake_execution_unit_i.PC_out[22]:CLK
  To:   Rattlesnake_0/PulseRain_Rattlesnake_MCU_i.PulseRain_Rattlesnake_core_i.Rattlesnake_controller_i.exception_addr_ret_124[22]:D
  Delay (ns):              0.319
  Slack (ns):              0.315
  Arrival (ns):            2.819
  Required (ns):           2.504

Path 62
  From: Rattlesnake_0/PulseRain_Rattlesnake_MCU_i.PulseRain_Rattlesnake_core_i.Rattlesnake_execution_unit_i.genblk1.mul_div_32_i.long_slow_div_denom_reg_i.quotient_i[10]:CLK
  To:   Rattlesnake_0/PulseRain_Rattlesnake_MCU_i.PulseRain_Rattlesnake_core_i.Rattlesnake_execution_unit_i.genblk1.mul_div_32_i.long_slow_div_denom_reg_i.quotient_i[11]:D
  Delay (ns):              0.334
  Slack (ns):              0.315
  Arrival (ns):            2.840
  Required (ns):           2.525

Path 63
  From: Rattlesnake_0/PulseRain_Rattlesnake_MCU_i.PulseRain_Rattlesnake_core_i.Rattlesnake_execution_unit_i.genblk1.mul_div_32_i.long_slow_div_denom_reg_i.quotient_i[22]:CLK
  To:   Rattlesnake_0/PulseRain_Rattlesnake_MCU_i.PulseRain_Rattlesnake_core_i.Rattlesnake_execution_unit_i.genblk1.mul_div_32_i.long_slow_div_denom_reg_i.quotient_i[23]:D
  Delay (ns):              0.334
  Slack (ns):              0.315
  Arrival (ns):            2.840
  Required (ns):           2.525

Path 64
  From: Rattlesnake_0/PulseRain_Rattlesnake_MCU_i.PulseRain_Rattlesnake_core_i.Rattlesnake_execution_unit_i.genblk1.mul_div_32_i.long_slow_div_denom_reg_i.quotient_i[30]:CLK
  To:   Rattlesnake_0/PulseRain_Rattlesnake_MCU_i.PulseRain_Rattlesnake_core_i.Rattlesnake_execution_unit_i.genblk1.mul_div_32_i.long_slow_div_denom_reg_i.quotient_i[31]:D
  Delay (ns):              0.331
  Slack (ns):              0.315
  Arrival (ns):            2.828
  Required (ns):           2.513

Path 65
  From: Rattlesnake_0/PulseRain_Rattlesnake_MCU_i.PulseRain_Rattlesnake_core_i.Rattlesnake_fetch_instruction_i.PC_out_1[3]:CLK
  To:   Rattlesnake_0/PulseRain_Rattlesnake_MCU_i.PulseRain_Rattlesnake_core_i.Rattlesnake_instruction_decode_i.PC_out[3]:D
  Delay (ns):              0.325
  Slack (ns):              0.315
  Arrival (ns):            2.828
  Required (ns):           2.513

Path 66
  From: Rattlesnake_0/ocd_i.debug_coprocessor_i.data_in_sr[56]:CLK
  To:   Rattlesnake_0/ocd_i.debug_coprocessor_i.data_in_sr[64]:D
  Delay (ns):              0.333
  Slack (ns):              0.315
  Arrival (ns):            2.823
  Required (ns):           2.508

Path 67
  From: Rattlesnake_0/PulseRain_Rattlesnake_MCU_i.PulseRain_Rattlesnake_core_i.Rattlesnake_execution_unit_i.genblk1.mul_div_32_i.long_slow_div_denom_reg_i.quotient_i[28]:CLK
  To:   Rattlesnake_0/PulseRain_Rattlesnake_MCU_i.PulseRain_Rattlesnake_core_i.Rattlesnake_execution_unit_i.genblk1.mul_div_32_i.long_slow_div_denom_reg_i.quotient_i[29]:D
  Delay (ns):              0.333
  Slack (ns):              0.316
  Arrival (ns):            2.830
  Required (ns):           2.514

Path 68
  From: Rattlesnake_0/PulseRain_Rattlesnake_MCU_i.PulseRain_Rattlesnake_core_i.Rattlesnake_fetch_instruction_i.C_extension_i.mem_addr_ack_out[6]:CLK
  To:   Rattlesnake_0/PulseRain_Rattlesnake_MCU_i.PulseRain_Rattlesnake_core_i.Rattlesnake_fetch_instruction_i.PC_out_1[7]:D
  Delay (ns):              0.320
  Slack (ns):              0.316
  Arrival (ns):            2.818
  Required (ns):           2.502

Path 69
  From: Rattlesnake_0/PulseRain_Rattlesnake_MCU_i.mem_controller_i.mem_read_addr_reg[8]:CLK
  To:   Rattlesnake_0/PulseRain_Rattlesnake_MCU_i.PulseRain_Rattlesnake_core_i.Rattlesnake_fetch_instruction_i.C_extension_i.mem_addr_ack_out[8]:D
  Delay (ns):              0.320
  Slack (ns):              0.316
  Arrival (ns):            2.814
  Required (ns):           2.498

Path 70
  From: Rattlesnake_0/ocd_i.debug_UART_i.UART_i.SBUF_out[0]:CLK
  To:   Rattlesnake_0/ocd_i.debug_coprocessor_i.data_in_sr[0]:D
  Delay (ns):              0.320
  Slack (ns):              0.316
  Arrival (ns):            2.812
  Required (ns):           2.496

Path 71
  From: Rattlesnake_0/ocd_i.debug_UART_i.UART_i.SBUF_out[6]:CLK
  To:   Rattlesnake_0/ocd_i.debug_UART_i.UART_i.SBUF_out[5]:D
  Delay (ns):              0.327
  Slack (ns):              0.316
  Arrival (ns):            2.819
  Required (ns):           2.503

Path 72
  From: Rattlesnake_0/ocd_i.debug_coprocessor_i.cpu_start_addr[11]:CLK
  To:   Rattlesnake_0/actual_start_addr[11]:D
  Delay (ns):              0.319
  Slack (ns):              0.316
  Arrival (ns):            2.818
  Required (ns):           2.502

Path 73
  From: Rattlesnake_0/ocd_i.debug_coprocessor_i.cpu_start_addr[23]:CLK
  To:   Rattlesnake_0/actual_start_addr[23]:D
  Delay (ns):              0.319
  Slack (ns):              0.316
  Arrival (ns):            2.818
  Required (ns):           2.502

Path 74
  From: Rattlesnake_0/ocd_i.debug_coprocessor_i.data_in_sr[22]:CLK
  To:   Rattlesnake_0/ocd_i.debug_coprocessor_i.data_in_sr[30]:D
  Delay (ns):              0.335
  Slack (ns):              0.316
  Arrival (ns):            2.826
  Required (ns):           2.510

Path 75
  From: Rattlesnake_0/ocd_i.debug_coprocessor_i.data_in_sr[30]:CLK
  To:   Rattlesnake_0/ocd_i.debug_coprocessor_i.cpu_start_addr[14]:D
  Delay (ns):              0.318
  Slack (ns):              0.316
  Arrival (ns):            2.818
  Required (ns):           2.502

Path 76
  From: Rattlesnake_0/ocd_i.debug_coprocessor_i.data_in_sr[36]:CLK
  To:   Rattlesnake_0/ocd_i.debug_coprocessor_i.cpu_start_addr[20]:D
  Delay (ns):              0.335
  Slack (ns):              0.316
  Arrival (ns):            2.825
  Required (ns):           2.509

Path 77
  From: Rattlesnake_0/ocd_i.debug_coprocessor_i.data_in_sr[36]:CLK
  To:   Rattlesnake_0/ocd_i.debug_coprocessor_i.data_in_sr[44]:D
  Delay (ns):              0.335
  Slack (ns):              0.316
  Arrival (ns):            2.825
  Required (ns):           2.509

Path 78
  From: Rattlesnake_0/ocd_i.debug_coprocessor_i.data_in_sr[64]:CLK
  To:   Rattlesnake_0/ocd_i.debug_coprocessor_i.data_in_sr[72]:D
  Delay (ns):              0.328
  Slack (ns):              0.316
  Arrival (ns):            2.825
  Required (ns):           2.509

Path 79
  From: Rattlesnake_0/ocd_i.debug_coprocessor_i.data_in_sr[9]:CLK
  To:   Rattlesnake_0/ocd_i.debug_coprocessor_i.data_in_sr[17]:D
  Delay (ns):              0.318
  Slack (ns):              0.316
  Arrival (ns):            2.818
  Required (ns):           2.502

Path 80
  From: Rattlesnake_0/PulseRain_Rattlesnake_MCU_i.PulseRain_Rattlesnake_core_i.Rattlesnake_execution_unit_i.genblk1.mul_div_32_i.long_slow_div_denom_reg_i.quotient_i[25]:CLK
  To:   Rattlesnake_0/PulseRain_Rattlesnake_MCU_i.PulseRain_Rattlesnake_core_i.Rattlesnake_execution_unit_i.genblk1.mul_div_32_i.long_slow_div_denom_reg_i.quotient_i[26]:D
  Delay (ns):              0.321
  Slack (ns):              0.317
  Arrival (ns):            2.824
  Required (ns):           2.507

Path 81
  From: Rattlesnake_0/PulseRain_Rattlesnake_MCU_i.mem_controller_i.dout_high_d1[5]:CLK
  To:   Rattlesnake_0/PulseRain_Rattlesnake_MCU_i.PulseRain_Rattlesnake_core_i.mem_read_data_d1[21]:D
  Delay (ns):              0.327
  Slack (ns):              0.317
  Arrival (ns):            2.816
  Required (ns):           2.499

Path 82
  From: Rattlesnake_0/ocd_i.debug_UART_i.UART_i.SBUF_out[3]:CLK
  To:   Rattlesnake_0/ocd_i.debug_UART_i.UART_i.SBUF_out[2]:D
  Delay (ns):              0.320
  Slack (ns):              0.317
  Arrival (ns):            2.813
  Required (ns):           2.496

Path 83
  From: Rattlesnake_0/ocd_i.debug_UART_i.UART_i.SBUF_out[3]:CLK
  To:   Rattlesnake_0/ocd_i.debug_coprocessor_i.data_in_sr[3]:D
  Delay (ns):              0.320
  Slack (ns):              0.317
  Arrival (ns):            2.813
  Required (ns):           2.496

Path 84
  From: Rattlesnake_0/PulseRain_Rattlesnake_MCU_i.PulseRain_Rattlesnake_core_i.Rattlesnake_execution_unit_i.PC_out[20]:CLK
  To:   Rattlesnake_0/PulseRain_Rattlesnake_MCU_i.PulseRain_Rattlesnake_core_i.Rattlesnake_controller_i.exception_addr_ret_124[20]:D
  Delay (ns):              0.320
  Slack (ns):              0.318
  Arrival (ns):            2.827
  Required (ns):           2.509

Path 85
  From: Rattlesnake_0/PulseRain_Rattlesnake_MCU_i.PulseRain_Rattlesnake_core_i.Rattlesnake_fetch_instruction_i.IR_out[0]:CLK
  To:   Rattlesnake_0/PulseRain_Rattlesnake_MCU_i.PulseRain_Rattlesnake_core_i.Rattlesnake_instruction_decode_i.IR_out[0]:D
  Delay (ns):              0.328
  Slack (ns):              0.318
  Arrival (ns):            2.838
  Required (ns):           2.520

Path 86
  From: Rattlesnake_0/PulseRain_Rattlesnake_MCU_i.mem_controller_i.dout_high_d1[10]:CLK
  To:   Rattlesnake_0/PulseRain_Rattlesnake_MCU_i.PulseRain_Rattlesnake_core_i.mem_read_data_d1[26]:D
  Delay (ns):              0.330
  Slack (ns):              0.318
  Arrival (ns):            2.835
  Required (ns):           2.517

Path 87
  From: Rattlesnake_0/ocd_i.debug_coprocessor_i.data_in_sr[43]:CLK
  To:   Rattlesnake_0/ocd_i.debug_coprocessor_i.pram_write_data_out_1[27]:D
  Delay (ns):              0.338
  Slack (ns):              0.318
  Arrival (ns):            2.828
  Required (ns):           2.510

Path 88
  From: Rattlesnake_0/ocd_i.debug_coprocessor_i.data_in_sr[65]:CLK
  To:   Rattlesnake_0/ocd_i.debug_coprocessor_i.data_in_sr[73]:D
  Delay (ns):              0.328
  Slack (ns):              0.318
  Arrival (ns):            2.826
  Required (ns):           2.508

Path 89
  From: Rattlesnake_0/PulseRain_Rattlesnake_MCU_i.PulseRain_Rattlesnake_core_i.Rattlesnake_execution_unit_i.genblk1.mul_div_32_i.long_slow_div_denom_reg_i.quotient_i[13]:CLK
  To:   Rattlesnake_0/PulseRain_Rattlesnake_MCU_i.PulseRain_Rattlesnake_core_i.Rattlesnake_execution_unit_i.genblk1.mul_div_32_i.long_slow_div_denom_reg_i.quotient_i[14]:D
  Delay (ns):              0.321
  Slack (ns):              0.319
  Arrival (ns):            2.835
  Required (ns):           2.516

Path 90
  From: Rattlesnake_0/PulseRain_Rattlesnake_MCU_i.PulseRain_Rattlesnake_core_i.Rattlesnake_execution_unit_i.genblk1.mul_div_32_i.long_slow_div_denom_reg_i.quotient_i[1]:CLK
  To:   Rattlesnake_0/PulseRain_Rattlesnake_MCU_i.PulseRain_Rattlesnake_core_i.Rattlesnake_execution_unit_i.genblk1.mul_div_32_i.long_slow_div_denom_reg_i.quotient_i[2]:D
  Delay (ns):              0.321
  Slack (ns):              0.319
  Arrival (ns):            2.835
  Required (ns):           2.516

Path 91
  From: Rattlesnake_0/PulseRain_Rattlesnake_MCU_i.mem_controller_i.mem_read_addr_reg[14]:CLK
  To:   Rattlesnake_0/PulseRain_Rattlesnake_MCU_i.PulseRain_Rattlesnake_core_i.Rattlesnake_fetch_instruction_i.C_extension_i.mem_addr_ack_out[14]:D
  Delay (ns):              0.323
  Slack (ns):              0.319
  Arrival (ns):            2.821
  Required (ns):           2.502

Path 92
  From: Rattlesnake_0/ocd_i.debug_coprocessor_i.cpu_start_addr[5]:CLK
  To:   Rattlesnake_0/actual_start_addr[5]:D
  Delay (ns):              0.322
  Slack (ns):              0.319
  Arrival (ns):            2.818
  Required (ns):           2.499

Path 93
  From: Rattlesnake_0/ocd_i.debug_coprocessor_i.data_in_sr[16]:CLK
  To:   Rattlesnake_0/ocd_i.debug_coprocessor_i.data_in_sr[24]:D
  Delay (ns):              0.330
  Slack (ns):              0.319
  Arrival (ns):            2.820
  Required (ns):           2.501

Path 94
  From: Rattlesnake_0/ocd_i.debug_coprocessor_i.data_in_sr[16]:CLK
  To:   Rattlesnake_0/ocd_i.debug_coprocessor_i.pram_write_data_out_1[0]:D
  Delay (ns):              0.330
  Slack (ns):              0.319
  Arrival (ns):            2.820
  Required (ns):           2.501

Path 95
  From: Rattlesnake_0/ocd_i.debug_coprocessor_i.data_in_sr[26]:CLK
  To:   Rattlesnake_0/ocd_i.debug_coprocessor_i.data_in_sr[34]:D
  Delay (ns):              0.335
  Slack (ns):              0.319
  Arrival (ns):            2.828
  Required (ns):           2.509

Path 96
  From: Rattlesnake_0/ocd_i.debug_coprocessor_i.data_in_sr[43]:CLK
  To:   Rattlesnake_0/ocd_i.debug_coprocessor_i.data_in_sr[51]:D
  Delay (ns):              0.338
  Slack (ns):              0.319
  Arrival (ns):            2.828
  Required (ns):           2.509

Path 97
  From: Rattlesnake_0/PulseRain_Rattlesnake_MCU_i.PulseRain_Rattlesnake_core_i.Rattlesnake_execution_unit_i.PC_out[14]:CLK
  To:   Rattlesnake_0/PulseRain_Rattlesnake_MCU_i.PulseRain_Rattlesnake_core_i.Rattlesnake_controller_i.PC_load_store[14]:D
  Delay (ns):              0.331
  Slack (ns):              0.321
  Arrival (ns):            2.833
  Required (ns):           2.512

Path 98
  From: Rattlesnake_0/PulseRain_Rattlesnake_MCU_i.PulseRain_Rattlesnake_core_i.Rattlesnake_execution_unit_i.PC_out[15]:CLK
  To:   Rattlesnake_0/PulseRain_Rattlesnake_MCU_i.PulseRain_Rattlesnake_core_i.Rattlesnake_controller_i.exception_addr_ret_124[15]:D
  Delay (ns):              0.332
  Slack (ns):              0.321
  Arrival (ns):            2.824
  Required (ns):           2.503

Path 99
  From: Rattlesnake_0/PulseRain_Rattlesnake_MCU_i.PulseRain_Rattlesnake_core_i.Rattlesnake_execution_unit_i.genblk1.mul_div_32_i.long_slow_div_denom_reg_i.quotient_i[11]:CLK
  To:   Rattlesnake_0/PulseRain_Rattlesnake_MCU_i.PulseRain_Rattlesnake_core_i.Rattlesnake_execution_unit_i.genblk1.mul_div_32_i.long_slow_div_denom_reg_i.quotient_i[12]:D
  Delay (ns):              0.323
  Slack (ns):              0.321
  Arrival (ns):            2.837
  Required (ns):           2.516

Path 100
  From: Rattlesnake_0/PulseRain_Rattlesnake_MCU_i.PulseRain_Rattlesnake_core_i.Rattlesnake_instruction_decode_i.IR_out[28]:CLK
  To:   Rattlesnake_0/PulseRain_Rattlesnake_MCU_i.PulseRain_Rattlesnake_core_i.Rattlesnake_execution_unit_i.LUI_out[28]:D
  Delay (ns):              0.331
  Slack (ns):              0.321
  Arrival (ns):            2.824
  Required (ns):           2.503

