Timing Violation Report Max Delay Analysis

SmartTime Version v12.1
Microsemi Corporation - Microsemi Libero Software Release v12.1 (Version 12.600.0.14)
Date: Sun Aug 25 23:59:48 2019


Design: creative
Family: IGLOO2
Die: M2GL025
Package: 256 VF
Temperature Range: 0 - 85 C
Voltage Range: 1.14 - 1.26 V
Speed Grade: STD
Design State: Post-Layout
Data source: Production
Min Operating Conditions: BEST - 1.26 V - 0 C
Max Operating Conditions: WORST - 1.14 V - 85 C
Scenario for Timing Analysis: timing_analysis


Path 1
  From: Rattlesnake_0/PulseRain_Rattlesnake_MCU_i.PulseRain_Rattlesnake_core_i.Rattlesnake_data_access_i.mem_we[2]:CLK
  To:   Rattlesnake_0/PulseRain_Rattlesnake_MCU_i.PulseRain_Rattlesnake_core_i.Rattlesnake_block_write_detect_i.mem_addr_blk_wr_start_i[1]:EN
  Delay (ns):              8.543
  Slack (ns):              1.511
  Arrival (ns):           12.952
  Required (ns):          14.463

Path 2
  From: Rattlesnake_0/PulseRain_Rattlesnake_MCU_i.PulseRain_Rattlesnake_core_i.Rattlesnake_execution_unit_i.Y_ret_25:CLK
  To:   Rattlesnake_0/PulseRain_Rattlesnake_MCU_i.PulseRain_Rattlesnake_core_i.Rattlesnake_controller_i.exception_PC_ret_17[13]:EN
  Delay (ns):              8.519
  Slack (ns):              1.513
  Arrival (ns):           12.971
  Required (ns):          14.484

Path 3
  From: Rattlesnake_0/PulseRain_Rattlesnake_MCU_i.PulseRain_Rattlesnake_core_i.Rattlesnake_execution_unit_i.Y_ret_25:CLK
  To:   Rattlesnake_0/PulseRain_Rattlesnake_MCU_i.PulseRain_Rattlesnake_core_i.Rattlesnake_controller_i.exception_PC_ret_17[15]:EN
  Delay (ns):              8.519
  Slack (ns):              1.513
  Arrival (ns):           12.971
  Required (ns):          14.484

Path 4
  From: Rattlesnake_0/PulseRain_Rattlesnake_MCU_i.PulseRain_Rattlesnake_core_i.Rattlesnake_data_access_i.mem_we[2]:CLK
  To:   Rattlesnake_0/PulseRain_Rattlesnake_MCU_i.PulseRain_Rattlesnake_core_i.Rattlesnake_block_write_detect_i.mem_addr_blk_wr_start_i[10]:EN
  Delay (ns):              8.543
  Slack (ns):              1.521
  Arrival (ns):           12.952
  Required (ns):          14.473

Path 5
  From: Rattlesnake_0/PulseRain_Rattlesnake_MCU_i.PulseRain_Rattlesnake_core_i.Rattlesnake_execution_unit_i.Y_ret_25:CLK
  To:   Rattlesnake_0/PulseRain_Rattlesnake_MCU_i.PulseRain_Rattlesnake_core_i.Rattlesnake_controller_i.exception_PC_ret_17[14]:EN
  Delay (ns):              8.519
  Slack (ns):              1.526
  Arrival (ns):           12.971
  Required (ns):          14.497

Path 6
  From: Rattlesnake_0/PulseRain_Rattlesnake_MCU_i.PulseRain_Rattlesnake_core_i.Rattlesnake_execution_unit_i.Y_ret_25:CLK
  To:   Rattlesnake_0/PulseRain_Rattlesnake_MCU_i.PulseRain_Rattlesnake_core_i.Rattlesnake_controller_i.exception_PC_ret_17[16]:EN
  Delay (ns):              8.519
  Slack (ns):              1.527
  Arrival (ns):           12.971
  Required (ns):          14.498

Path 7
  From: Rattlesnake_0/PulseRain_Rattlesnake_MCU_i.PulseRain_Rattlesnake_core_i.Rattlesnake_data_access_i.mem_we[2]:CLK
  To:   Rattlesnake_0/PulseRain_Rattlesnake_MCU_i.PulseRain_Rattlesnake_core_i.Rattlesnake_block_write_detect_i.mem_addr_blk_wr_start_i[5]:EN
  Delay (ns):              8.511
  Slack (ns):              1.554
  Arrival (ns):           12.920
  Required (ns):          14.474

Path 8
  From: Rattlesnake_0/PulseRain_Rattlesnake_MCU_i.PulseRain_Rattlesnake_core_i.Rattlesnake_data_access_i.mem_we[1]:CLK
  To:   Rattlesnake_0/PulseRain_Rattlesnake_MCU_i.PulseRain_Rattlesnake_core_i.Rattlesnake_block_write_detect_i.mem_addr_blk_wr_start_i[1]:EN
  Delay (ns):              8.487
  Slack (ns):              1.564
  Arrival (ns):           12.899
  Required (ns):          14.463

Path 9
  From: Rattlesnake_0/PulseRain_Rattlesnake_MCU_i.PulseRain_Rattlesnake_core_i.Rattlesnake_data_access_i.mem_we[3]:CLK
  To:   Rattlesnake_0/PulseRain_Rattlesnake_MCU_i.PulseRain_Rattlesnake_core_i.Rattlesnake_block_write_detect_i.mem_addr_blk_wr_start_i[1]:EN
  Delay (ns):              8.488
  Slack (ns):              1.566
  Arrival (ns):           12.897
  Required (ns):          14.463

Path 10
  From: Rattlesnake_0/PulseRain_Rattlesnake_MCU_i.PulseRain_Rattlesnake_core_i.Rattlesnake_data_access_i.mem_we[1]:CLK
  To:   Rattlesnake_0/PulseRain_Rattlesnake_MCU_i.PulseRain_Rattlesnake_core_i.Rattlesnake_block_write_detect_i.mem_addr_blk_wr_start_i[10]:EN
  Delay (ns):              8.487
  Slack (ns):              1.574
  Arrival (ns):           12.899
  Required (ns):          14.473

Path 11
  From: Rattlesnake_0/PulseRain_Rattlesnake_MCU_i.PulseRain_Rattlesnake_core_i.Rattlesnake_data_access_i.mem_we[3]:CLK
  To:   Rattlesnake_0/PulseRain_Rattlesnake_MCU_i.PulseRain_Rattlesnake_core_i.Rattlesnake_block_write_detect_i.mem_addr_blk_wr_start_i[10]:EN
  Delay (ns):              8.488
  Slack (ns):              1.576
  Arrival (ns):           12.897
  Required (ns):          14.473

Path 12
  From: Rattlesnake_0/PulseRain_Rattlesnake_MCU_i.PulseRain_Rattlesnake_core_i.Rattlesnake_data_access_i.mem_we[1]:CLK
  To:   Rattlesnake_0/PulseRain_Rattlesnake_MCU_i.PulseRain_Rattlesnake_core_i.Rattlesnake_block_write_detect_i.mem_addr_blk_wr_start_i[5]:EN
  Delay (ns):              8.455
  Slack (ns):              1.607
  Arrival (ns):           12.867
  Required (ns):          14.474

Path 13
  From: Rattlesnake_0/PulseRain_Rattlesnake_MCU_i.PulseRain_Rattlesnake_core_i.Rattlesnake_data_access_i.mem_we[3]:CLK
  To:   Rattlesnake_0/PulseRain_Rattlesnake_MCU_i.PulseRain_Rattlesnake_core_i.Rattlesnake_block_write_detect_i.mem_addr_blk_wr_start_i[5]:EN
  Delay (ns):              8.456
  Slack (ns):              1.609
  Arrival (ns):           12.865
  Required (ns):          14.474

Path 14
  From: Rattlesnake_0/ocd_i.debug_coprocessor_i.pram_write_enable_out:CLK
  To:   Rattlesnake_0/PulseRain_Rattlesnake_MCU_i.PulseRain_Rattlesnake_core_i.Rattlesnake_block_write_detect_i.mem_addr_blk_wr_start_i[1]:EN
  Delay (ns):              8.303
  Slack (ns):              1.702
  Arrival (ns):           12.761
  Required (ns):          14.463

Path 15
  From: Rattlesnake_0/ocd_i.debug_coprocessor_i.pram_write_enable_out:CLK
  To:   Rattlesnake_0/PulseRain_Rattlesnake_MCU_i.PulseRain_Rattlesnake_core_i.Rattlesnake_block_write_detect_i.mem_addr_blk_wr_start_i[10]:EN
  Delay (ns):              8.303
  Slack (ns):              1.712
  Arrival (ns):           12.761
  Required (ns):          14.473

Path 16
  From: Rattlesnake_0/PulseRain_Rattlesnake_MCU_i.PulseRain_Rattlesnake_core_i.Rattlesnake_execution_unit_i.Y_ret_25:CLK
  To:   Rattlesnake_0/PulseRain_Rattlesnake_MCU_i.PulseRain_Rattlesnake_core_i.Rattlesnake_controller_i.exception_PC_ret_0:EN
  Delay (ns):              8.303
  Slack (ns):              1.714
  Arrival (ns):           12.755
  Required (ns):          14.469

Path 17
  From: Rattlesnake_0/PulseRain_Rattlesnake_MCU_i.PulseRain_Rattlesnake_core_i.Rattlesnake_execution_unit_i.Y_fast[0]:CLK
  To:   Rattlesnake_0/PulseRain_Rattlesnake_MCU_i.PulseRain_Rattlesnake_core_i.Rattlesnake_reg_file_i.single_clk_ram_rs2.mem_mem_0_1/INST_RAM64x18_IP:C_DIN[8]
  Delay (ns):              8.816
  Slack (ns):              1.740
  Arrival (ns):           13.247
  Required (ns):          14.987

Path 18
  From: Rattlesnake_0/ocd_i.debug_coprocessor_i.pram_write_enable_out:CLK
  To:   Rattlesnake_0/PulseRain_Rattlesnake_MCU_i.PulseRain_Rattlesnake_core_i.Rattlesnake_block_write_detect_i.mem_addr_blk_wr_start_i[5]:EN
  Delay (ns):              8.271
  Slack (ns):              1.745
  Arrival (ns):           12.729
  Required (ns):          14.474

Path 19
  From: Rattlesnake_0/PulseRain_Rattlesnake_MCU_i.PulseRain_Rattlesnake_core_i.Rattlesnake_execution_unit_i.Y_ret_25:CLK
  To:   Rattlesnake_0/PulseRain_Rattlesnake_MCU_i.PulseRain_Rattlesnake_core_i.Rattlesnake_controller_i.exception_PC_ret_104:EN
  Delay (ns):              8.230
  Slack (ns):              1.787
  Arrival (ns):           12.682
  Required (ns):          14.469

Path 20
  From: Rattlesnake_0/PulseRain_Rattlesnake_MCU_i.PulseRain_Rattlesnake_core_i.Rattlesnake_execution_unit_i.Y_ret_25:CLK
  To:   Rattlesnake_0/PulseRain_Rattlesnake_MCU_i.PulseRain_Rattlesnake_core_i.Rattlesnake_controller_i.exception_PC_ret_103:EN
  Delay (ns):              8.229
  Slack (ns):              1.788
  Arrival (ns):           12.681
  Required (ns):          14.469

Path 21
  From: Rattlesnake_0/PulseRain_Rattlesnake_MCU_i.PulseRain_Rattlesnake_core_i.Rattlesnake_controller_i.exception_PC_ret_120:CLK
  To:   Rattlesnake_0/PulseRain_Rattlesnake_MCU_i.PulseRain_Rattlesnake_core_i.Rattlesnake_CSR_i.mepc[20]:D
  Delay (ns):              8.301
  Slack (ns):              1.790
  Arrival (ns):           12.745
  Required (ns):          14.535

Path 22
  From: Rattlesnake_0/PulseRain_Rattlesnake_MCU_i.PulseRain_Rattlesnake_core_i.Rattlesnake_execution_unit_i.Y_ret_25:CLK
  To:   Rattlesnake_0/PulseRain_Rattlesnake_MCU_i.PulseRain_Rattlesnake_core_i.Rattlesnake_controller_i.exception_PC_ret_105:EN
  Delay (ns):              8.229
  Slack (ns):              1.799
  Arrival (ns):           12.681
  Required (ns):          14.480

Path 23
  From: Rattlesnake_0/PulseRain_Rattlesnake_MCU_i.PulseRain_Rattlesnake_core_i.Rattlesnake_indirect_pointer_detect_i.X_ret_30:CLK
  To:   Rattlesnake_0/PulseRain_Rattlesnake_MCU_i.PulseRain_Rattlesnake_core_i.Rattlesnake_controller_i.exception_PC_ret_17[13]:EN
  Delay (ns):              8.269
  Slack (ns):              1.802
  Arrival (ns):           12.682
  Required (ns):          14.484

Path 24
  From: Rattlesnake_0/PulseRain_Rattlesnake_MCU_i.PulseRain_Rattlesnake_core_i.Rattlesnake_indirect_pointer_detect_i.X_ret_30:CLK
  To:   Rattlesnake_0/PulseRain_Rattlesnake_MCU_i.PulseRain_Rattlesnake_core_i.Rattlesnake_controller_i.exception_PC_ret_17[15]:EN
  Delay (ns):              8.269
  Slack (ns):              1.802
  Arrival (ns):           12.682
  Required (ns):          14.484

Path 25
  From: Rattlesnake_0/PulseRain_Rattlesnake_MCU_i.PulseRain_Rattlesnake_core_i.Rattlesnake_indirect_pointer_detect_i.X_ret_30:CLK
  To:   Rattlesnake_0/PulseRain_Rattlesnake_MCU_i.PulseRain_Rattlesnake_core_i.Rattlesnake_controller_i.exception_PC_ret_17[14]:EN
  Delay (ns):              8.269
  Slack (ns):              1.815
  Arrival (ns):           12.682
  Required (ns):          14.497

Path 26
  From: Rattlesnake_0/PulseRain_Rattlesnake_MCU_i.PulseRain_Rattlesnake_core_i.Rattlesnake_indirect_pointer_detect_i.X_ret_30:CLK
  To:   Rattlesnake_0/PulseRain_Rattlesnake_MCU_i.PulseRain_Rattlesnake_core_i.Rattlesnake_controller_i.exception_PC_ret_17[16]:EN
  Delay (ns):              8.269
  Slack (ns):              1.816
  Arrival (ns):           12.682
  Required (ns):          14.498

Path 27
  From: Rattlesnake_0/PulseRain_Rattlesnake_MCU_i.PulseRain_Rattlesnake_core_i.Rattlesnake_execution_unit_i.X_ret_59:CLK
  To:   Rattlesnake_0/PulseRain_Rattlesnake_MCU_i.PulseRain_Rattlesnake_core_i.Rattlesnake_controller_i.exception_PC_ret_17[13]:EN
  Delay (ns):              8.198
  Slack (ns):              1.820
  Arrival (ns):           12.664
  Required (ns):          14.484

Path 28
  From: Rattlesnake_0/PulseRain_Rattlesnake_MCU_i.PulseRain_Rattlesnake_core_i.Rattlesnake_execution_unit_i.X_ret_59:CLK
  To:   Rattlesnake_0/PulseRain_Rattlesnake_MCU_i.PulseRain_Rattlesnake_core_i.Rattlesnake_controller_i.exception_PC_ret_17[15]:EN
  Delay (ns):              8.198
  Slack (ns):              1.820
  Arrival (ns):           12.664
  Required (ns):          14.484

Path 29
  From: Rattlesnake_0/PulseRain_Rattlesnake_MCU_i.PulseRain_Rattlesnake_core_i.Rattlesnake_execution_unit_i.X_ret_55:CLK
  To:   Rattlesnake_0/PulseRain_Rattlesnake_MCU_i.PulseRain_Rattlesnake_core_i.Rattlesnake_controller_i.exception_PC_ret_17[13]:EN
  Delay (ns):              8.212
  Slack (ns):              1.821
  Arrival (ns):           12.663
  Required (ns):          14.484

Path 30
  From: Rattlesnake_0/PulseRain_Rattlesnake_MCU_i.PulseRain_Rattlesnake_core_i.Rattlesnake_execution_unit_i.X_ret_55:CLK
  To:   Rattlesnake_0/PulseRain_Rattlesnake_MCU_i.PulseRain_Rattlesnake_core_i.Rattlesnake_controller_i.exception_PC_ret_17[15]:EN
  Delay (ns):              8.212
  Slack (ns):              1.821
  Arrival (ns):           12.663
  Required (ns):          14.484

Path 31
  From: Rattlesnake_0/PulseRain_Rattlesnake_MCU_i.PulseRain_Rattlesnake_core_i.Rattlesnake_indirect_pointer_detect_i.X_ret_0:CLK
  To:   Rattlesnake_0/PulseRain_Rattlesnake_MCU_i.PulseRain_Rattlesnake_core_i.Rattlesnake_controller_i.exception_PC_ret_17[13]:EN
  Delay (ns):              8.248
  Slack (ns):              1.823
  Arrival (ns):           12.661
  Required (ns):          14.484

Path 32
  From: Rattlesnake_0/PulseRain_Rattlesnake_MCU_i.PulseRain_Rattlesnake_core_i.Rattlesnake_indirect_pointer_detect_i.X_ret_0:CLK
  To:   Rattlesnake_0/PulseRain_Rattlesnake_MCU_i.PulseRain_Rattlesnake_core_i.Rattlesnake_controller_i.exception_PC_ret_17[15]:EN
  Delay (ns):              8.248
  Slack (ns):              1.823
  Arrival (ns):           12.661
  Required (ns):          14.484

Path 33
  From: Rattlesnake_0/PulseRain_Rattlesnake_MCU_i.PulseRain_Rattlesnake_core_i.Rattlesnake_indirect_pointer_detect_i.X_ret_21:CLK
  To:   Rattlesnake_0/PulseRain_Rattlesnake_MCU_i.PulseRain_Rattlesnake_core_i.Rattlesnake_controller_i.exception_PC_ret_17[13]:EN
  Delay (ns):              8.217
  Slack (ns):              1.827
  Arrival (ns):           12.657
  Required (ns):          14.484

Path 34
  From: Rattlesnake_0/PulseRain_Rattlesnake_MCU_i.PulseRain_Rattlesnake_core_i.Rattlesnake_indirect_pointer_detect_i.X_ret_21:CLK
  To:   Rattlesnake_0/PulseRain_Rattlesnake_MCU_i.PulseRain_Rattlesnake_core_i.Rattlesnake_controller_i.exception_PC_ret_17[15]:EN
  Delay (ns):              8.217
  Slack (ns):              1.827
  Arrival (ns):           12.657
  Required (ns):          14.484

Path 35
  From: Rattlesnake_0/PulseRain_Rattlesnake_MCU_i.PulseRain_Rattlesnake_core_i.Rattlesnake_execution_unit_i.X_ret_59:CLK
  To:   Rattlesnake_0/PulseRain_Rattlesnake_MCU_i.PulseRain_Rattlesnake_core_i.Rattlesnake_controller_i.exception_PC_ret_17[14]:EN
  Delay (ns):              8.198
  Slack (ns):              1.833
  Arrival (ns):           12.664
  Required (ns):          14.497

Path 36
  From: Rattlesnake_0/PulseRain_Rattlesnake_MCU_i.PulseRain_Rattlesnake_core_i.Rattlesnake_execution_unit_i.X_ret_55:CLK
  To:   Rattlesnake_0/PulseRain_Rattlesnake_MCU_i.PulseRain_Rattlesnake_core_i.Rattlesnake_controller_i.exception_PC_ret_17[14]:EN
  Delay (ns):              8.212
  Slack (ns):              1.834
  Arrival (ns):           12.663
  Required (ns):          14.497

Path 37
  From: Rattlesnake_0/PulseRain_Rattlesnake_MCU_i.PulseRain_Rattlesnake_core_i.Rattlesnake_execution_unit_i.X_ret_59:CLK
  To:   Rattlesnake_0/PulseRain_Rattlesnake_MCU_i.PulseRain_Rattlesnake_core_i.Rattlesnake_controller_i.exception_PC_ret_17[16]:EN
  Delay (ns):              8.198
  Slack (ns):              1.834
  Arrival (ns):           12.664
  Required (ns):          14.498

Path 38
  From: Rattlesnake_0/PulseRain_Rattlesnake_MCU_i.PulseRain_Rattlesnake_core_i.Rattlesnake_execution_unit_i.X_ret_55:CLK
  To:   Rattlesnake_0/PulseRain_Rattlesnake_MCU_i.PulseRain_Rattlesnake_core_i.Rattlesnake_controller_i.exception_PC_ret_17[16]:EN
  Delay (ns):              8.212
  Slack (ns):              1.835
  Arrival (ns):           12.663
  Required (ns):          14.498

Path 39
  From: Rattlesnake_0/PulseRain_Rattlesnake_MCU_i.PulseRain_Rattlesnake_core_i.Rattlesnake_indirect_pointer_detect_i.X_ret_0:CLK
  To:   Rattlesnake_0/PulseRain_Rattlesnake_MCU_i.PulseRain_Rattlesnake_core_i.Rattlesnake_controller_i.exception_PC_ret_17[14]:EN
  Delay (ns):              8.248
  Slack (ns):              1.836
  Arrival (ns):           12.661
  Required (ns):          14.497

Path 40
  From: Rattlesnake_0/PulseRain_Rattlesnake_MCU_i.PulseRain_Rattlesnake_core_i.Rattlesnake_indirect_pointer_detect_i.X_ret_0:CLK
  To:   Rattlesnake_0/PulseRain_Rattlesnake_MCU_i.PulseRain_Rattlesnake_core_i.Rattlesnake_controller_i.exception_PC_ret_17[16]:EN
  Delay (ns):              8.248
  Slack (ns):              1.837
  Arrival (ns):           12.661
  Required (ns):          14.498

Path 41
  From: Rattlesnake_0/PulseRain_Rattlesnake_MCU_i.PulseRain_Rattlesnake_core_i.Rattlesnake_indirect_pointer_detect_i.X_ret_21:CLK
  To:   Rattlesnake_0/PulseRain_Rattlesnake_MCU_i.PulseRain_Rattlesnake_core_i.Rattlesnake_controller_i.exception_PC_ret_17[14]:EN
  Delay (ns):              8.217
  Slack (ns):              1.840
  Arrival (ns):           12.657
  Required (ns):          14.497

Path 42
  From: Rattlesnake_0/PulseRain_Rattlesnake_MCU_i.PulseRain_Rattlesnake_core_i.Rattlesnake_indirect_pointer_detect_i.X_ret_21:CLK
  To:   Rattlesnake_0/PulseRain_Rattlesnake_MCU_i.PulseRain_Rattlesnake_core_i.Rattlesnake_controller_i.exception_PC_ret_17[16]:EN
  Delay (ns):              8.217
  Slack (ns):              1.841
  Arrival (ns):           12.657
  Required (ns):          14.498

Path 43
  From: Rattlesnake_0/PulseRain_Rattlesnake_MCU_i.PulseRain_Rattlesnake_core_i.Rattlesnake_indirect_pointer_detect_i.X_ret_27:CLK
  To:   Rattlesnake_0/PulseRain_Rattlesnake_MCU_i.PulseRain_Rattlesnake_core_i.Rattlesnake_controller_i.exception_PC_ret_17[13]:EN
  Delay (ns):              8.236
  Slack (ns):              1.841
  Arrival (ns):           12.643
  Required (ns):          14.484

Path 44
  From: Rattlesnake_0/PulseRain_Rattlesnake_MCU_i.PulseRain_Rattlesnake_core_i.Rattlesnake_indirect_pointer_detect_i.X_ret_27:CLK
  To:   Rattlesnake_0/PulseRain_Rattlesnake_MCU_i.PulseRain_Rattlesnake_core_i.Rattlesnake_controller_i.exception_PC_ret_17[15]:EN
  Delay (ns):              8.236
  Slack (ns):              1.841
  Arrival (ns):           12.643
  Required (ns):          14.484

Path 45
  From: Rattlesnake_0/PulseRain_Rattlesnake_MCU_i.PulseRain_Rattlesnake_core_i.Rattlesnake_indirect_pointer_detect_i.X_ret_27:CLK
  To:   Rattlesnake_0/PulseRain_Rattlesnake_MCU_i.PulseRain_Rattlesnake_core_i.Rattlesnake_controller_i.exception_PC_ret_17[14]:EN
  Delay (ns):              8.236
  Slack (ns):              1.854
  Arrival (ns):           12.643
  Required (ns):          14.497

Path 46
  From: Rattlesnake_0/PulseRain_Rattlesnake_MCU_i.PulseRain_Rattlesnake_core_i.Rattlesnake_indirect_pointer_detect_i.X_ret_27:CLK
  To:   Rattlesnake_0/PulseRain_Rattlesnake_MCU_i.PulseRain_Rattlesnake_core_i.Rattlesnake_controller_i.exception_PC_ret_17[16]:EN
  Delay (ns):              8.236
  Slack (ns):              1.855
  Arrival (ns):           12.643
  Required (ns):          14.498

Path 47
  From: Rattlesnake_0/PulseRain_Rattlesnake_MCU_i.PulseRain_Rattlesnake_core_i.Rattlesnake_controller_i.exception_PC_ret_120:CLK
  To:   Rattlesnake_0/PulseRain_Rattlesnake_MCU_i.PulseRain_Rattlesnake_core_i.Rattlesnake_CSR_i.mepc[5]:D
  Delay (ns):              8.221
  Slack (ns):              1.865
  Arrival (ns):           12.665
  Required (ns):          14.530

Path 48
  From: Rattlesnake_0/PulseRain_Rattlesnake_MCU_i.PulseRain_Rattlesnake_core_i.Rattlesnake_execution_unit_i.Y_fast[0]:CLK
  To:   Rattlesnake_0/PulseRain_Rattlesnake_MCU_i.PulseRain_Rattlesnake_core_i.Rattlesnake_reg_file_i.single_clk_ram_rs2.mem_mem_0_1/INST_RAM64x18_IP:C_DIN[4]
  Delay (ns):              8.695
  Slack (ns):              1.869
  Arrival (ns):           13.126
  Required (ns):          14.995

Path 49
  From: Rattlesnake_0/PulseRain_Rattlesnake_MCU_i.PulseRain_Rattlesnake_core_i.Rattlesnake_execution_unit_i.X[0]:CLK
  To:   Rattlesnake_0/PulseRain_Rattlesnake_MCU_i.PulseRain_Rattlesnake_core_i.Rattlesnake_reg_file_i.single_clk_ram_rs2.mem_mem_0_0/INST_RAM64x18_IP:C_DIN[4]
  Delay (ns):              8.647
  Slack (ns):              1.875
  Arrival (ns):           13.098
  Required (ns):          14.973

Path 50
  From: Rattlesnake_0/PulseRain_Rattlesnake_MCU_i.PulseRain_Rattlesnake_core_i.Rattlesnake_indirect_pointer_detect_i.X_ret_20:CLK
  To:   Rattlesnake_0/PulseRain_Rattlesnake_MCU_i.PulseRain_Rattlesnake_core_i.Rattlesnake_controller_i.exception_PC_ret_17[13]:EN
  Delay (ns):              8.155
  Slack (ns):              1.887
  Arrival (ns):           12.597
  Required (ns):          14.484

Path 51
  From: Rattlesnake_0/PulseRain_Rattlesnake_MCU_i.PulseRain_Rattlesnake_core_i.Rattlesnake_indirect_pointer_detect_i.X_ret_20:CLK
  To:   Rattlesnake_0/PulseRain_Rattlesnake_MCU_i.PulseRain_Rattlesnake_core_i.Rattlesnake_controller_i.exception_PC_ret_17[15]:EN
  Delay (ns):              8.155
  Slack (ns):              1.887
  Arrival (ns):           12.597
  Required (ns):          14.484

Path 52
  From: Rattlesnake_0/PulseRain_Rattlesnake_MCU_i.PulseRain_Rattlesnake_core_i.Rattlesnake_execution_unit_i.X_ret_37:CLK
  To:   Rattlesnake_0/PulseRain_Rattlesnake_MCU_i.PulseRain_Rattlesnake_core_i.Rattlesnake_controller_i.exception_PC_ret_17[13]:EN
  Delay (ns):              8.152
  Slack (ns):              1.899
  Arrival (ns):           12.585
  Required (ns):          14.484

Path 53
  From: Rattlesnake_0/PulseRain_Rattlesnake_MCU_i.PulseRain_Rattlesnake_core_i.Rattlesnake_execution_unit_i.X_ret_37:CLK
  To:   Rattlesnake_0/PulseRain_Rattlesnake_MCU_i.PulseRain_Rattlesnake_core_i.Rattlesnake_controller_i.exception_PC_ret_17[15]:EN
  Delay (ns):              8.152
  Slack (ns):              1.899
  Arrival (ns):           12.585
  Required (ns):          14.484

Path 54
  From: Rattlesnake_0/PulseRain_Rattlesnake_MCU_i.PulseRain_Rattlesnake_core_i.Rattlesnake_indirect_pointer_detect_i.X_ret_20:CLK
  To:   Rattlesnake_0/PulseRain_Rattlesnake_MCU_i.PulseRain_Rattlesnake_core_i.Rattlesnake_controller_i.exception_PC_ret_17[14]:EN
  Delay (ns):              8.155
  Slack (ns):              1.900
  Arrival (ns):           12.597
  Required (ns):          14.497

Path 55
  From: Rattlesnake_0/PulseRain_Rattlesnake_MCU_i.PulseRain_Rattlesnake_core_i.Rattlesnake_indirect_pointer_detect_i.X_ret_20:CLK
  To:   Rattlesnake_0/PulseRain_Rattlesnake_MCU_i.PulseRain_Rattlesnake_core_i.Rattlesnake_controller_i.exception_PC_ret_17[16]:EN
  Delay (ns):              8.155
  Slack (ns):              1.901
  Arrival (ns):           12.597
  Required (ns):          14.498

Path 56
  From: Rattlesnake_0/PulseRain_Rattlesnake_MCU_i.PulseRain_Rattlesnake_core_i.Rattlesnake_execution_unit_i.Y_fast[1]:CLK
  To:   Rattlesnake_0/PulseRain_Rattlesnake_MCU_i.PulseRain_Rattlesnake_core_i.Rattlesnake_reg_file_i.single_clk_ram_rs2.mem_mem_0_0/INST_RAM64x18_IP:C_DIN[4]
  Delay (ns):              8.635
  Slack (ns):              1.907
  Arrival (ns):           13.066
  Required (ns):          14.973

Path 57
  From: Rattlesnake_0/PulseRain_Rattlesnake_MCU_i.PulseRain_Rattlesnake_core_i.Rattlesnake_execution_unit_i.X_ret_37:CLK
  To:   Rattlesnake_0/PulseRain_Rattlesnake_MCU_i.PulseRain_Rattlesnake_core_i.Rattlesnake_controller_i.exception_PC_ret_17[14]:EN
  Delay (ns):              8.152
  Slack (ns):              1.912
  Arrival (ns):           12.585
  Required (ns):          14.497

Path 58
  From: Rattlesnake_0/PulseRain_Rattlesnake_MCU_i.PulseRain_Rattlesnake_core_i.Rattlesnake_execution_unit_i.X_ret_37:CLK
  To:   Rattlesnake_0/PulseRain_Rattlesnake_MCU_i.PulseRain_Rattlesnake_core_i.Rattlesnake_controller_i.exception_PC_ret_17[16]:EN
  Delay (ns):              8.152
  Slack (ns):              1.913
  Arrival (ns):           12.585
  Required (ns):          14.498

Path 59
  From: Rattlesnake_0/PulseRain_Rattlesnake_MCU_i.PulseRain_Rattlesnake_core_i.Rattlesnake_execution_unit_i.Y_ret_50:CLK
  To:   Rattlesnake_0/PulseRain_Rattlesnake_MCU_i.PulseRain_Rattlesnake_core_i.Rattlesnake_controller_i.exception_PC_ret_17[13]:EN
  Delay (ns):              8.086
  Slack (ns):              1.932
  Arrival (ns):           12.552
  Required (ns):          14.484

Path 60
  From: Rattlesnake_0/PulseRain_Rattlesnake_MCU_i.PulseRain_Rattlesnake_core_i.Rattlesnake_execution_unit_i.Y_ret_50:CLK
  To:   Rattlesnake_0/PulseRain_Rattlesnake_MCU_i.PulseRain_Rattlesnake_core_i.Rattlesnake_controller_i.exception_PC_ret_17[15]:EN
  Delay (ns):              8.086
  Slack (ns):              1.932
  Arrival (ns):           12.552
  Required (ns):          14.484

Path 61
  From: Rattlesnake_0/PulseRain_Rattlesnake_MCU_i.PulseRain_Rattlesnake_core_i.Rattlesnake_execution_unit_i.Y_ret_63:CLK
  To:   Rattlesnake_0/PulseRain_Rattlesnake_MCU_i.PulseRain_Rattlesnake_core_i.Rattlesnake_controller_i.exception_PC_ret_17[13]:EN
  Delay (ns):              8.097
  Slack (ns):              1.935
  Arrival (ns):           12.549
  Required (ns):          14.484

Path 62
  From: Rattlesnake_0/PulseRain_Rattlesnake_MCU_i.PulseRain_Rattlesnake_core_i.Rattlesnake_execution_unit_i.Y_ret_63:CLK
  To:   Rattlesnake_0/PulseRain_Rattlesnake_MCU_i.PulseRain_Rattlesnake_core_i.Rattlesnake_controller_i.exception_PC_ret_17[15]:EN
  Delay (ns):              8.097
  Slack (ns):              1.935
  Arrival (ns):           12.549
  Required (ns):          14.484

Path 63
  From: Rattlesnake_0/PulseRain_Rattlesnake_MCU_i.PulseRain_Rattlesnake_core_i.Rattlesnake_execution_unit_i.Y_ret_50:CLK
  To:   Rattlesnake_0/PulseRain_Rattlesnake_MCU_i.PulseRain_Rattlesnake_core_i.Rattlesnake_controller_i.exception_PC_ret_17[14]:EN
  Delay (ns):              8.086
  Slack (ns):              1.945
  Arrival (ns):           12.552
  Required (ns):          14.497

Path 64
  From: Rattlesnake_0/PulseRain_Rattlesnake_MCU_i.PulseRain_Rattlesnake_core_i.Rattlesnake_execution_unit_i.Y_ret_50:CLK
  To:   Rattlesnake_0/PulseRain_Rattlesnake_MCU_i.PulseRain_Rattlesnake_core_i.Rattlesnake_controller_i.exception_PC_ret_17[16]:EN
  Delay (ns):              8.086
  Slack (ns):              1.946
  Arrival (ns):           12.552
  Required (ns):          14.498

Path 65
  From: Rattlesnake_0/PulseRain_Rattlesnake_MCU_i.PulseRain_Rattlesnake_core_i.Rattlesnake_execution_unit_i.Y_ret_51:CLK
  To:   Rattlesnake_0/PulseRain_Rattlesnake_MCU_i.PulseRain_Rattlesnake_core_i.Rattlesnake_controller_i.exception_PC_ret_17[13]:EN
  Delay (ns):              8.107
  Slack (ns):              1.948
  Arrival (ns):           12.536
  Required (ns):          14.484

Path 66
  From: Rattlesnake_0/PulseRain_Rattlesnake_MCU_i.PulseRain_Rattlesnake_core_i.Rattlesnake_execution_unit_i.Y_ret_51:CLK
  To:   Rattlesnake_0/PulseRain_Rattlesnake_MCU_i.PulseRain_Rattlesnake_core_i.Rattlesnake_controller_i.exception_PC_ret_17[15]:EN
  Delay (ns):              8.107
  Slack (ns):              1.948
  Arrival (ns):           12.536
  Required (ns):          14.484

Path 67
  From: Rattlesnake_0/PulseRain_Rattlesnake_MCU_i.PulseRain_Rattlesnake_core_i.Rattlesnake_execution_unit_i.Y_ret_63:CLK
  To:   Rattlesnake_0/PulseRain_Rattlesnake_MCU_i.PulseRain_Rattlesnake_core_i.Rattlesnake_controller_i.exception_PC_ret_17[14]:EN
  Delay (ns):              8.097
  Slack (ns):              1.948
  Arrival (ns):           12.549
  Required (ns):          14.497

Path 68
  From: Rattlesnake_0/PulseRain_Rattlesnake_MCU_i.PulseRain_Rattlesnake_core_i.Rattlesnake_execution_unit_i.Y_ret_63:CLK
  To:   Rattlesnake_0/PulseRain_Rattlesnake_MCU_i.PulseRain_Rattlesnake_core_i.Rattlesnake_controller_i.exception_PC_ret_17[16]:EN
  Delay (ns):              8.097
  Slack (ns):              1.949
  Arrival (ns):           12.549
  Required (ns):          14.498

Path 69
  From: Rattlesnake_0/PulseRain_Rattlesnake_MCU_i.PulseRain_Rattlesnake_core_i.Rattlesnake_indirect_pointer_detect_i.X_ret_28:CLK
  To:   Rattlesnake_0/PulseRain_Rattlesnake_MCU_i.PulseRain_Rattlesnake_core_i.Rattlesnake_controller_i.exception_PC_ret_17[13]:EN
  Delay (ns):              8.129
  Slack (ns):              1.952
  Arrival (ns):           12.532
  Required (ns):          14.484

Path 70
  From: Rattlesnake_0/PulseRain_Rattlesnake_MCU_i.PulseRain_Rattlesnake_core_i.Rattlesnake_indirect_pointer_detect_i.X_ret_28:CLK
  To:   Rattlesnake_0/PulseRain_Rattlesnake_MCU_i.PulseRain_Rattlesnake_core_i.Rattlesnake_controller_i.exception_PC_ret_17[15]:EN
  Delay (ns):              8.129
  Slack (ns):              1.952
  Arrival (ns):           12.532
  Required (ns):          14.484

Path 71
  From: Rattlesnake_0/PulseRain_Rattlesnake_MCU_i.PulseRain_Rattlesnake_core_i.Rattlesnake_execution_unit_i.Y_ret_51:CLK
  To:   Rattlesnake_0/PulseRain_Rattlesnake_MCU_i.PulseRain_Rattlesnake_core_i.Rattlesnake_controller_i.exception_PC_ret_17[14]:EN
  Delay (ns):              8.107
  Slack (ns):              1.961
  Arrival (ns):           12.536
  Required (ns):          14.497

Path 72
  From: Rattlesnake_0/PulseRain_Rattlesnake_MCU_i.PulseRain_Rattlesnake_core_i.Rattlesnake_reg_file_i.X_ret_12:CLK
  To:   Rattlesnake_0/PulseRain_Rattlesnake_MCU_i.PulseRain_Rattlesnake_core_i.Rattlesnake_controller_i.exception_PC_ret_17[13]:EN
  Delay (ns):              8.093
  Slack (ns):              1.961
  Arrival (ns):           12.523
  Required (ns):          14.484

Path 73
  From: Rattlesnake_0/PulseRain_Rattlesnake_MCU_i.PulseRain_Rattlesnake_core_i.Rattlesnake_reg_file_i.X_ret_12:CLK
  To:   Rattlesnake_0/PulseRain_Rattlesnake_MCU_i.PulseRain_Rattlesnake_core_i.Rattlesnake_controller_i.exception_PC_ret_17[15]:EN
  Delay (ns):              8.093
  Slack (ns):              1.961
  Arrival (ns):           12.523
  Required (ns):          14.484

Path 74
  From: Rattlesnake_0/PulseRain_Rattlesnake_MCU_i.PulseRain_Rattlesnake_core_i.Rattlesnake_execution_unit_i.Y_ret_22:CLK
  To:   Rattlesnake_0/PulseRain_Rattlesnake_MCU_i.PulseRain_Rattlesnake_core_i.Rattlesnake_controller_i.exception_PC_ret_17[13]:EN
  Delay (ns):              8.059
  Slack (ns):              1.962
  Arrival (ns):           12.522
  Required (ns):          14.484

Path 75
  From: Rattlesnake_0/PulseRain_Rattlesnake_MCU_i.PulseRain_Rattlesnake_core_i.Rattlesnake_execution_unit_i.Y_ret_22:CLK
  To:   Rattlesnake_0/PulseRain_Rattlesnake_MCU_i.PulseRain_Rattlesnake_core_i.Rattlesnake_controller_i.exception_PC_ret_17[15]:EN
  Delay (ns):              8.059
  Slack (ns):              1.962
  Arrival (ns):           12.522
  Required (ns):          14.484

Path 76
  From: Rattlesnake_0/PulseRain_Rattlesnake_MCU_i.PulseRain_Rattlesnake_core_i.Rattlesnake_execution_unit_i.Y_ret_51:CLK
  To:   Rattlesnake_0/PulseRain_Rattlesnake_MCU_i.PulseRain_Rattlesnake_core_i.Rattlesnake_controller_i.exception_PC_ret_17[16]:EN
  Delay (ns):              8.107
  Slack (ns):              1.962
  Arrival (ns):           12.536
  Required (ns):          14.498

Path 77
  From: Rattlesnake_0/PulseRain_Rattlesnake_MCU_i.PulseRain_Rattlesnake_core_i.Rattlesnake_indirect_pointer_detect_i.X_ret_28:CLK
  To:   Rattlesnake_0/PulseRain_Rattlesnake_MCU_i.PulseRain_Rattlesnake_core_i.Rattlesnake_controller_i.exception_PC_ret_17[14]:EN
  Delay (ns):              8.129
  Slack (ns):              1.965
  Arrival (ns):           12.532
  Required (ns):          14.497

Path 78
  From: Rattlesnake_0/PulseRain_Rattlesnake_MCU_i.PulseRain_Rattlesnake_core_i.Rattlesnake_indirect_pointer_detect_i.X_ret_28:CLK
  To:   Rattlesnake_0/PulseRain_Rattlesnake_MCU_i.PulseRain_Rattlesnake_core_i.Rattlesnake_controller_i.exception_PC_ret_17[16]:EN
  Delay (ns):              8.129
  Slack (ns):              1.966
  Arrival (ns):           12.532
  Required (ns):          14.498

Path 79
  From: Rattlesnake_0/PulseRain_Rattlesnake_MCU_i.PulseRain_Rattlesnake_core_i.Rattlesnake_execution_unit_i.Y_ret_25:CLK
  To:   Rattlesnake_0/PulseRain_Rattlesnake_MCU_i.PulseRain_Rattlesnake_core_i.Rattlesnake_controller_i.exception_PC_ret_158:EN
  Delay (ns):              8.046
  Slack (ns):              1.971
  Arrival (ns):           12.498
  Required (ns):          14.469

Path 80
  From: Rattlesnake_0/PulseRain_Rattlesnake_MCU_i.PulseRain_Rattlesnake_core_i.Rattlesnake_execution_unit_i.Y_ret_25:CLK
  To:   Rattlesnake_0/PulseRain_Rattlesnake_MCU_i.PulseRain_Rattlesnake_core_i.Rattlesnake_controller_i.exception_PC_ret_179:EN
  Delay (ns):              8.046
  Slack (ns):              1.971
  Arrival (ns):           12.498
  Required (ns):          14.469

Path 81
  From: Rattlesnake_0/PulseRain_Rattlesnake_MCU_i.PulseRain_Rattlesnake_core_i.Rattlesnake_reg_file_i.X_ret_12:CLK
  To:   Rattlesnake_0/PulseRain_Rattlesnake_MCU_i.PulseRain_Rattlesnake_core_i.Rattlesnake_controller_i.exception_PC_ret_17[14]:EN
  Delay (ns):              8.093
  Slack (ns):              1.974
  Arrival (ns):           12.523
  Required (ns):          14.497

Path 82
  From: Rattlesnake_0/PulseRain_Rattlesnake_MCU_i.PulseRain_Rattlesnake_core_i.Rattlesnake_execution_unit_i.Y_ret_22:CLK
  To:   Rattlesnake_0/PulseRain_Rattlesnake_MCU_i.PulseRain_Rattlesnake_core_i.Rattlesnake_controller_i.exception_PC_ret_17[14]:EN
  Delay (ns):              8.059
  Slack (ns):              1.975
  Arrival (ns):           12.522
  Required (ns):          14.497

Path 83
  From: Rattlesnake_0/PulseRain_Rattlesnake_MCU_i.PulseRain_Rattlesnake_core_i.Rattlesnake_indirect_pointer_detect_i.X_ret_18:CLK
  To:   Rattlesnake_0/PulseRain_Rattlesnake_MCU_i.PulseRain_Rattlesnake_core_i.Rattlesnake_controller_i.exception_PC_ret_17[13]:EN
  Delay (ns):              8.067
  Slack (ns):              1.975
  Arrival (ns):           12.509
  Required (ns):          14.484

Path 84
  From: Rattlesnake_0/PulseRain_Rattlesnake_MCU_i.PulseRain_Rattlesnake_core_i.Rattlesnake_indirect_pointer_detect_i.X_ret_18:CLK
  To:   Rattlesnake_0/PulseRain_Rattlesnake_MCU_i.PulseRain_Rattlesnake_core_i.Rattlesnake_controller_i.exception_PC_ret_17[15]:EN
  Delay (ns):              8.067
  Slack (ns):              1.975
  Arrival (ns):           12.509
  Required (ns):          14.484

Path 85
  From: Rattlesnake_0/PulseRain_Rattlesnake_MCU_i.PulseRain_Rattlesnake_core_i.Rattlesnake_reg_file_i.X_ret_12:CLK
  To:   Rattlesnake_0/PulseRain_Rattlesnake_MCU_i.PulseRain_Rattlesnake_core_i.Rattlesnake_controller_i.exception_PC_ret_17[16]:EN
  Delay (ns):              8.093
  Slack (ns):              1.975
  Arrival (ns):           12.523
  Required (ns):          14.498

Path 86
  From: Rattlesnake_0/PulseRain_Rattlesnake_MCU_i.PulseRain_Rattlesnake_core_i.Rattlesnake_execution_unit_i.Y_ret_22:CLK
  To:   Rattlesnake_0/PulseRain_Rattlesnake_MCU_i.PulseRain_Rattlesnake_core_i.Rattlesnake_controller_i.exception_PC_ret_17[16]:EN
  Delay (ns):              8.059
  Slack (ns):              1.976
  Arrival (ns):           12.522
  Required (ns):          14.498

Path 87
  From: Rattlesnake_0/PulseRain_Rattlesnake_MCU_i.PulseRain_Rattlesnake_core_i.Rattlesnake_execution_unit_i.Y_ret_62:CLK
  To:   Rattlesnake_0/PulseRain_Rattlesnake_MCU_i.PulseRain_Rattlesnake_core_i.Rattlesnake_controller_i.exception_PC_ret_17[13]:EN
  Delay (ns):              8.061
  Slack (ns):              1.979
  Arrival (ns):           12.505
  Required (ns):          14.484

Path 88
  From: Rattlesnake_0/PulseRain_Rattlesnake_MCU_i.PulseRain_Rattlesnake_core_i.Rattlesnake_execution_unit_i.Y_ret_62:CLK
  To:   Rattlesnake_0/PulseRain_Rattlesnake_MCU_i.PulseRain_Rattlesnake_core_i.Rattlesnake_controller_i.exception_PC_ret_17[15]:EN
  Delay (ns):              8.061
  Slack (ns):              1.979
  Arrival (ns):           12.505
  Required (ns):          14.484

Path 89
  From: Rattlesnake_0/PulseRain_Rattlesnake_MCU_i.PulseRain_Rattlesnake_core_i.Rattlesnake_execution_unit_i.Y_ret_25:CLK
  To:   Rattlesnake_0/PulseRain_Rattlesnake_MCU_i.PulseRain_Rattlesnake_core_i.Rattlesnake_controller_i.exception_PC_ret_157:EN
  Delay (ns):              8.046
  Slack (ns):              1.981
  Arrival (ns):           12.498
  Required (ns):          14.479

Path 90
  From: Rattlesnake_0/PulseRain_Rattlesnake_MCU_i.PulseRain_Rattlesnake_core_i.Rattlesnake_execution_unit_i.Y_ret_25:CLK
  To:   Rattlesnake_0/PulseRain_Rattlesnake_MCU_i.PulseRain_Rattlesnake_core_i.Rattlesnake_controller_i.exception_PC_ret_159:EN
  Delay (ns):              8.046
  Slack (ns):              1.982
  Arrival (ns):           12.498
  Required (ns):          14.480

Path 91
  From: Rattlesnake_0/PulseRain_Rattlesnake_MCU_i.PulseRain_Rattlesnake_core_i.Rattlesnake_execution_unit_i.Y_ret_25:CLK
  To:   Rattlesnake_0/PulseRain_Rattlesnake_MCU_i.PulseRain_Rattlesnake_core_i.Rattlesnake_controller_i.exception_PC_ret_191:EN
  Delay (ns):              8.046
  Slack (ns):              1.982
  Arrival (ns):           12.498
  Required (ns):          14.480

Path 92
  From: Rattlesnake_0/PulseRain_Rattlesnake_MCU_i.PulseRain_Rattlesnake_core_i.Rattlesnake_controller_i.exception_PC_ret_120:CLK
  To:   Rattlesnake_0/PulseRain_Rattlesnake_MCU_i.PulseRain_Rattlesnake_core_i.Rattlesnake_CSR_i.mepc[27]:D
  Delay (ns):              8.117
  Slack (ns):              1.986
  Arrival (ns):           12.561
  Required (ns):          14.547

Path 93
  From: Rattlesnake_0/PulseRain_Rattlesnake_MCU_i.PulseRain_Rattlesnake_core_i.Rattlesnake_execution_unit_i.X_ret_61:CLK
  To:   Rattlesnake_0/PulseRain_Rattlesnake_MCU_i.PulseRain_Rattlesnake_core_i.Rattlesnake_controller_i.exception_PC_ret_17[13]:EN
  Delay (ns):              8.056
  Slack (ns):              1.988
  Arrival (ns):           12.496
  Required (ns):          14.484

Path 94
  From: Rattlesnake_0/PulseRain_Rattlesnake_MCU_i.PulseRain_Rattlesnake_core_i.Rattlesnake_execution_unit_i.X_ret_61:CLK
  To:   Rattlesnake_0/PulseRain_Rattlesnake_MCU_i.PulseRain_Rattlesnake_core_i.Rattlesnake_controller_i.exception_PC_ret_17[15]:EN
  Delay (ns):              8.056
  Slack (ns):              1.988
  Arrival (ns):           12.496
  Required (ns):          14.484

Path 95
  From: Rattlesnake_0/PulseRain_Rattlesnake_MCU_i.PulseRain_Rattlesnake_core_i.Rattlesnake_execution_unit_i.Y_ret_25:CLK
  To:   Rattlesnake_0/PulseRain_Rattlesnake_MCU_i.PulseRain_Rattlesnake_core_i.Rattlesnake_controller_i.exception_PC_ret_17[11]:EN
  Delay (ns):              8.044
  Slack (ns):              1.988
  Arrival (ns):           12.496
  Required (ns):          14.484

Path 96
  From: Rattlesnake_0/PulseRain_Rattlesnake_MCU_i.PulseRain_Rattlesnake_core_i.Rattlesnake_execution_unit_i.Y_ret_25:CLK
  To:   Rattlesnake_0/PulseRain_Rattlesnake_MCU_i.PulseRain_Rattlesnake_core_i.Rattlesnake_controller_i.exception_PC_ret_17[9]:EN
  Delay (ns):              8.044
  Slack (ns):              1.988
  Arrival (ns):           12.496
  Required (ns):          14.484

Path 97
  From: Rattlesnake_0/PulseRain_Rattlesnake_MCU_i.PulseRain_Rattlesnake_core_i.Rattlesnake_indirect_pointer_detect_i.X_ret_18:CLK
  To:   Rattlesnake_0/PulseRain_Rattlesnake_MCU_i.PulseRain_Rattlesnake_core_i.Rattlesnake_controller_i.exception_PC_ret_17[14]:EN
  Delay (ns):              8.067
  Slack (ns):              1.988
  Arrival (ns):           12.509
  Required (ns):          14.497

Path 98
  From: Rattlesnake_0/PulseRain_Rattlesnake_MCU_i.PulseRain_Rattlesnake_core_i.Rattlesnake_execution_unit_i.X_ret_53:CLK
  To:   Rattlesnake_0/PulseRain_Rattlesnake_MCU_i.PulseRain_Rattlesnake_core_i.Rattlesnake_controller_i.exception_PC_ret_17[13]:EN
  Delay (ns):              8.032
  Slack (ns):              1.989
  Arrival (ns):           12.495
  Required (ns):          14.484

Path 99
  From: Rattlesnake_0/PulseRain_Rattlesnake_MCU_i.PulseRain_Rattlesnake_core_i.Rattlesnake_execution_unit_i.X_ret_53:CLK
  To:   Rattlesnake_0/PulseRain_Rattlesnake_MCU_i.PulseRain_Rattlesnake_core_i.Rattlesnake_controller_i.exception_PC_ret_17[15]:EN
  Delay (ns):              8.032
  Slack (ns):              1.989
  Arrival (ns):           12.495
  Required (ns):          14.484

Path 100
  From: Rattlesnake_0/PulseRain_Rattlesnake_MCU_i.PulseRain_Rattlesnake_core_i.Rattlesnake_indirect_pointer_detect_i.X_ret_18:CLK
  To:   Rattlesnake_0/PulseRain_Rattlesnake_MCU_i.PulseRain_Rattlesnake_core_i.Rattlesnake_controller_i.exception_PC_ret_17[16]:EN
  Delay (ns):              8.067
  Slack (ns):              1.989
  Arrival (ns):           12.509
  Required (ns):          14.498

