Timing Violation Report Max Delay Analysis

SmartTime Version v12.1
Microsemi Corporation - Microsemi Libero Software Release v12.1 (Version 12.600.0.14)
Date: Thu Aug 29 20:07:40 2019


Design: creative
Family: IGLOO2
Die: M2GL025
Package: 256 VF
Temperature Range: 0 - 85 C
Voltage Range: 1.14 - 1.26 V
Speed Grade: STD
Design State: Post-Layout
Data source: Production
Min Operating Conditions: BEST - 1.26 V - 0 C
Max Operating Conditions: WORST - 1.14 V - 85 C
Scenario for Timing Analysis: timing_analysis


Path 1
  From: Rattlesnake_0/PulseRain_Rattlesnake_MCU_i.PulseRain_Rattlesnake_core_i.Rattlesnake_block_write_detect_i.mem_addr_blk_wr_end_i[1]:CLK
  To:   Rattlesnake_0/PulseRain_Rattlesnake_MCU_i.mem_controller_i.genblk1.ram_high_i.gen_if_proc.gen_for_proc_1st[1].ram_9bit_1st.mem_mem_0_4/INST_RAM1K18_IP:A_DIN[0]
  Delay (ns):              8.348
  Slack (ns):             -0.769
  Arrival (ns):           12.777
  Required (ns):          12.008

Path 2
  From: Rattlesnake_0/PulseRain_Rattlesnake_MCU_i.PulseRain_Rattlesnake_core_i.Rattlesnake_mm_reg_i.mem_we_ret:CLK
  To:   Rattlesnake_0/PulseRain_Rattlesnake_MCU_i.mem_controller_i.genblk1.ram_high_i.gen_if_proc.gen_for_proc_1st[1].ram_9bit_1st.mem_mem_0_4/INST_RAM1K18_IP:A_DIN[0]
  Delay (ns):              8.347
  Slack (ns):             -0.768
  Arrival (ns):           12.776
  Required (ns):          12.008

Path 3
  From: Rattlesnake_0/PulseRain_Rattlesnake_MCU_i.PulseRain_Rattlesnake_core_i.Rattlesnake_block_write_detect_i.mem_addr_blk_wr_end_i[1]:CLK
  To:   Rattlesnake_0/PulseRain_Rattlesnake_MCU_i.mem_controller_i.genblk1.ram_low_i.gen_if_proc.gen_for_proc_1st[1].ram_9bit_1st.mem_mem_0_4/INST_RAM1K18_IP:A_DIN[0]
  Delay (ns):              8.335
  Slack (ns):             -0.753
  Arrival (ns):           12.764
  Required (ns):          12.011

Path 4
  From: Rattlesnake_0/PulseRain_Rattlesnake_MCU_i.PulseRain_Rattlesnake_core_i.Rattlesnake_mm_reg_i.mem_we_ret:CLK
  To:   Rattlesnake_0/PulseRain_Rattlesnake_MCU_i.mem_controller_i.genblk1.ram_low_i.gen_if_proc.gen_for_proc_1st[1].ram_9bit_1st.mem_mem_0_4/INST_RAM1K18_IP:A_DIN[0]
  Delay (ns):              8.334
  Slack (ns):             -0.752
  Arrival (ns):           12.763
  Required (ns):          12.011

Path 5
  From: Rattlesnake_0/PulseRain_Rattlesnake_MCU_i.PulseRain_Rattlesnake_core_i.Rattlesnake_execution_unit_i.Y_ret_30:CLK
  To:   Rattlesnake_0/PulseRain_Rattlesnake_MCU_i.PulseRain_Rattlesnake_core_i.Rattlesnake_controller_i.exception_PC_ret_0[10]:EN
  Delay (ns):              8.164
  Slack (ns):             -0.748
  Arrival (ns):           12.626
  Required (ns):          11.878

Path 6
  From: Rattlesnake_0/PulseRain_Rattlesnake_MCU_i.PulseRain_Rattlesnake_core_i.Rattlesnake_execution_unit_i.Y_ret_30:CLK
  To:   Rattlesnake_0/PulseRain_Rattlesnake_MCU_i.PulseRain_Rattlesnake_core_i.Rattlesnake_controller_i.exception_PC_ret_0[13]:EN
  Delay (ns):              8.164
  Slack (ns):             -0.748
  Arrival (ns):           12.626
  Required (ns):          11.878

Path 7
  From: Rattlesnake_0/PulseRain_Rattlesnake_MCU_i.PulseRain_Rattlesnake_core_i.Rattlesnake_execution_unit_i.Y_ret_30:CLK
  To:   Rattlesnake_0/PulseRain_Rattlesnake_MCU_i.PulseRain_Rattlesnake_core_i.Rattlesnake_controller_i.exception_PC_ret_0[11]:EN
  Delay (ns):              8.164
  Slack (ns):             -0.735
  Arrival (ns):           12.626
  Required (ns):          11.891

Path 8
  From: Rattlesnake_0/PulseRain_Rattlesnake_MCU_i.PulseRain_Rattlesnake_core_i.Rattlesnake_execution_unit_i.Y_ret_30:CLK
  To:   Rattlesnake_0/PulseRain_Rattlesnake_MCU_i.PulseRain_Rattlesnake_core_i.Rattlesnake_controller_i.exception_PC_ret_0[12]:EN
  Delay (ns):              8.164
  Slack (ns):             -0.734
  Arrival (ns):           12.626
  Required (ns):          11.892

Path 9
  From: Rattlesnake_0/PulseRain_Rattlesnake_MCU_i.PulseRain_Rattlesnake_core_i.Rattlesnake_execution_unit_i.Y_ret_30:CLK
  To:   Rattlesnake_0/PulseRain_Rattlesnake_MCU_i.PulseRain_Rattlesnake_core_i.Rattlesnake_controller_i.exception_PC_ret_0[9]:EN
  Delay (ns):              8.164
  Slack (ns):             -0.733
  Arrival (ns):           12.626
  Required (ns):          11.893

Path 10
  From: Rattlesnake_0/PulseRain_Rattlesnake_MCU_i.PulseRain_Rattlesnake_core_i.Rattlesnake_execution_unit_i.Y_ret_30:CLK
  To:   Rattlesnake_0/PulseRain_Rattlesnake_MCU_i.PulseRain_Rattlesnake_core_i.Rattlesnake_controller_i.exception_PC_ret_66[20]:EN
  Delay (ns):              8.122
  Slack (ns):             -0.718
  Arrival (ns):           12.584
  Required (ns):          11.866

Path 11
  From: Rattlesnake_0/PulseRain_Rattlesnake_MCU_i.PulseRain_Rattlesnake_core_i.Rattlesnake_block_write_detect_i.mem_addr_blk_wr_end_i[3]:CLK
  To:   Rattlesnake_0/PulseRain_Rattlesnake_MCU_i.mem_controller_i.genblk1.ram_high_i.gen_if_proc.gen_for_proc_1st[1].ram_9bit_1st.mem_mem_0_4/INST_RAM1K18_IP:A_DIN[0]
  Delay (ns):              8.292
  Slack (ns):             -0.712
  Arrival (ns):           12.720
  Required (ns):          12.008

Path 12
  From: Rattlesnake_0/PulseRain_Rattlesnake_MCU_i.PulseRain_Rattlesnake_core_i.Rattlesnake_block_write_detect_i.mem_addr_blk_wr_end_i[3]:CLK
  To:   Rattlesnake_0/PulseRain_Rattlesnake_MCU_i.mem_controller_i.genblk1.ram_low_i.gen_if_proc.gen_for_proc_1st[1].ram_9bit_1st.mem_mem_0_4/INST_RAM1K18_IP:A_DIN[0]
  Delay (ns):              8.279
  Slack (ns):             -0.696
  Arrival (ns):           12.707
  Required (ns):          12.011

Path 13
  From: Rattlesnake_0/PulseRain_Rattlesnake_MCU_i.PulseRain_Rattlesnake_core_i.Rattlesnake_execution_unit_i.Y_0_rep1:CLK
  To:   Rattlesnake_0/PulseRain_Rattlesnake_MCU_i.PulseRain_Rattlesnake_core_i.Rattlesnake_reg_file_i.single_clk_ram_rs2.mem_mem_0_0/INST_RAM64x18_IP:C_DIN[4]
  Delay (ns):              8.618
  Slack (ns):             -0.686
  Arrival (ns):           13.064
  Required (ns):          12.378

Path 14
  From: Rattlesnake_0/PulseRain_Rattlesnake_MCU_i.PulseRain_Rattlesnake_core_i.Rattlesnake_execution_unit_i.Y_ret_30:CLK
  To:   Rattlesnake_0/PulseRain_Rattlesnake_MCU_i.PulseRain_Rattlesnake_core_i.Rattlesnake_controller_i.exception_PC_ret_17[1]:EN
  Delay (ns):              8.093
  Slack (ns):             -0.684
  Arrival (ns):           12.555
  Required (ns):          11.871

Path 15
  From: Rattlesnake_0/PulseRain_Rattlesnake_MCU_i.PulseRain_Rattlesnake_core_i.Rattlesnake_execution_unit_i.X_ret_46:CLK
  To:   Rattlesnake_0/PulseRain_Rattlesnake_MCU_i.PulseRain_Rattlesnake_core_i.Rattlesnake_controller_i.exception_PC_ret_0[10]:EN
  Delay (ns):              8.059
  Slack (ns):             -0.648
  Arrival (ns):           12.526
  Required (ns):          11.878

Path 16
  From: Rattlesnake_0/PulseRain_Rattlesnake_MCU_i.PulseRain_Rattlesnake_core_i.Rattlesnake_execution_unit_i.X_ret_46:CLK
  To:   Rattlesnake_0/PulseRain_Rattlesnake_MCU_i.PulseRain_Rattlesnake_core_i.Rattlesnake_controller_i.exception_PC_ret_0[13]:EN
  Delay (ns):              8.059
  Slack (ns):             -0.648
  Arrival (ns):           12.526
  Required (ns):          11.878

Path 17
  From: Rattlesnake_0/PulseRain_Rattlesnake_MCU_i.PulseRain_Rattlesnake_core_i.Rattlesnake_block_write_detect_i.mem_addr_blk_wr_end_i[2]:CLK
  To:   Rattlesnake_0/PulseRain_Rattlesnake_MCU_i.mem_controller_i.genblk1.ram_high_i.gen_if_proc.gen_for_proc_1st[1].ram_9bit_1st.mem_mem_0_4/INST_RAM1K18_IP:A_DIN[0]
  Delay (ns):              8.234
  Slack (ns):             -0.644
  Arrival (ns):           12.652
  Required (ns):          12.008

Path 18
  From: Rattlesnake_0/PulseRain_Rattlesnake_MCU_i.PulseRain_Rattlesnake_core_i.Rattlesnake_execution_unit_i.X_ret_46:CLK
  To:   Rattlesnake_0/PulseRain_Rattlesnake_MCU_i.PulseRain_Rattlesnake_core_i.Rattlesnake_controller_i.exception_PC_ret_0[11]:EN
  Delay (ns):              8.059
  Slack (ns):             -0.635
  Arrival (ns):           12.526
  Required (ns):          11.891

Path 19
  From: Rattlesnake_0/PulseRain_Rattlesnake_MCU_i.PulseRain_Rattlesnake_core_i.Rattlesnake_execution_unit_i.X_ret_46:CLK
  To:   Rattlesnake_0/PulseRain_Rattlesnake_MCU_i.PulseRain_Rattlesnake_core_i.Rattlesnake_controller_i.exception_PC_ret_0[12]:EN
  Delay (ns):              8.059
  Slack (ns):             -0.634
  Arrival (ns):           12.526
  Required (ns):          11.892

Path 20
  From: Rattlesnake_0/PulseRain_Rattlesnake_MCU_i.PulseRain_Rattlesnake_core_i.Rattlesnake_execution_unit_i.X_ret_46:CLK
  To:   Rattlesnake_0/PulseRain_Rattlesnake_MCU_i.PulseRain_Rattlesnake_core_i.Rattlesnake_controller_i.exception_PC_ret_0[9]:EN
  Delay (ns):              8.059
  Slack (ns):             -0.633
  Arrival (ns):           12.526
  Required (ns):          11.893

Path 21
  From: Rattlesnake_0/PulseRain_Rattlesnake_MCU_i.PulseRain_Rattlesnake_core_i.Rattlesnake_block_write_detect_i.mem_addr_blk_wr_end_i[2]:CLK
  To:   Rattlesnake_0/PulseRain_Rattlesnake_MCU_i.mem_controller_i.genblk1.ram_low_i.gen_if_proc.gen_for_proc_1st[1].ram_9bit_1st.mem_mem_0_4/INST_RAM1K18_IP:A_DIN[0]
  Delay (ns):              8.221
  Slack (ns):             -0.628
  Arrival (ns):           12.639
  Required (ns):          12.011

Path 22
  From: Rattlesnake_0/PulseRain_Rattlesnake_MCU_i.PulseRain_Rattlesnake_core_i.Rattlesnake_execution_unit_i.Y_ret_30:CLK
  To:   Rattlesnake_0/PulseRain_Rattlesnake_MCU_i.PulseRain_Rattlesnake_core_i.Rattlesnake_controller_i.exception_PC_ret_156:EN
  Delay (ns):              8.044
  Slack (ns):             -0.628
  Arrival (ns):           12.506
  Required (ns):          11.878

Path 23
  From: Rattlesnake_0/PulseRain_Rattlesnake_MCU_i.PulseRain_Rattlesnake_core_i.Rattlesnake_execution_unit_i.Y_ret_30:CLK
  To:   Rattlesnake_0/PulseRain_Rattlesnake_MCU_i.PulseRain_Rattlesnake_core_i.Rattlesnake_controller_i.exception_PC_ret_175:EN
  Delay (ns):              8.044
  Slack (ns):             -0.628
  Arrival (ns):           12.506
  Required (ns):          11.878

Path 24
  From: Rattlesnake_0/PulseRain_Rattlesnake_MCU_i.PulseRain_Rattlesnake_core_i.Rattlesnake_execution_unit_i.X_ret_46:CLK
  To:   Rattlesnake_0/PulseRain_Rattlesnake_MCU_i.PulseRain_Rattlesnake_core_i.Rattlesnake_controller_i.exception_PC_ret_66[20]:EN
  Delay (ns):              8.017
  Slack (ns):             -0.618
  Arrival (ns):           12.484
  Required (ns):          11.866

Path 25
  From: Rattlesnake_0/PulseRain_Rattlesnake_MCU_i.PulseRain_Rattlesnake_core_i.Rattlesnake_execution_unit_i.Y_ret_30:CLK
  To:   Rattlesnake_0/PulseRain_Rattlesnake_MCU_i.PulseRain_Rattlesnake_core_i.Rattlesnake_controller_i.exception_PC_ret_128:EN
  Delay (ns):              8.044
  Slack (ns):             -0.617
  Arrival (ns):           12.506
  Required (ns):          11.889

Path 26
  From: Rattlesnake_0/PulseRain_Rattlesnake_MCU_i.PulseRain_Rattlesnake_core_i.Rattlesnake_execution_unit_i.Y_ret_30:CLK
  To:   Rattlesnake_0/PulseRain_Rattlesnake_MCU_i.PulseRain_Rattlesnake_core_i.Rattlesnake_controller_i.exception_PC_ret_191:EN
  Delay (ns):              8.044
  Slack (ns):             -0.617
  Arrival (ns):           12.506
  Required (ns):          11.889

Path 27
  From: Rattlesnake_0/PulseRain_Rattlesnake_MCU_i.PulseRain_Rattlesnake_core_i.Rattlesnake_execution_unit_i.Y_ret_52:CLK
  To:   Rattlesnake_0/PulseRain_Rattlesnake_MCU_i.PulseRain_Rattlesnake_core_i.Rattlesnake_controller_i.exception_PC_ret_0[10]:EN
  Delay (ns):              8.023
  Slack (ns):             -0.617
  Arrival (ns):           12.495
  Required (ns):          11.878

Path 28
  From: Rattlesnake_0/PulseRain_Rattlesnake_MCU_i.PulseRain_Rattlesnake_core_i.Rattlesnake_execution_unit_i.Y_ret_52:CLK
  To:   Rattlesnake_0/PulseRain_Rattlesnake_MCU_i.PulseRain_Rattlesnake_core_i.Rattlesnake_controller_i.exception_PC_ret_0[13]:EN
  Delay (ns):              8.023
  Slack (ns):             -0.617
  Arrival (ns):           12.495
  Required (ns):          11.878

Path 29
  From: Rattlesnake_0/PulseRain_Rattlesnake_MCU_i.PulseRain_Rattlesnake_core_i.Rattlesnake_execution_unit_i.X[0]:CLK
  To:   Rattlesnake_0/PulseRain_Rattlesnake_MCU_i.PulseRain_Rattlesnake_core_i.Rattlesnake_reg_file_i.single_clk_ram_rs2.mem_mem_0_0/INST_RAM64x18_IP:C_DIN[4]
  Delay (ns):              8.507
  Slack (ns):             -0.608
  Arrival (ns):           12.986
  Required (ns):          12.378

Path 30
  From: Rattlesnake_0/PulseRain_Rattlesnake_MCU_i.PulseRain_Rattlesnake_core_i.Rattlesnake_execution_unit_i.Y_ret_30:CLK
  To:   Rattlesnake_0/PulseRain_Rattlesnake_MCU_i.PulseRain_Rattlesnake_core_i.Rattlesnake_controller_i.exception_PC_ret_17[29]:EN
  Delay (ns):              8.029
  Slack (ns):             -0.604
  Arrival (ns):           12.491
  Required (ns):          11.887

Path 31
  From: Rattlesnake_0/PulseRain_Rattlesnake_MCU_i.PulseRain_Rattlesnake_core_i.Rattlesnake_execution_unit_i.Y_ret_52:CLK
  To:   Rattlesnake_0/PulseRain_Rattlesnake_MCU_i.PulseRain_Rattlesnake_core_i.Rattlesnake_controller_i.exception_PC_ret_0[11]:EN
  Delay (ns):              8.023
  Slack (ns):             -0.604
  Arrival (ns):           12.495
  Required (ns):          11.891

Path 32
  From: Rattlesnake_0/PulseRain_Rattlesnake_MCU_i.PulseRain_Rattlesnake_core_i.Rattlesnake_execution_unit_i.Y_ret_27:CLK
  To:   Rattlesnake_0/PulseRain_Rattlesnake_MCU_i.PulseRain_Rattlesnake_core_i.Rattlesnake_controller_i.exception_PC_ret_0[10]:EN
  Delay (ns):              8.014
  Slack (ns):             -0.603
  Arrival (ns):           12.481
  Required (ns):          11.878

Path 33
  From: Rattlesnake_0/PulseRain_Rattlesnake_MCU_i.PulseRain_Rattlesnake_core_i.Rattlesnake_execution_unit_i.Y_ret_27:CLK
  To:   Rattlesnake_0/PulseRain_Rattlesnake_MCU_i.PulseRain_Rattlesnake_core_i.Rattlesnake_controller_i.exception_PC_ret_0[13]:EN
  Delay (ns):              8.014
  Slack (ns):             -0.603
  Arrival (ns):           12.481
  Required (ns):          11.878

Path 34
  From: Rattlesnake_0/PulseRain_Rattlesnake_MCU_i.PulseRain_Rattlesnake_core_i.Rattlesnake_execution_unit_i.Y_ret_52:CLK
  To:   Rattlesnake_0/PulseRain_Rattlesnake_MCU_i.PulseRain_Rattlesnake_core_i.Rattlesnake_controller_i.exception_PC_ret_0[12]:EN
  Delay (ns):              8.023
  Slack (ns):             -0.603
  Arrival (ns):           12.495
  Required (ns):          11.892

Path 35
  From: Rattlesnake_0/PulseRain_Rattlesnake_MCU_i.PulseRain_Rattlesnake_core_i.Rattlesnake_execution_unit_i.Y_ret_52:CLK
  To:   Rattlesnake_0/PulseRain_Rattlesnake_MCU_i.PulseRain_Rattlesnake_core_i.Rattlesnake_controller_i.exception_PC_ret_0[9]:EN
  Delay (ns):              8.023
  Slack (ns):             -0.602
  Arrival (ns):           12.495
  Required (ns):          11.893

Path 36
  From: Rattlesnake_0/PulseRain_Rattlesnake_MCU_i.PulseRain_Rattlesnake_core_i.Rattlesnake_execution_unit_i.Y_ret_30:CLK
  To:   Rattlesnake_0/PulseRain_Rattlesnake_MCU_i.PulseRain_Rattlesnake_core_i.Rattlesnake_controller_i.exception_PC_ret_66[11]:EN
  Delay (ns):              8.009
  Slack (ns):             -0.593
  Arrival (ns):           12.471
  Required (ns):          11.878

Path 37
  From: Rattlesnake_0/PulseRain_Rattlesnake_MCU_i.PulseRain_Rattlesnake_core_i.Rattlesnake_execution_unit_i.Y_ret_30:CLK
  To:   Rattlesnake_0/PulseRain_Rattlesnake_MCU_i.PulseRain_Rattlesnake_core_i.Rattlesnake_controller_i.exception_PC_ret_66[12]:EN
  Delay (ns):              8.009
  Slack (ns):             -0.593
  Arrival (ns):           12.471
  Required (ns):          11.878

Path 38
  From: Rattlesnake_0/PulseRain_Rattlesnake_MCU_i.PulseRain_Rattlesnake_core_i.Rattlesnake_execution_unit_i.Y_ret_30:CLK
  To:   Rattlesnake_0/PulseRain_Rattlesnake_MCU_i.PulseRain_Rattlesnake_core_i.Rattlesnake_controller_i.exception_PC_ret_17[28]:EN
  Delay (ns):              8.030
  Slack (ns):             -0.591
  Arrival (ns):           12.492
  Required (ns):          11.901

Path 39
  From: Rattlesnake_0/PulseRain_Rattlesnake_MCU_i.PulseRain_Rattlesnake_core_i.Rattlesnake_execution_unit_i.Y_ret_30:CLK
  To:   Rattlesnake_0/PulseRain_Rattlesnake_MCU_i.PulseRain_Rattlesnake_core_i.Rattlesnake_controller_i.exception_PC_ret_17[30]:EN
  Delay (ns):              8.030
  Slack (ns):             -0.591
  Arrival (ns):           12.492
  Required (ns):          11.901

Path 40
  From: Rattlesnake_0/PulseRain_Rattlesnake_MCU_i.PulseRain_Rattlesnake_core_i.Rattlesnake_execution_unit_i.Y_ret_30:CLK
  To:   Rattlesnake_0/PulseRain_Rattlesnake_MCU_i.PulseRain_Rattlesnake_core_i.Rattlesnake_controller_i.exception_PC_ret_17[31]:EN
  Delay (ns):              8.030
  Slack (ns):             -0.591
  Arrival (ns):           12.492
  Required (ns):          11.901

Path 41
  From: Rattlesnake_0/PulseRain_Rattlesnake_MCU_i.PulseRain_Rattlesnake_core_i.Rattlesnake_execution_unit_i.Y_ret_27:CLK
  To:   Rattlesnake_0/PulseRain_Rattlesnake_MCU_i.PulseRain_Rattlesnake_core_i.Rattlesnake_controller_i.exception_PC_ret_0[11]:EN
  Delay (ns):              8.014
  Slack (ns):             -0.590
  Arrival (ns):           12.481
  Required (ns):          11.891

Path 42
  From: Rattlesnake_0/PulseRain_Rattlesnake_MCU_i.PulseRain_Rattlesnake_core_i.Rattlesnake_execution_unit_i.Y_ret_27:CLK
  To:   Rattlesnake_0/PulseRain_Rattlesnake_MCU_i.PulseRain_Rattlesnake_core_i.Rattlesnake_controller_i.exception_PC_ret_0[12]:EN
  Delay (ns):              8.014
  Slack (ns):             -0.589
  Arrival (ns):           12.481
  Required (ns):          11.892

Path 43
  From: Rattlesnake_0/PulseRain_Rattlesnake_MCU_i.PulseRain_Rattlesnake_core_i.Rattlesnake_execution_unit_i.Y_ret_27:CLK
  To:   Rattlesnake_0/PulseRain_Rattlesnake_MCU_i.PulseRain_Rattlesnake_core_i.Rattlesnake_controller_i.exception_PC_ret_0[9]:EN
  Delay (ns):              8.014
  Slack (ns):             -0.588
  Arrival (ns):           12.481
  Required (ns):          11.893

Path 44
  From: Rattlesnake_0/PulseRain_Rattlesnake_MCU_i.PulseRain_Rattlesnake_core_i.Rattlesnake_execution_unit_i.Y_ret_52:CLK
  To:   Rattlesnake_0/PulseRain_Rattlesnake_MCU_i.PulseRain_Rattlesnake_core_i.Rattlesnake_controller_i.exception_PC_ret_66[20]:EN
  Delay (ns):              7.981
  Slack (ns):             -0.587
  Arrival (ns):           12.453
  Required (ns):          11.866

Path 45
  From: Rattlesnake_0/PulseRain_Rattlesnake_MCU_i.PulseRain_Rattlesnake_core_i.Rattlesnake_execution_unit_i.X_ret_46:CLK
  To:   Rattlesnake_0/PulseRain_Rattlesnake_MCU_i.PulseRain_Rattlesnake_core_i.Rattlesnake_controller_i.exception_PC_ret_17[1]:EN
  Delay (ns):              7.988
  Slack (ns):             -0.584
  Arrival (ns):           12.455
  Required (ns):          11.871

Path 46
  From: Rattlesnake_0/PulseRain_Rattlesnake_MCU_i.PulseRain_Rattlesnake_core_i.Rattlesnake_execution_unit_i.Y_ret_55:CLK
  To:   Rattlesnake_0/PulseRain_Rattlesnake_MCU_i.PulseRain_Rattlesnake_core_i.Rattlesnake_controller_i.exception_PC_ret_0[10]:EN
  Delay (ns):              8.021
  Slack (ns):             -0.581
  Arrival (ns):           12.459
  Required (ns):          11.878

Path 47
  From: Rattlesnake_0/PulseRain_Rattlesnake_MCU_i.PulseRain_Rattlesnake_core_i.Rattlesnake_execution_unit_i.Y_ret_55:CLK
  To:   Rattlesnake_0/PulseRain_Rattlesnake_MCU_i.PulseRain_Rattlesnake_core_i.Rattlesnake_controller_i.exception_PC_ret_0[13]:EN
  Delay (ns):              8.021
  Slack (ns):             -0.581
  Arrival (ns):           12.459
  Required (ns):          11.878

Path 48
  From: Rattlesnake_0/PulseRain_Rattlesnake_MCU_i.PulseRain_Rattlesnake_core_i.Rattlesnake_execution_unit_i.Y_ret_30:CLK
  To:   Rattlesnake_0/PulseRain_Rattlesnake_MCU_i.PulseRain_Rattlesnake_core_i.Rattlesnake_controller_i.exception_PC_ret_66[10]:EN
  Delay (ns):              8.009
  Slack (ns):             -0.579
  Arrival (ns):           12.471
  Required (ns):          11.892

Path 49
  From: Rattlesnake_0/PulseRain_Rattlesnake_MCU_i.PulseRain_Rattlesnake_core_i.Rattlesnake_execution_unit_i.Y_ret_30:CLK
  To:   Rattlesnake_0/PulseRain_Rattlesnake_MCU_i.PulseRain_Rattlesnake_core_i.Rattlesnake_controller_i.exception_PC_ret_66[13]:EN
  Delay (ns):              8.009
  Slack (ns):             -0.579
  Arrival (ns):           12.471
  Required (ns):          11.892

Path 50
  From: Rattlesnake_0/PulseRain_Rattlesnake_MCU_i.PulseRain_Rattlesnake_core_i.Rattlesnake_execution_unit_i.Y_ret_30:CLK
  To:   Rattlesnake_0/PulseRain_Rattlesnake_MCU_i.PulseRain_Rattlesnake_core_i.Rattlesnake_controller_i.exception_PC_ret_66[9]:EN
  Delay (ns):              8.009
  Slack (ns):             -0.579
  Arrival (ns):           12.471
  Required (ns):          11.892

Path 51
  From: Rattlesnake_0/PulseRain_Rattlesnake_MCU_i.PulseRain_Rattlesnake_core_i.Rattlesnake_execution_unit_i.Y_ret_27:CLK
  To:   Rattlesnake_0/PulseRain_Rattlesnake_MCU_i.PulseRain_Rattlesnake_core_i.Rattlesnake_controller_i.exception_PC_ret_66[20]:EN
  Delay (ns):              7.972
  Slack (ns):             -0.573
  Arrival (ns):           12.439
  Required (ns):          11.866

Path 52
  From: Rattlesnake_0/PulseRain_Rattlesnake_MCU_i.PulseRain_Rattlesnake_core_i.Rattlesnake_execution_unit_i.Y_ret_55:CLK
  To:   Rattlesnake_0/PulseRain_Rattlesnake_MCU_i.PulseRain_Rattlesnake_core_i.Rattlesnake_controller_i.exception_PC_ret_0[11]:EN
  Delay (ns):              8.021
  Slack (ns):             -0.568
  Arrival (ns):           12.459
  Required (ns):          11.891

Path 53
  From: Rattlesnake_0/PulseRain_Rattlesnake_MCU_i.PulseRain_Rattlesnake_core_i.Rattlesnake_execution_unit_i.Y_ret_55:CLK
  To:   Rattlesnake_0/PulseRain_Rattlesnake_MCU_i.PulseRain_Rattlesnake_core_i.Rattlesnake_controller_i.exception_PC_ret_0[12]:EN
  Delay (ns):              8.021
  Slack (ns):             -0.567
  Arrival (ns):           12.459
  Required (ns):          11.892

Path 54
  From: Rattlesnake_0/PulseRain_Rattlesnake_MCU_i.PulseRain_Rattlesnake_core_i.Rattlesnake_execution_unit_i.Y_ret_55:CLK
  To:   Rattlesnake_0/PulseRain_Rattlesnake_MCU_i.PulseRain_Rattlesnake_core_i.Rattlesnake_controller_i.exception_PC_ret_0[9]:EN
  Delay (ns):              8.021
  Slack (ns):             -0.566
  Arrival (ns):           12.459
  Required (ns):          11.893

Path 55
  From: Rattlesnake_0/PulseRain_Rattlesnake_MCU_i.PulseRain_Rattlesnake_core_i.Rattlesnake_execution_unit_i.Y_ret_52:CLK
  To:   Rattlesnake_0/PulseRain_Rattlesnake_MCU_i.PulseRain_Rattlesnake_core_i.Rattlesnake_controller_i.exception_PC_ret_17[1]:EN
  Delay (ns):              7.952
  Slack (ns):             -0.553
  Arrival (ns):           12.424
  Required (ns):          11.871

Path 56
  From: Rattlesnake_0/PulseRain_Rattlesnake_MCU_i.PulseRain_Rattlesnake_core_i.Rattlesnake_execution_unit_i.Y_ret_55:CLK
  To:   Rattlesnake_0/PulseRain_Rattlesnake_MCU_i.PulseRain_Rattlesnake_core_i.Rattlesnake_controller_i.exception_PC_ret_66[20]:EN
  Delay (ns):              7.979
  Slack (ns):             -0.551
  Arrival (ns):           12.417
  Required (ns):          11.866

Path 57
  From: Rattlesnake_0/PulseRain_Rattlesnake_MCU_i.PulseRain_Rattlesnake_core_i.Rattlesnake_execution_unit_i.Y_ret_27:CLK
  To:   Rattlesnake_0/PulseRain_Rattlesnake_MCU_i.PulseRain_Rattlesnake_core_i.Rattlesnake_controller_i.exception_PC_ret_17[1]:EN
  Delay (ns):              7.943
  Slack (ns):             -0.539
  Arrival (ns):           12.410
  Required (ns):          11.871

Path 58
  From: Rattlesnake_0/PulseRain_Rattlesnake_MCU_i.PulseRain_Rattlesnake_core_i.Rattlesnake_execution_unit_i.Y_ret_47:CLK
  To:   Rattlesnake_0/PulseRain_Rattlesnake_MCU_i.PulseRain_Rattlesnake_core_i.Rattlesnake_controller_i.exception_PC_ret_0[10]:EN
  Delay (ns):              7.958
  Slack (ns):             -0.538
  Arrival (ns):           12.416
  Required (ns):          11.878

Path 59
  From: Rattlesnake_0/PulseRain_Rattlesnake_MCU_i.PulseRain_Rattlesnake_core_i.Rattlesnake_execution_unit_i.Y_ret_47:CLK
  To:   Rattlesnake_0/PulseRain_Rattlesnake_MCU_i.PulseRain_Rattlesnake_core_i.Rattlesnake_controller_i.exception_PC_ret_0[13]:EN
  Delay (ns):              7.958
  Slack (ns):             -0.538
  Arrival (ns):           12.416
  Required (ns):          11.878

Path 60
  From: Rattlesnake_0/PulseRain_Rattlesnake_MCU_i.PulseRain_Rattlesnake_core_i.Rattlesnake_execution_unit_i.Y_ret_31:CLK
  To:   Rattlesnake_0/PulseRain_Rattlesnake_MCU_i.PulseRain_Rattlesnake_core_i.Rattlesnake_controller_i.exception_PC_ret_0[10]:EN
  Delay (ns):              7.958
  Slack (ns):             -0.537
  Arrival (ns):           12.415
  Required (ns):          11.878

Path 61
  From: Rattlesnake_0/PulseRain_Rattlesnake_MCU_i.PulseRain_Rattlesnake_core_i.Rattlesnake_execution_unit_i.Y_ret_31:CLK
  To:   Rattlesnake_0/PulseRain_Rattlesnake_MCU_i.PulseRain_Rattlesnake_core_i.Rattlesnake_controller_i.exception_PC_ret_0[13]:EN
  Delay (ns):              7.958
  Slack (ns):             -0.537
  Arrival (ns):           12.415
  Required (ns):          11.878

Path 62
  From: Rattlesnake_0/PulseRain_Rattlesnake_MCU_i.PulseRain_Rattlesnake_core_i.Rattlesnake_reg_file_i.X_ret_1:CLK
  To:   Rattlesnake_0/PulseRain_Rattlesnake_MCU_i.PulseRain_Rattlesnake_core_i.Rattlesnake_controller_i.exception_PC_ret_0[10]:EN
  Delay (ns):              7.972
  Slack (ns):             -0.531
  Arrival (ns):           12.409
  Required (ns):          11.878

Path 63
  From: Rattlesnake_0/PulseRain_Rattlesnake_MCU_i.PulseRain_Rattlesnake_core_i.Rattlesnake_reg_file_i.X_ret_1:CLK
  To:   Rattlesnake_0/PulseRain_Rattlesnake_MCU_i.PulseRain_Rattlesnake_core_i.Rattlesnake_controller_i.exception_PC_ret_0[13]:EN
  Delay (ns):              7.972
  Slack (ns):             -0.531
  Arrival (ns):           12.409
  Required (ns):          11.878

Path 64
  From: Rattlesnake_0/PulseRain_Rattlesnake_MCU_i.PulseRain_Rattlesnake_core_i.Rattlesnake_execution_unit_i.X_ret_46:CLK
  To:   Rattlesnake_0/PulseRain_Rattlesnake_MCU_i.PulseRain_Rattlesnake_core_i.Rattlesnake_controller_i.exception_PC_ret_156:EN
  Delay (ns):              7.939
  Slack (ns):             -0.528
  Arrival (ns):           12.406
  Required (ns):          11.878

Path 65
  From: Rattlesnake_0/PulseRain_Rattlesnake_MCU_i.PulseRain_Rattlesnake_core_i.Rattlesnake_execution_unit_i.X_ret_46:CLK
  To:   Rattlesnake_0/PulseRain_Rattlesnake_MCU_i.PulseRain_Rattlesnake_core_i.Rattlesnake_controller_i.exception_PC_ret_175:EN
  Delay (ns):              7.939
  Slack (ns):             -0.528
  Arrival (ns):           12.406
  Required (ns):          11.878

Path 66
  From: Rattlesnake_0/PulseRain_Rattlesnake_MCU_i.PulseRain_Rattlesnake_core_i.Rattlesnake_execution_unit_i.X[11]:CLK
  To:   Rattlesnake_0/PulseRain_Rattlesnake_MCU_i.PulseRain_Rattlesnake_core_i.Rattlesnake_reg_file_i.write_data_in_d1[20]:D
  Delay (ns):              8.004
  Slack (ns):             -0.527
  Arrival (ns):           12.437
  Required (ns):          11.910

Path 67
  From: Rattlesnake_0/PulseRain_Rattlesnake_MCU_i.PulseRain_Rattlesnake_core_i.Rattlesnake_execution_unit_i.Y_ret_47:CLK
  To:   Rattlesnake_0/PulseRain_Rattlesnake_MCU_i.PulseRain_Rattlesnake_core_i.Rattlesnake_controller_i.exception_PC_ret_0[11]:EN
  Delay (ns):              7.958
  Slack (ns):             -0.525
  Arrival (ns):           12.416
  Required (ns):          11.891

Path 68
  From: Rattlesnake_0/PulseRain_Rattlesnake_MCU_i.PulseRain_Rattlesnake_core_i.Rattlesnake_execution_unit_i.Y_ret_31:CLK
  To:   Rattlesnake_0/PulseRain_Rattlesnake_MCU_i.PulseRain_Rattlesnake_core_i.Rattlesnake_controller_i.exception_PC_ret_0[11]:EN
  Delay (ns):              7.958
  Slack (ns):             -0.524
  Arrival (ns):           12.415
  Required (ns):          11.891

Path 69
  From: Rattlesnake_0/PulseRain_Rattlesnake_MCU_i.PulseRain_Rattlesnake_core_i.Rattlesnake_execution_unit_i.Y_ret_47:CLK
  To:   Rattlesnake_0/PulseRain_Rattlesnake_MCU_i.PulseRain_Rattlesnake_core_i.Rattlesnake_controller_i.exception_PC_ret_0[12]:EN
  Delay (ns):              7.958
  Slack (ns):             -0.524
  Arrival (ns):           12.416
  Required (ns):          11.892

Path 70
  From: Rattlesnake_0/PulseRain_Rattlesnake_MCU_i.PulseRain_Rattlesnake_core_i.Rattlesnake_execution_unit_i.Y_ret_31:CLK
  To:   Rattlesnake_0/PulseRain_Rattlesnake_MCU_i.PulseRain_Rattlesnake_core_i.Rattlesnake_controller_i.exception_PC_ret_0[12]:EN
  Delay (ns):              7.958
  Slack (ns):             -0.523
  Arrival (ns):           12.415
  Required (ns):          11.892

Path 71
  From: Rattlesnake_0/PulseRain_Rattlesnake_MCU_i.PulseRain_Rattlesnake_core_i.Rattlesnake_execution_unit_i.Y_ret_47:CLK
  To:   Rattlesnake_0/PulseRain_Rattlesnake_MCU_i.PulseRain_Rattlesnake_core_i.Rattlesnake_controller_i.exception_PC_ret_0[9]:EN
  Delay (ns):              7.958
  Slack (ns):             -0.523
  Arrival (ns):           12.416
  Required (ns):          11.893

Path 72
  From: Rattlesnake_0/PulseRain_Rattlesnake_MCU_i.PulseRain_Rattlesnake_core_i.Rattlesnake_execution_unit_i.Y_ret_31:CLK
  To:   Rattlesnake_0/PulseRain_Rattlesnake_MCU_i.PulseRain_Rattlesnake_core_i.Rattlesnake_controller_i.exception_PC_ret_0[9]:EN
  Delay (ns):              7.958
  Slack (ns):             -0.522
  Arrival (ns):           12.415
  Required (ns):          11.893

Path 73
  From: Rattlesnake_0/PulseRain_Rattlesnake_MCU_i.PulseRain_Rattlesnake_core_i.Rattlesnake_reg_file_i.X_ret_1:CLK
  To:   Rattlesnake_0/PulseRain_Rattlesnake_MCU_i.PulseRain_Rattlesnake_core_i.Rattlesnake_controller_i.exception_PC_ret_0[11]:EN
  Delay (ns):              7.972
  Slack (ns):             -0.518
  Arrival (ns):           12.409
  Required (ns):          11.891

Path 74
  From: Rattlesnake_0/PulseRain_Rattlesnake_MCU_i.PulseRain_Rattlesnake_core_i.Rattlesnake_execution_unit_i.X_ret_46:CLK
  To:   Rattlesnake_0/PulseRain_Rattlesnake_MCU_i.PulseRain_Rattlesnake_core_i.Rattlesnake_controller_i.exception_PC_ret_128:EN
  Delay (ns):              7.939
  Slack (ns):             -0.517
  Arrival (ns):           12.406
  Required (ns):          11.889

Path 75
  From: Rattlesnake_0/PulseRain_Rattlesnake_MCU_i.PulseRain_Rattlesnake_core_i.Rattlesnake_execution_unit_i.X_ret_46:CLK
  To:   Rattlesnake_0/PulseRain_Rattlesnake_MCU_i.PulseRain_Rattlesnake_core_i.Rattlesnake_controller_i.exception_PC_ret_191:EN
  Delay (ns):              7.939
  Slack (ns):             -0.517
  Arrival (ns):           12.406
  Required (ns):          11.889

Path 76
  From: Rattlesnake_0/PulseRain_Rattlesnake_MCU_i.PulseRain_Rattlesnake_core_i.Rattlesnake_execution_unit_i.Y_0_rep1:CLK
  To:   Rattlesnake_0/PulseRain_Rattlesnake_MCU_i.PulseRain_Rattlesnake_core_i.Rattlesnake_reg_file_i.single_clk_ram_rs2.mem_mem_0_1/INST_RAM64x18_IP:C_DIN[13]
  Delay (ns):              8.356
  Slack (ns):             -0.517
  Arrival (ns):           12.802
  Required (ns):          12.285

Path 77
  From: Rattlesnake_0/PulseRain_Rattlesnake_MCU_i.PulseRain_Rattlesnake_core_i.Rattlesnake_execution_unit_i.Y_ret_55:CLK
  To:   Rattlesnake_0/PulseRain_Rattlesnake_MCU_i.PulseRain_Rattlesnake_core_i.Rattlesnake_controller_i.exception_PC_ret_17[1]:EN
  Delay (ns):              7.950
  Slack (ns):             -0.517
  Arrival (ns):           12.388
  Required (ns):          11.871

Path 78
  From: Rattlesnake_0/PulseRain_Rattlesnake_MCU_i.PulseRain_Rattlesnake_core_i.Rattlesnake_reg_file_i.X_ret_1:CLK
  To:   Rattlesnake_0/PulseRain_Rattlesnake_MCU_i.PulseRain_Rattlesnake_core_i.Rattlesnake_controller_i.exception_PC_ret_0[12]:EN
  Delay (ns):              7.972
  Slack (ns):             -0.517
  Arrival (ns):           12.409
  Required (ns):          11.892

Path 79
  From: Rattlesnake_0/PulseRain_Rattlesnake_MCU_i.PulseRain_Rattlesnake_core_i.Rattlesnake_reg_file_i.X_ret_1:CLK
  To:   Rattlesnake_0/PulseRain_Rattlesnake_MCU_i.PulseRain_Rattlesnake_core_i.Rattlesnake_controller_i.exception_PC_ret_0[9]:EN
  Delay (ns):              7.972
  Slack (ns):             -0.516
  Arrival (ns):           12.409
  Required (ns):          11.893

Path 80
  From: Rattlesnake_0/PulseRain_Rattlesnake_MCU_i.PulseRain_Rattlesnake_core_i.Rattlesnake_execution_unit_i.X[11]:CLK
  To:   Rattlesnake_0/PulseRain_Rattlesnake_MCU_i.PulseRain_Rattlesnake_core_i.Rattlesnake_reg_file_i.single_clk_ram_rs2.mem_mem_0_1/INST_RAM64x18_IP:C_DIN[2]
  Delay (ns):              8.391
  Slack (ns):             -0.515
  Arrival (ns):           12.824
  Required (ns):          12.309

Path 81
  From: Rattlesnake_0/PulseRain_Rattlesnake_MCU_i.PulseRain_Rattlesnake_core_i.Rattlesnake_execution_unit_i.Y_ret_47:CLK
  To:   Rattlesnake_0/PulseRain_Rattlesnake_MCU_i.PulseRain_Rattlesnake_core_i.Rattlesnake_controller_i.exception_PC_ret_66[20]:EN
  Delay (ns):              7.916
  Slack (ns):             -0.508
  Arrival (ns):           12.374
  Required (ns):          11.866

Path 82
  From: Rattlesnake_0/PulseRain_Rattlesnake_MCU_i.PulseRain_Rattlesnake_core_i.Rattlesnake_execution_unit_i.Y_ret_31:CLK
  To:   Rattlesnake_0/PulseRain_Rattlesnake_MCU_i.PulseRain_Rattlesnake_core_i.Rattlesnake_controller_i.exception_PC_ret_66[20]:EN
  Delay (ns):              7.916
  Slack (ns):             -0.507
  Arrival (ns):           12.373
  Required (ns):          11.866

Path 83
  From: Rattlesnake_0/PulseRain_Rattlesnake_MCU_i.PulseRain_Rattlesnake_core_i.Rattlesnake_reg_file_i.X_ret_23:CLK
  To:   Rattlesnake_0/PulseRain_Rattlesnake_MCU_i.PulseRain_Rattlesnake_core_i.Rattlesnake_controller_i.exception_PC_ret_0[10]:EN
  Delay (ns):              7.905
  Slack (ns):             -0.506
  Arrival (ns):           12.384
  Required (ns):          11.878

Path 84
  From: Rattlesnake_0/PulseRain_Rattlesnake_MCU_i.PulseRain_Rattlesnake_core_i.Rattlesnake_reg_file_i.X_ret_23:CLK
  To:   Rattlesnake_0/PulseRain_Rattlesnake_MCU_i.PulseRain_Rattlesnake_core_i.Rattlesnake_controller_i.exception_PC_ret_0[13]:EN
  Delay (ns):              7.905
  Slack (ns):             -0.506
  Arrival (ns):           12.384
  Required (ns):          11.878

Path 85
  From: Rattlesnake_0/PulseRain_Rattlesnake_MCU_i.PulseRain_Rattlesnake_core_i.Rattlesnake_execution_unit_i.X_ret_46:CLK
  To:   Rattlesnake_0/PulseRain_Rattlesnake_MCU_i.PulseRain_Rattlesnake_core_i.Rattlesnake_controller_i.exception_PC_ret_17[29]:EN
  Delay (ns):              7.924
  Slack (ns):             -0.504
  Arrival (ns):           12.391
  Required (ns):          11.887

Path 86
  From: Rattlesnake_0/PulseRain_Rattlesnake_MCU_i.PulseRain_Rattlesnake_core_i.Rattlesnake_execution_unit_i.Y_ret_30:CLK
  To:   Rattlesnake_0/PulseRain_Rattlesnake_MCU_i.PulseRain_Rattlesnake_core_i.Rattlesnake_controller_i.fetch_start_addr_ret_161[23]:EN
  Delay (ns):              7.987
  Slack (ns):             -0.504
  Arrival (ns):           12.449
  Required (ns):          11.945

Path 87
  From: Rattlesnake_0/PulseRain_Rattlesnake_MCU_i.PulseRain_Rattlesnake_core_i.Rattlesnake_execution_unit_i.Y_ret_30:CLK
  To:   Rattlesnake_0/PulseRain_Rattlesnake_MCU_i.PulseRain_Rattlesnake_core_i.Rattlesnake_controller_i.fetch_start_addr_ret_161[24]:EN
  Delay (ns):              7.987
  Slack (ns):             -0.504
  Arrival (ns):           12.449
  Required (ns):          11.945

Path 88
  From: Rattlesnake_0/PulseRain_Rattlesnake_MCU_i.PulseRain_Rattlesnake_core_i.Rattlesnake_execution_unit_i.Y_ret_30:CLK
  To:   Rattlesnake_0/PulseRain_Rattlesnake_MCU_i.PulseRain_Rattlesnake_core_i.Rattlesnake_controller_i.fetch_start_addr_ret_161[25]:EN
  Delay (ns):              7.987
  Slack (ns):             -0.504
  Arrival (ns):           12.449
  Required (ns):          11.945

Path 89
  From: Rattlesnake_0/PulseRain_Rattlesnake_MCU_i.PulseRain_Rattlesnake_core_i.Rattlesnake_execution_unit_i.Y_ret_30:CLK
  To:   Rattlesnake_0/PulseRain_Rattlesnake_MCU_i.PulseRain_Rattlesnake_core_i.Rattlesnake_controller_i.fetch_start_addr_ret_161[27]:EN
  Delay (ns):              7.987
  Slack (ns):             -0.504
  Arrival (ns):           12.449
  Required (ns):          11.945

Path 90
  From: Rattlesnake_0/PulseRain_Rattlesnake_MCU_i.PulseRain_Rattlesnake_core_i.Rattlesnake_execution_unit_i.Y_ret_30:CLK
  To:   Rattlesnake_0/PulseRain_Rattlesnake_MCU_i.PulseRain_Rattlesnake_core_i.Rattlesnake_controller_i.fetch_start_addr_ret_161[29]:EN
  Delay (ns):              7.987
  Slack (ns):             -0.504
  Arrival (ns):           12.449
  Required (ns):          11.945

Path 91
  From: Rattlesnake_0/PulseRain_Rattlesnake_MCU_i.PulseRain_Rattlesnake_core_i.Rattlesnake_block_write_detect_i.mem_addr_blk_wr_end_i[1]:CLK
  To:   Rattlesnake_0/PulseRain_Rattlesnake_MCU_i.mem_controller_i.genblk1.ram_high_i.gen_if_proc.gen_for_proc_2nd[1].ram_9bit_2nd.mem_mem_0_2/INST_RAM1K18_IP:A_DIN[0]
  Delay (ns):              8.082
  Slack (ns):             -0.501
  Arrival (ns):           12.511
  Required (ns):          12.010

Path 92
  From: Rattlesnake_0/PulseRain_Rattlesnake_MCU_i.PulseRain_Rattlesnake_core_i.Rattlesnake_reg_file_i.X_ret_1:CLK
  To:   Rattlesnake_0/PulseRain_Rattlesnake_MCU_i.PulseRain_Rattlesnake_core_i.Rattlesnake_controller_i.exception_PC_ret_66[20]:EN
  Delay (ns):              7.930
  Slack (ns):             -0.501
  Arrival (ns):           12.367
  Required (ns):          11.866

Path 93
  From: Rattlesnake_0/PulseRain_Rattlesnake_MCU_i.PulseRain_Rattlesnake_core_i.Rattlesnake_mm_reg_i.mem_we_ret:CLK
  To:   Rattlesnake_0/PulseRain_Rattlesnake_MCU_i.mem_controller_i.genblk1.ram_high_i.gen_if_proc.gen_for_proc_2nd[1].ram_9bit_2nd.mem_mem_0_2/INST_RAM1K18_IP:A_DIN[0]
  Delay (ns):              8.081
  Slack (ns):             -0.500
  Arrival (ns):           12.510
  Required (ns):          12.010

Path 94
  From: Rattlesnake_0/PulseRain_Rattlesnake_MCU_i.PulseRain_Rattlesnake_core_i.Rattlesnake_block_write_detect_i.mem_addr_blk_wr_end_i[1]:CLK
  To:   Rattlesnake_0/PulseRain_Rattlesnake_MCU_i.mem_controller_i.genblk1.ram_low_i.gen_if_proc.gen_for_proc_2nd[1].ram_9bit_2nd.mem_mem_0_2/INST_RAM1K18_IP:A_DIN[0]
  Delay (ns):              8.075
  Slack (ns):             -0.497
  Arrival (ns):           12.504
  Required (ns):          12.007

Path 95
  From: Rattlesnake_0/PulseRain_Rattlesnake_MCU_i.PulseRain_Rattlesnake_core_i.Rattlesnake_execution_unit_i.Y_ret_28:CLK
  To:   Rattlesnake_0/PulseRain_Rattlesnake_MCU_i.PulseRain_Rattlesnake_core_i.Rattlesnake_controller_i.exception_PC_ret_0[10]:EN
  Delay (ns):              7.946
  Slack (ns):             -0.497
  Arrival (ns):           12.375
  Required (ns):          11.878

Path 96
  From: Rattlesnake_0/PulseRain_Rattlesnake_MCU_i.PulseRain_Rattlesnake_core_i.Rattlesnake_execution_unit_i.Y_ret_28:CLK
  To:   Rattlesnake_0/PulseRain_Rattlesnake_MCU_i.PulseRain_Rattlesnake_core_i.Rattlesnake_controller_i.exception_PC_ret_0[13]:EN
  Delay (ns):              7.946
  Slack (ns):             -0.497
  Arrival (ns):           12.375
  Required (ns):          11.878

Path 97
  From: Rattlesnake_0/PulseRain_Rattlesnake_MCU_i.PulseRain_Rattlesnake_core_i.Rattlesnake_execution_unit_i.Y_ret_52:CLK
  To:   Rattlesnake_0/PulseRain_Rattlesnake_MCU_i.PulseRain_Rattlesnake_core_i.Rattlesnake_controller_i.exception_PC_ret_156:EN
  Delay (ns):              7.903
  Slack (ns):             -0.497
  Arrival (ns):           12.375
  Required (ns):          11.878

Path 98
  From: Rattlesnake_0/PulseRain_Rattlesnake_MCU_i.PulseRain_Rattlesnake_core_i.Rattlesnake_execution_unit_i.Y_ret_52:CLK
  To:   Rattlesnake_0/PulseRain_Rattlesnake_MCU_i.PulseRain_Rattlesnake_core_i.Rattlesnake_controller_i.exception_PC_ret_175:EN
  Delay (ns):              7.903
  Slack (ns):             -0.497
  Arrival (ns):           12.375
  Required (ns):          11.878

Path 99
  From: Rattlesnake_0/PulseRain_Rattlesnake_MCU_i.PulseRain_Rattlesnake_core_i.Rattlesnake_mm_reg_i.mem_we_ret:CLK
  To:   Rattlesnake_0/PulseRain_Rattlesnake_MCU_i.mem_controller_i.genblk1.ram_low_i.gen_if_proc.gen_for_proc_2nd[1].ram_9bit_2nd.mem_mem_0_2/INST_RAM1K18_IP:A_DIN[0]
  Delay (ns):              8.074
  Slack (ns):             -0.496
  Arrival (ns):           12.503
  Required (ns):          12.007

Path 100
  From: Rattlesnake_0/PulseRain_Rattlesnake_MCU_i.PulseRain_Rattlesnake_core_i.Rattlesnake_execution_unit_i.X_ret_46:CLK
  To:   Rattlesnake_0/PulseRain_Rattlesnake_MCU_i.PulseRain_Rattlesnake_core_i.Rattlesnake_controller_i.exception_PC_ret_66[11]:EN
  Delay (ns):              7.904
  Slack (ns):             -0.493
  Arrival (ns):           12.371
  Required (ns):          11.878

