Timing Violation Report Max Delay Analysis

SmartTime Version v12.1
Microsemi Corporation - Microsemi Libero Software Release v12.1 (Version 12.600.0.14)
Date: Thu Aug 29 19:56:49 2019


Design: creative
Family: IGLOO2
Die: M2GL025
Package: 256 VF
Temperature Range: 0 - 85 C
Voltage Range: 1.14 - 1.26 V
Speed Grade: STD
Design State: Post-Layout
Data source: Production
Min Operating Conditions: BEST - 1.26 V - 0 C
Max Operating Conditions: WORST - 1.14 V - 85 C
Scenario for Timing Analysis: timing_analysis


Path 1
  From: Rattlesnake_0/PulseRain_Rattlesnake_MCU_i.PulseRain_Rattlesnake_core_i.Rattlesnake_execution_unit_i.X[1]:CLK
  To:   Rattlesnake_0/PulseRain_Rattlesnake_MCU_i.PulseRain_Rattlesnake_core_i.Rattlesnake_reg_file_i.write_data_in_d1[25]:D
  Delay (ns):              8.560
  Slack (ns):             -1.073
  Arrival (ns):           12.988
  Required (ns):          11.915

Path 2
  From: Rattlesnake_0/PulseRain_Rattlesnake_MCU_i.PulseRain_Rattlesnake_core_i.Rattlesnake_execution_unit_i.X[1]:CLK
  To:   Rattlesnake_0/PulseRain_Rattlesnake_MCU_i.PulseRain_Rattlesnake_core_i.Rattlesnake_reg_file_i.single_clk_ram_rs2.mem_mem_0_0/INST_RAM64x18_IP:C_DIN[13]
  Delay (ns):              8.744
  Slack (ns):             -0.880
  Arrival (ns):           13.172
  Required (ns):          12.292

Path 3
  From: Rattlesnake_0/PulseRain_Rattlesnake_MCU_i.PulseRain_Rattlesnake_core_i.Rattlesnake_execution_unit_i.X[21]:CLK
  To:   Rattlesnake_0/PulseRain_Rattlesnake_MCU_i.PulseRain_Rattlesnake_core_i.Rattlesnake_reg_file_i.write_data_in_d1[25]:D
  Delay (ns):              8.328
  Slack (ns):             -0.862
  Arrival (ns):           12.777
  Required (ns):          11.915

Path 4
  From: Rattlesnake_0/PulseRain_Rattlesnake_MCU_i.PulseRain_Rattlesnake_core_i.Rattlesnake_execution_unit_i.Y_ret_75:CLK
  To:   Rattlesnake_0/PulseRain_Rattlesnake_MCU_i.PulseRain_Rattlesnake_core_i.Rattlesnake_controller_i.exception_PC_ret_17[10]:EN
  Delay (ns):              8.214
  Slack (ns):             -0.808
  Arrival (ns):           12.695
  Required (ns):          11.887

Path 5
  From: Rattlesnake_0/PulseRain_Rattlesnake_MCU_i.PulseRain_Rattlesnake_core_i.Rattlesnake_execution_unit_i.X[5]:CLK
  To:   Rattlesnake_0/PulseRain_Rattlesnake_MCU_i.PulseRain_Rattlesnake_core_i.Rattlesnake_reg_file_i.single_clk_ram_rs2.mem_mem_0_1/INST_RAM64x18_IP:C_DIN[2]
  Delay (ns):              8.674
  Slack (ns):             -0.799
  Arrival (ns):           13.108
  Required (ns):          12.309

Path 6
  From: Rattlesnake_0/PulseRain_Rattlesnake_MCU_i.PulseRain_Rattlesnake_core_i.Rattlesnake_execution_unit_i.reg_ctl_LUI:CLK
  To:   Rattlesnake_0/PulseRain_Rattlesnake_MCU_i.PulseRain_Rattlesnake_core_i.Rattlesnake_reg_file_i.single_clk_ram_rs2.mem_mem_0_0/INST_RAM64x18_IP:C_DIN[13]
  Delay (ns):              8.639
  Slack (ns):             -0.767
  Arrival (ns):           13.059
  Required (ns):          12.292

Path 7
  From: Rattlesnake_0/PulseRain_Rattlesnake_MCU_i.PulseRain_Rattlesnake_core_i.Rattlesnake_execution_unit_i.reg_ctl_AUIPC:CLK
  To:   Rattlesnake_0/PulseRain_Rattlesnake_MCU_i.PulseRain_Rattlesnake_core_i.Rattlesnake_reg_file_i.single_clk_ram_rs2.mem_mem_0_0/INST_RAM64x18_IP:C_DIN[5]
  Delay (ns):              8.719
  Slack (ns):             -0.760
  Arrival (ns):           13.143
  Required (ns):          12.383

Path 8
  From: Rattlesnake_0/PulseRain_Rattlesnake_MCU_i.PulseRain_Rattlesnake_core_i.Rattlesnake_execution_unit_i.Y_ret_55:CLK
  To:   Rattlesnake_0/PulseRain_Rattlesnake_MCU_i.PulseRain_Rattlesnake_core_i.Rattlesnake_controller_i.exception_PC_ret_17[10]:EN
  Delay (ns):              8.165
  Slack (ns):             -0.756
  Arrival (ns):           12.643
  Required (ns):          11.887

Path 9
  From: Rattlesnake_0/PulseRain_Rattlesnake_MCU_i.PulseRain_Rattlesnake_core_i.Rattlesnake_execution_unit_i.Y_ret_75:CLK
  To:   Rattlesnake_0/PulseRain_Rattlesnake_MCU_i.PulseRain_Rattlesnake_core_i.Rattlesnake_controller_i.exception_PC_ret_17[7]:EN
  Delay (ns):              8.138
  Slack (ns):             -0.739
  Arrival (ns):           12.619
  Required (ns):          11.880

Path 10
  From: Rattlesnake_0/PulseRain_Rattlesnake_MCU_i.PulseRain_Rattlesnake_core_i.Rattlesnake_execution_unit_i.Y_fast[3]:CLK
  To:   Rattlesnake_0/PulseRain_Rattlesnake_MCU_i.PulseRain_Rattlesnake_core_i.Rattlesnake_reg_file_i.write_data_in_d1[25]:D
  Delay (ns):              8.224
  Slack (ns):             -0.735
  Arrival (ns):           12.650
  Required (ns):          11.915

Path 11
  From: Rattlesnake_0/PulseRain_Rattlesnake_MCU_i.PulseRain_Rattlesnake_core_i.Rattlesnake_execution_unit_i.Y_ret_75:CLK
  To:   Rattlesnake_0/PulseRain_Rattlesnake_MCU_i.PulseRain_Rattlesnake_core_i.Rattlesnake_controller_i.exception_PC_ret_17[11]:EN
  Delay (ns):              8.138
  Slack (ns):             -0.726
  Arrival (ns):           12.619
  Required (ns):          11.893

Path 12
  From: Rattlesnake_0/PulseRain_Rattlesnake_MCU_i.PulseRain_Rattlesnake_core_i.Rattlesnake_execution_unit_i.X[3]:CLK
  To:   Rattlesnake_0/PulseRain_Rattlesnake_MCU_i.PulseRain_Rattlesnake_core_i.Rattlesnake_reg_file_i.write_data_in_d1[25]:D
  Delay (ns):              8.176
  Slack (ns):             -0.723
  Arrival (ns):           12.638
  Required (ns):          11.915

Path 13
  From: Rattlesnake_0/PulseRain_Rattlesnake_MCU_i.PulseRain_Rattlesnake_core_i.Rattlesnake_execution_unit_i.Y_ret_75:CLK
  To:   Rattlesnake_0/PulseRain_Rattlesnake_MCU_i.PulseRain_Rattlesnake_core_i.Rattlesnake_controller_i.exception_PC_ret_66[16]:EN
  Delay (ns):              8.082
  Slack (ns):             -0.700
  Arrival (ns):           12.563
  Required (ns):          11.863

Path 14
  From: Rattlesnake_0/PulseRain_Rattlesnake_MCU_i.PulseRain_Rattlesnake_core_i.Rattlesnake_execution_unit_i.reg_ctl_AUIPC:CLK
  To:   Rattlesnake_0/PulseRain_Rattlesnake_MCU_i.PulseRain_Rattlesnake_core_i.Rattlesnake_reg_file_i.single_clk_ram_rs2.mem_mem_0_0/INST_RAM64x18_IP:C_DIN[13]
  Delay (ns):              8.559
  Slack (ns):             -0.691
  Arrival (ns):           12.983
  Required (ns):          12.292

Path 15
  From: Rattlesnake_0/PulseRain_Rattlesnake_MCU_i.PulseRain_Rattlesnake_core_i.Rattlesnake_execution_unit_i.Y_ret_55:CLK
  To:   Rattlesnake_0/PulseRain_Rattlesnake_MCU_i.PulseRain_Rattlesnake_core_i.Rattlesnake_controller_i.exception_PC_ret_17[7]:EN
  Delay (ns):              8.089
  Slack (ns):             -0.687
  Arrival (ns):           12.567
  Required (ns):          11.880

Path 16
  From: Rattlesnake_0/PulseRain_Rattlesnake_MCU_i.PulseRain_Rattlesnake_core_i.Rattlesnake_execution_unit_i.X[2]:CLK
  To:   Rattlesnake_0/PulseRain_Rattlesnake_MCU_i.PulseRain_Rattlesnake_core_i.Rattlesnake_reg_file_i.write_data_in_d1[25]:D
  Delay (ns):              8.163
  Slack (ns):             -0.684
  Arrival (ns):           12.599
  Required (ns):          11.915

Path 17
  From: Rattlesnake_0/PulseRain_Rattlesnake_MCU_i.PulseRain_Rattlesnake_core_i.Rattlesnake_reg_file_i.X_ret_23:CLK
  To:   Rattlesnake_0/PulseRain_Rattlesnake_MCU_i.PulseRain_Rattlesnake_core_i.Rattlesnake_controller_i.exception_PC_ret_17[10]:EN
  Delay (ns):              8.090
  Slack (ns):             -0.684
  Arrival (ns):           12.571
  Required (ns):          11.887

Path 18
  From: Rattlesnake_0/PulseRain_Rattlesnake_MCU_i.PulseRain_Rattlesnake_core_i.Rattlesnake_execution_unit_i.X[10]:CLK
  To:   Rattlesnake_0/PulseRain_Rattlesnake_MCU_i.PulseRain_Rattlesnake_core_i.Rattlesnake_reg_file_i.write_data_in_d1[25]:D
  Delay (ns):              8.165
  Slack (ns):             -0.674
  Arrival (ns):           12.589
  Required (ns):          11.915

Path 19
  From: Rattlesnake_0/PulseRain_Rattlesnake_MCU_i.PulseRain_Rattlesnake_core_i.Rattlesnake_execution_unit_i.Y_ret_55:CLK
  To:   Rattlesnake_0/PulseRain_Rattlesnake_MCU_i.PulseRain_Rattlesnake_core_i.Rattlesnake_controller_i.exception_PC_ret_17[11]:EN
  Delay (ns):              8.089
  Slack (ns):             -0.674
  Arrival (ns):           12.567
  Required (ns):          11.893

Path 20
  From: Rattlesnake_0/PulseRain_Rattlesnake_MCU_i.PulseRain_Rattlesnake_core_i.Rattlesnake_execution_unit_i.Y[17]:CLK
  To:   Rattlesnake_0/PulseRain_Rattlesnake_MCU_i.PulseRain_Rattlesnake_core_i.Rattlesnake_reg_file_i.write_data_in_d1[25]:D
  Delay (ns):              8.117
  Slack (ns):             -0.656
  Arrival (ns):           12.571
  Required (ns):          11.915

Path 21
  From: Rattlesnake_0/PulseRain_Rattlesnake_MCU_i.PulseRain_Rattlesnake_core_i.Rattlesnake_execution_unit_i.Y_ret_32:CLK
  To:   Rattlesnake_0/PulseRain_Rattlesnake_MCU_i.PulseRain_Rattlesnake_core_i.Rattlesnake_controller_i.exception_PC_ret_17[10]:EN
  Delay (ns):              8.108
  Slack (ns):             -0.651
  Arrival (ns):           12.538
  Required (ns):          11.887

Path 22
  From: Rattlesnake_0/PulseRain_Rattlesnake_MCU_i.PulseRain_Rattlesnake_core_i.Rattlesnake_execution_unit_i.Y_ret_55:CLK
  To:   Rattlesnake_0/PulseRain_Rattlesnake_MCU_i.PulseRain_Rattlesnake_core_i.Rattlesnake_controller_i.exception_PC_ret_66[16]:EN
  Delay (ns):              8.033
  Slack (ns):             -0.648
  Arrival (ns):           12.511
  Required (ns):          11.863

Path 23
  From: Rattlesnake_0/PulseRain_Rattlesnake_MCU_i.PulseRain_Rattlesnake_core_i.Rattlesnake_execution_unit_i.X_ret_53:CLK
  To:   Rattlesnake_0/PulseRain_Rattlesnake_MCU_i.PulseRain_Rattlesnake_core_i.Rattlesnake_controller_i.exception_PC_ret_17[10]:EN
  Delay (ns):              8.082
  Slack (ns):             -0.616
  Arrival (ns):           12.503
  Required (ns):          11.887

Path 24
  From: Rattlesnake_0/PulseRain_Rattlesnake_MCU_i.PulseRain_Rattlesnake_core_i.Rattlesnake_reg_file_i.X_ret_23:CLK
  To:   Rattlesnake_0/PulseRain_Rattlesnake_MCU_i.PulseRain_Rattlesnake_core_i.Rattlesnake_controller_i.exception_PC_ret_17[7]:EN
  Delay (ns):              8.014
  Slack (ns):             -0.615
  Arrival (ns):           12.495
  Required (ns):          11.880

Path 25
  From: Rattlesnake_0/PulseRain_Rattlesnake_MCU_i.PulseRain_Rattlesnake_core_i.Rattlesnake_execution_unit_i.Y_ret_75:CLK
  To:   Rattlesnake_0/PulseRain_Rattlesnake_MCU_i.PulseRain_Rattlesnake_core_i.Rattlesnake_controller_i.exception_PC_ret_0[7]:EN
  Delay (ns):              8.014
  Slack (ns):             -0.609
  Arrival (ns):           12.495
  Required (ns):          11.886

Path 26
  From: Rattlesnake_0/PulseRain_Rattlesnake_MCU_i.PulseRain_Rattlesnake_core_i.Rattlesnake_reg_file_i.X_ret_23:CLK
  To:   Rattlesnake_0/PulseRain_Rattlesnake_MCU_i.PulseRain_Rattlesnake_core_i.Rattlesnake_controller_i.exception_PC_ret_17[11]:EN
  Delay (ns):              8.014
  Slack (ns):             -0.602
  Arrival (ns):           12.495
  Required (ns):          11.893

Path 27
  From: Rattlesnake_0/PulseRain_Rattlesnake_MCU_i.PulseRain_Rattlesnake_core_i.Rattlesnake_execution_unit_i.X[1]:CLK
  To:   Rattlesnake_0/PulseRain_Rattlesnake_MCU_i.PulseRain_Rattlesnake_core_i.Rattlesnake_reg_file_i.single_clk_ram_rs2.mem_mem_0_1/INST_RAM64x18_IP:C_DIN[7]
  Delay (ns):              8.539
  Slack (ns):             -0.587
  Arrival (ns):           12.967
  Required (ns):          12.380

Path 28
  From: Rattlesnake_0/PulseRain_Rattlesnake_MCU_i.PulseRain_Rattlesnake_core_i.Rattlesnake_execution_unit_i.Y_ret_75:CLK
  To:   Rattlesnake_0/PulseRain_Rattlesnake_MCU_i.PulseRain_Rattlesnake_core_i.Rattlesnake_controller_i.exception_PC_ret_113:EN
  Delay (ns):              7.967
  Slack (ns):             -0.584
  Arrival (ns):           12.448
  Required (ns):          11.864

Path 29
  From: Rattlesnake_0/PulseRain_Rattlesnake_MCU_i.PulseRain_Rattlesnake_core_i.Rattlesnake_execution_unit_i.Y_0_rep1:CLK
  To:   Rattlesnake_0/PulseRain_Rattlesnake_MCU_i.PulseRain_Rattlesnake_core_i.Rattlesnake_reg_file_i.single_clk_ram_rs2.mem_mem_0_1/INST_RAM64x18_IP:C_DIN[11]
  Delay (ns):              8.453
  Slack (ns):             -0.582
  Arrival (ns):           12.902
  Required (ns):          12.320

Path 30
  From: Rattlesnake_0/PulseRain_Rattlesnake_MCU_i.PulseRain_Rattlesnake_core_i.Rattlesnake_execution_unit_i.Y_ret_32:CLK
  To:   Rattlesnake_0/PulseRain_Rattlesnake_MCU_i.PulseRain_Rattlesnake_core_i.Rattlesnake_controller_i.exception_PC_ret_17[7]:EN
  Delay (ns):              8.032
  Slack (ns):             -0.582
  Arrival (ns):           12.462
  Required (ns):          11.880

Path 31
  From: Rattlesnake_0/PulseRain_Rattlesnake_MCU_i.PulseRain_Rattlesnake_core_i.Rattlesnake_execution_unit_i.X[13]:CLK
  To:   Rattlesnake_0/PulseRain_Rattlesnake_MCU_i.PulseRain_Rattlesnake_core_i.Rattlesnake_reg_file_i.write_data_in_d1[25]:D
  Delay (ns):              8.063
  Slack (ns):             -0.577
  Arrival (ns):           12.492
  Required (ns):          11.915

Path 32
  From: Rattlesnake_0/PulseRain_Rattlesnake_MCU_i.PulseRain_Rattlesnake_core_i.Rattlesnake_reg_file_i.X_ret_23:CLK
  To:   Rattlesnake_0/PulseRain_Rattlesnake_MCU_i.PulseRain_Rattlesnake_core_i.Rattlesnake_controller_i.exception_PC_ret_66[16]:EN
  Delay (ns):              7.958
  Slack (ns):             -0.576
  Arrival (ns):           12.439
  Required (ns):          11.863

Path 33
  From: Rattlesnake_0/PulseRain_Rattlesnake_MCU_i.PulseRain_Rattlesnake_core_i.Rattlesnake_execution_unit_i.Y_ret_32:CLK
  To:   Rattlesnake_0/PulseRain_Rattlesnake_MCU_i.PulseRain_Rattlesnake_core_i.Rattlesnake_controller_i.exception_PC_ret_17[11]:EN
  Delay (ns):              8.032
  Slack (ns):             -0.569
  Arrival (ns):           12.462
  Required (ns):          11.893

Path 34
  From: Rattlesnake_0/PulseRain_Rattlesnake_MCU_i.PulseRain_Rattlesnake_core_i.Rattlesnake_execution_unit_i.Y_ret_55:CLK
  To:   Rattlesnake_0/PulseRain_Rattlesnake_MCU_i.PulseRain_Rattlesnake_core_i.Rattlesnake_controller_i.exception_PC_ret_0[7]:EN
  Delay (ns):              7.965
  Slack (ns):             -0.557
  Arrival (ns):           12.443
  Required (ns):          11.886

Path 35
  From: Rattlesnake_0/PulseRain_Rattlesnake_MCU_i.PulseRain_Rattlesnake_core_i.Rattlesnake_controller_i.current_state_ret_9:CLK
  To:   Rattlesnake_0/PulseRain_Rattlesnake_MCU_i.PulseRain_Rattlesnake_core_i.Rattlesnake_CSR_i.mscratch[18]:EN
  Delay (ns):              8.007
  Slack (ns):             -0.552
  Arrival (ns):           12.425
  Required (ns):          11.873

Path 36
  From: Rattlesnake_0/PulseRain_Rattlesnake_MCU_i.PulseRain_Rattlesnake_core_i.Rattlesnake_controller_i.current_state_ret_9:CLK
  To:   Rattlesnake_0/PulseRain_Rattlesnake_MCU_i.PulseRain_Rattlesnake_core_i.Rattlesnake_CSR_i.mscratch[24]:EN
  Delay (ns):              8.007
  Slack (ns):             -0.552
  Arrival (ns):           12.425
  Required (ns):          11.873

Path 37
  From: Rattlesnake_0/PulseRain_Rattlesnake_MCU_i.PulseRain_Rattlesnake_core_i.Rattlesnake_execution_unit_i.X_ret_53:CLK
  To:   Rattlesnake_0/PulseRain_Rattlesnake_MCU_i.PulseRain_Rattlesnake_core_i.Rattlesnake_controller_i.exception_PC_ret_17[7]:EN
  Delay (ns):              8.006
  Slack (ns):             -0.547
  Arrival (ns):           12.427
  Required (ns):          11.880

Path 38
  From: Rattlesnake_0/PulseRain_Rattlesnake_MCU_i.PulseRain_Rattlesnake_core_i.Rattlesnake_execution_unit_i.Y_ret_32:CLK
  To:   Rattlesnake_0/PulseRain_Rattlesnake_MCU_i.PulseRain_Rattlesnake_core_i.Rattlesnake_controller_i.exception_PC_ret_66[16]:EN
  Delay (ns):              7.976
  Slack (ns):             -0.543
  Arrival (ns):           12.406
  Required (ns):          11.863

Path 39
  From: Rattlesnake_0/PulseRain_Rattlesnake_MCU_i.PulseRain_Rattlesnake_core_i.Rattlesnake_controller_i.current_state_ret_9:CLK
  To:   Rattlesnake_0/PulseRain_Rattlesnake_MCU_i.PulseRain_Rattlesnake_core_i.Rattlesnake_CSR_i.mscratch[23]:EN
  Delay (ns):              8.007
  Slack (ns):             -0.541
  Arrival (ns):           12.425
  Required (ns):          11.884

Path 40
  From: Rattlesnake_0/PulseRain_Rattlesnake_MCU_i.PulseRain_Rattlesnake_core_i.Rattlesnake_execution_unit_i.X_ret_53:CLK
  To:   Rattlesnake_0/PulseRain_Rattlesnake_MCU_i.PulseRain_Rattlesnake_core_i.Rattlesnake_controller_i.exception_PC_ret_17[11]:EN
  Delay (ns):              8.006
  Slack (ns):             -0.534
  Arrival (ns):           12.427
  Required (ns):          11.893

Path 41
  From: Rattlesnake_0/PulseRain_Rattlesnake_MCU_i.PulseRain_Rattlesnake_core_i.Rattlesnake_execution_unit_i.IR_out_0[2]:CLK
  To:   Rattlesnake_0/PulseRain_Rattlesnake_MCU_i.PulseRain_Rattlesnake_core_i.Rattlesnake_reg_file_i.write_data_in_d1[25]:D
  Delay (ns):              8.033
  Slack (ns):             -0.533
  Arrival (ns):           12.448
  Required (ns):          11.915

Path 42
  From: Rattlesnake_0/PulseRain_Rattlesnake_MCU_i.PulseRain_Rattlesnake_core_i.Rattlesnake_execution_unit_i.X[17]:CLK
  To:   Rattlesnake_0/PulseRain_Rattlesnake_MCU_i.PulseRain_Rattlesnake_core_i.Rattlesnake_reg_file_i.write_data_in_d1[25]:D
  Delay (ns):              8.008
  Slack (ns):             -0.533
  Arrival (ns):           12.448
  Required (ns):          11.915

Path 43
  From: Rattlesnake_0/PulseRain_Rattlesnake_MCU_i.PulseRain_Rattlesnake_core_i.Rattlesnake_execution_unit_i.Y_ret_55:CLK
  To:   Rattlesnake_0/PulseRain_Rattlesnake_MCU_i.PulseRain_Rattlesnake_core_i.Rattlesnake_controller_i.exception_PC_ret_113:EN
  Delay (ns):              7.918
  Slack (ns):             -0.532
  Arrival (ns):           12.396
  Required (ns):          11.864

Path 44
  From: Rattlesnake_0/PulseRain_Rattlesnake_MCU_i.PulseRain_Rattlesnake_core_i.Rattlesnake_execution_unit_i.X[3]:CLK
  To:   Rattlesnake_0/PulseRain_Rattlesnake_MCU_i.PulseRain_Rattlesnake_core_i.Rattlesnake_reg_file_i.single_clk_ram_rs2.mem_mem_0_0/INST_RAM64x18_IP:C_DIN[13]
  Delay (ns):              8.360
  Slack (ns):             -0.530
  Arrival (ns):           12.822
  Required (ns):          12.292

Path 45
  From: Rattlesnake_0/PulseRain_Rattlesnake_MCU_i.PulseRain_Rattlesnake_core_i.Rattlesnake_execution_unit_i.X[5]:CLK
  To:   Rattlesnake_0/PulseRain_Rattlesnake_MCU_i.PulseRain_Rattlesnake_core_i.Rattlesnake_reg_file_i.single_clk_ram_rs2.mem_mem_0_1/INST_RAM64x18_IP:C_DIN[12]
  Delay (ns):              8.428
  Slack (ns):             -0.526
  Arrival (ns):           12.862
  Required (ns):          12.336

Path 46
  From: Rattlesnake_0/PulseRain_Rattlesnake_MCU_i.PulseRain_Rattlesnake_core_i.Rattlesnake_reg_file_i.X_ret_32:CLK
  To:   Rattlesnake_0/PulseRain_Rattlesnake_MCU_i.PulseRain_Rattlesnake_core_i.Rattlesnake_controller_i.exception_PC_ret_17[10]:EN
  Delay (ns):              7.959
  Slack (ns):             -0.521
  Arrival (ns):           12.408
  Required (ns):          11.887

Path 47
  From: Rattlesnake_0/PulseRain_Rattlesnake_MCU_i.PulseRain_Rattlesnake_core_i.Rattlesnake_execution_unit_i.IR_out_0[2]:CLK
  To:   Rattlesnake_0/PulseRain_Rattlesnake_MCU_i.PulseRain_Rattlesnake_core_i.Rattlesnake_reg_file_i.single_clk_ram_rs2.mem_mem_0_0/INST_RAM64x18_IP:C_DIN[5]
  Delay (ns):              8.486
  Slack (ns):             -0.518
  Arrival (ns):           12.901
  Required (ns):          12.383

Path 48
  From: Rattlesnake_0/PulseRain_Rattlesnake_MCU_i.PulseRain_Rattlesnake_core_i.Rattlesnake_execution_unit_i.reg_ctl_LUI:CLK
  To:   Rattlesnake_0/PulseRain_Rattlesnake_MCU_i.PulseRain_Rattlesnake_core_i.Rattlesnake_reg_file_i.write_data_in_d1[25]:D
  Delay (ns):              8.004
  Slack (ns):             -0.509
  Arrival (ns):           12.424
  Required (ns):          11.915

Path 49
  From: Rattlesnake_0/PulseRain_Rattlesnake_MCU_i.PulseRain_Rattlesnake_core_i.Rattlesnake_execution_unit_i.X_ret_53:CLK
  To:   Rattlesnake_0/PulseRain_Rattlesnake_MCU_i.PulseRain_Rattlesnake_core_i.Rattlesnake_controller_i.exception_PC_ret_66[16]:EN
  Delay (ns):              7.950
  Slack (ns):             -0.508
  Arrival (ns):           12.371
  Required (ns):          11.863

Path 50
  From: Rattlesnake_0/PulseRain_Rattlesnake_MCU_i.PulseRain_Rattlesnake_core_i.Rattlesnake_execution_unit_i.Y_3_rep2:CLK
  To:   Rattlesnake_0/PulseRain_Rattlesnake_MCU_i.PulseRain_Rattlesnake_core_i.Rattlesnake_reg_file_i.write_data_in_d1[25]:D
  Delay (ns):              7.991
  Slack (ns):             -0.503
  Arrival (ns):           12.418
  Required (ns):          11.915

Path 51
  From: Rattlesnake_0/PulseRain_Rattlesnake_MCU_i.PulseRain_Rattlesnake_core_i.Rattlesnake_execution_unit_i.X[19]:CLK
  To:   Rattlesnake_0/PulseRain_Rattlesnake_MCU_i.PulseRain_Rattlesnake_core_i.Rattlesnake_reg_file_i.single_clk_ram_rs2.mem_mem_0_1/INST_RAM64x18_IP:C_DIN[11]
  Delay (ns):              8.367
  Slack (ns):             -0.496
  Arrival (ns):           12.816
  Required (ns):          12.320

Path 52
  From: Rattlesnake_0/PulseRain_Rattlesnake_MCU_i.PulseRain_Rattlesnake_core_i.Rattlesnake_execution_unit_i.Y_fast[2]:CLK
  To:   Rattlesnake_0/PulseRain_Rattlesnake_MCU_i.PulseRain_Rattlesnake_core_i.Rattlesnake_reg_file_i.write_data_in_d1[25]:D
  Delay (ns):              7.977
  Slack (ns):             -0.493
  Arrival (ns):           12.408
  Required (ns):          11.915

Path 53
  From: Rattlesnake_0/PulseRain_Rattlesnake_MCU_i.PulseRain_Rattlesnake_core_i.Rattlesnake_execution_unit_i.X[2]:CLK
  To:   Rattlesnake_0/PulseRain_Rattlesnake_MCU_i.PulseRain_Rattlesnake_core_i.Rattlesnake_reg_file_i.single_clk_ram_rs2.mem_mem_0_0/INST_RAM64x18_IP:C_DIN[13]
  Delay (ns):              8.347
  Slack (ns):             -0.491
  Arrival (ns):           12.783
  Required (ns):          12.292

Path 54
  From: Rattlesnake_0/PulseRain_Rattlesnake_MCU_i.PulseRain_Rattlesnake_core_i.Rattlesnake_execution_unit_i.X[14]:CLK
  To:   Rattlesnake_0/PulseRain_Rattlesnake_MCU_i.PulseRain_Rattlesnake_core_i.Rattlesnake_reg_file_i.write_data_in_d1[25]:D
  Delay (ns):              7.979
  Slack (ns):             -0.490
  Arrival (ns):           12.405
  Required (ns):          11.915

Path 55
  From: Rattlesnake_0/PulseRain_Rattlesnake_MCU_i.PulseRain_Rattlesnake_core_i.Rattlesnake_reg_file_i.X_ret_23:CLK
  To:   Rattlesnake_0/PulseRain_Rattlesnake_MCU_i.PulseRain_Rattlesnake_core_i.Rattlesnake_controller_i.exception_PC_ret_0[7]:EN
  Delay (ns):              7.890
  Slack (ns):             -0.485
  Arrival (ns):           12.371
  Required (ns):          11.886

Path 56
  From: Rattlesnake_0/PulseRain_Rattlesnake_MCU_i.PulseRain_Rattlesnake_core_i.Rattlesnake_controller_i.current_state_ret_9:CLK
  To:   Rattlesnake_0/PulseRain_Rattlesnake_MCU_i.PulseRain_Rattlesnake_core_i.Rattlesnake_CSR_i.mscratch[19]:EN
  Delay (ns):              7.939
  Slack (ns):             -0.481
  Arrival (ns):           12.357
  Required (ns):          11.876

Path 57
  From: Rattlesnake_0/PulseRain_Rattlesnake_MCU_i.PulseRain_Rattlesnake_core_i.Rattlesnake_controller_i.current_state_ret_9:CLK
  To:   Rattlesnake_0/PulseRain_Rattlesnake_MCU_i.PulseRain_Rattlesnake_core_i.Rattlesnake_CSR_i.mscratch[17]:EN
  Delay (ns):              7.939
  Slack (ns):             -0.470
  Arrival (ns):           12.357
  Required (ns):          11.887

Path 58
  From: Rattlesnake_0/PulseRain_Rattlesnake_MCU_i.PulseRain_Rattlesnake_core_i.Rattlesnake_execution_unit_i.Y_ret_30:CLK
  To:   Rattlesnake_0/PulseRain_Rattlesnake_MCU_i.PulseRain_Rattlesnake_core_i.Rattlesnake_controller_i.exception_PC_ret_17[10]:EN
  Delay (ns):              7.894
  Slack (ns):             -0.469
  Arrival (ns):           12.356
  Required (ns):          11.887

Path 59
  From: Rattlesnake_0/PulseRain_Rattlesnake_MCU_i.PulseRain_Rattlesnake_core_i.Rattlesnake_execution_unit_i.Y[5]:CLK
  To:   Rattlesnake_0/PulseRain_Rattlesnake_MCU_i.PulseRain_Rattlesnake_core_i.Rattlesnake_reg_file_i.write_data_in_d1[25]:D
  Delay (ns):              7.949
  Slack (ns):             -0.467
  Arrival (ns):           12.382
  Required (ns):          11.915

Path 60
  From: Rattlesnake_0/PulseRain_Rattlesnake_MCU_i.PulseRain_Rattlesnake_core_i.Rattlesnake_reg_file_i.X_ret_23:CLK
  To:   Rattlesnake_0/PulseRain_Rattlesnake_MCU_i.PulseRain_Rattlesnake_core_i.Rattlesnake_controller_i.exception_PC_ret_113:EN
  Delay (ns):              7.843
  Slack (ns):             -0.460
  Arrival (ns):           12.324
  Required (ns):          11.864

Path 61
  From: Rattlesnake_0/PulseRain_Rattlesnake_MCU_i.PulseRain_Rattlesnake_core_i.Rattlesnake_execution_unit_i.mul_div_done:CLK
  To:   Rattlesnake_0/PulseRain_Rattlesnake_MCU_i.PulseRain_Rattlesnake_core_i.Rattlesnake_reg_file_i.write_data_in_d1[25]:D
  Delay (ns):              7.918
  Slack (ns):             -0.458
  Arrival (ns):           12.373
  Required (ns):          11.915

Path 62
  From: Rattlesnake_0/PulseRain_Rattlesnake_MCU_i.PulseRain_Rattlesnake_core_i.Rattlesnake_data_access_i.ctl_mem_we_d1:CLK
  To:   Rattlesnake_0/PulseRain_Rattlesnake_MCU_i.mem_controller_i.genblk1.ram_low_i.gen_if_proc.gen_for_proc_2nd[0].ram_9bit_2nd.mem_mem_0_0/INST_RAM1K18_IP:A_WEN[0]
  Delay (ns):              7.908
  Slack (ns):             -0.456
  Arrival (ns):           12.328
  Required (ns):          11.872

Path 63
  From: Rattlesnake_0/PulseRain_Rattlesnake_MCU_i.PulseRain_Rattlesnake_core_i.Rattlesnake_execution_unit_i.Y_ret_32:CLK
  To:   Rattlesnake_0/PulseRain_Rattlesnake_MCU_i.PulseRain_Rattlesnake_core_i.Rattlesnake_controller_i.exception_PC_ret_0[7]:EN
  Delay (ns):              7.908
  Slack (ns):             -0.452
  Arrival (ns):           12.338
  Required (ns):          11.886

Path 64
  From: Rattlesnake_0/PulseRain_Rattlesnake_MCU_i.PulseRain_Rattlesnake_core_i.Rattlesnake_reg_file_i.X_ret_32:CLK
  To:   Rattlesnake_0/PulseRain_Rattlesnake_MCU_i.PulseRain_Rattlesnake_core_i.Rattlesnake_controller_i.exception_PC_ret_17[7]:EN
  Delay (ns):              7.883
  Slack (ns):             -0.452
  Arrival (ns):           12.332
  Required (ns):          11.880

Path 65
  From: Rattlesnake_0/PulseRain_Rattlesnake_MCU_i.PulseRain_Rattlesnake_core_i.Rattlesnake_execution_unit_i.X[18]:CLK
  To:   Rattlesnake_0/PulseRain_Rattlesnake_MCU_i.PulseRain_Rattlesnake_core_i.Rattlesnake_reg_file_i.single_clk_ram_rs2.mem_mem_0_1/INST_RAM64x18_IP:C_DIN[11]
  Delay (ns):              8.332
  Slack (ns):             -0.450
  Arrival (ns):           12.770
  Required (ns):          12.320

Path 66
  From: Rattlesnake_0/PulseRain_Rattlesnake_MCU_i.PulseRain_Rattlesnake_core_i.Rattlesnake_execution_unit_i.X[20]:CLK
  To:   Rattlesnake_0/PulseRain_Rattlesnake_MCU_i.PulseRain_Rattlesnake_core_i.Rattlesnake_reg_file_i.single_clk_ram_rs2.mem_mem_0_0/INST_RAM64x18_IP:C_DIN[6]
  Delay (ns):              8.383
  Slack (ns):             -0.446
  Arrival (ns):           12.826
  Required (ns):          12.380

Path 67
  From: Rattlesnake_0/PulseRain_Rattlesnake_MCU_i.PulseRain_Rattlesnake_core_i.Rattlesnake_reg_file_i.X_ret_32:CLK
  To:   Rattlesnake_0/PulseRain_Rattlesnake_MCU_i.PulseRain_Rattlesnake_core_i.Rattlesnake_controller_i.exception_PC_ret_17[11]:EN
  Delay (ns):              7.883
  Slack (ns):             -0.439
  Arrival (ns):           12.332
  Required (ns):          11.893

Path 68
  From: Rattlesnake_0/PulseRain_Rattlesnake_MCU_i.PulseRain_Rattlesnake_core_i.Rattlesnake_execution_unit_i.Y_ret_32:CLK
  To:   Rattlesnake_0/PulseRain_Rattlesnake_MCU_i.PulseRain_Rattlesnake_core_i.Rattlesnake_controller_i.exception_PC_ret_113:EN
  Delay (ns):              7.861
  Slack (ns):             -0.427
  Arrival (ns):           12.291
  Required (ns):          11.864

Path 69
  From: Rattlesnake_0/PulseRain_Rattlesnake_MCU_i.PulseRain_Rattlesnake_core_i.Rattlesnake_execution_unit_i.Y_ret_75:CLK
  To:   Rattlesnake_0/PulseRain_Rattlesnake_MCU_i.PulseRain_Rattlesnake_core_i.Rattlesnake_controller_i.exception_PC_ret_66[24]:EN
  Delay (ns):              7.807
  Slack (ns):             -0.427
  Arrival (ns):           12.288
  Required (ns):          11.861

Path 70
  From: Rattlesnake_0/PulseRain_Rattlesnake_MCU_i.PulseRain_Rattlesnake_core_i.Rattlesnake_execution_unit_i.X_ret_39:CLK
  To:   Rattlesnake_0/PulseRain_Rattlesnake_MCU_i.PulseRain_Rattlesnake_core_i.Rattlesnake_controller_i.exception_PC_ret_17[10]:EN
  Delay (ns):              7.874
  Slack (ns):             -0.423
  Arrival (ns):           12.310
  Required (ns):          11.887

Path 71
  From: Rattlesnake_0/PulseRain_Rattlesnake_MCU_i.PulseRain_Rattlesnake_core_i.Rattlesnake_execution_unit_i.jalr_active:CLK
  To:   Rattlesnake_0/PulseRain_Rattlesnake_MCU_i.PulseRain_Rattlesnake_core_i.Rattlesnake_reg_file_i.single_clk_ram_rs2.mem_mem_0_0/INST_RAM64x18_IP:C_DIN[5]
  Delay (ns):              8.412
  Slack (ns):             -0.422
  Arrival (ns):           12.824
  Required (ns):          12.402

Path 72
  From: Rattlesnake_0/PulseRain_Rattlesnake_MCU_i.PulseRain_Rattlesnake_core_i.Rattlesnake_execution_unit_i.Y_ret_75:CLK
  To:   Rattlesnake_0/PulseRain_Rattlesnake_MCU_i.PulseRain_Rattlesnake_core_i.Rattlesnake_controller_i.exception_PC_ret_0[20]:EN
  Delay (ns):              7.805
  Slack (ns):             -0.421
  Arrival (ns):           12.286
  Required (ns):          11.865

Path 73
  From: Rattlesnake_0/PulseRain_Rattlesnake_MCU_i.PulseRain_Rattlesnake_core_i.Rattlesnake_execution_unit_i.AUIPC_out[13]:CLK
  To:   Rattlesnake_0/PulseRain_Rattlesnake_MCU_i.PulseRain_Rattlesnake_core_i.Rattlesnake_reg_file_i.single_clk_ram_rs2.mem_mem_0_0/INST_RAM64x18_IP:C_DIN[13]
  Delay (ns):              8.262
  Slack (ns):             -0.420
  Arrival (ns):           12.712
  Required (ns):          12.292

Path 74
  From: Rattlesnake_0/PulseRain_Rattlesnake_MCU_i.PulseRain_Rattlesnake_core_i.Rattlesnake_execution_unit_i.X_ret_53:CLK
  To:   Rattlesnake_0/PulseRain_Rattlesnake_MCU_i.PulseRain_Rattlesnake_core_i.Rattlesnake_controller_i.exception_PC_ret_0[7]:EN
  Delay (ns):              7.882
  Slack (ns):             -0.417
  Arrival (ns):           12.303
  Required (ns):          11.886

Path 75
  From: Rattlesnake_0/PulseRain_Rattlesnake_MCU_i.PulseRain_Rattlesnake_core_i.Rattlesnake_controller_i.current_state_ret_9:CLK
  To:   Rattlesnake_0/PulseRain_Rattlesnake_MCU_i.PulseRain_Rattlesnake_core_i.Rattlesnake_CSR_i.mepc[21]:EN
  Delay (ns):              7.867
  Slack (ns):             -0.416
  Arrival (ns):           12.285
  Required (ns):          11.869

Path 76
  From: Rattlesnake_0/PulseRain_Rattlesnake_MCU_i.PulseRain_Rattlesnake_core_i.Rattlesnake_controller_i.current_state_ret_9:CLK
  To:   Rattlesnake_0/PulseRain_Rattlesnake_MCU_i.PulseRain_Rattlesnake_core_i.Rattlesnake_CSR_i.mepc[22]:EN
  Delay (ns):              7.867
  Slack (ns):             -0.416
  Arrival (ns):           12.285
  Required (ns):          11.869

Path 77
  From: Rattlesnake_0/PulseRain_Rattlesnake_MCU_i.PulseRain_Rattlesnake_core_i.Rattlesnake_execution_unit_i.Y_ret_75:CLK
  To:   Rattlesnake_0/PulseRain_Rattlesnake_MCU_i.PulseRain_Rattlesnake_core_i.Rattlesnake_controller_i.exception_PC_ret_66[26]:EN
  Delay (ns):              7.807
  Slack (ns):             -0.416
  Arrival (ns):           12.288
  Required (ns):          11.872

Path 78
  From: Rattlesnake_0/PulseRain_Rattlesnake_MCU_i.PulseRain_Rattlesnake_core_i.Rattlesnake_execution_unit_i.Y_ret_75:CLK
  To:   Rattlesnake_0/PulseRain_Rattlesnake_MCU_i.PulseRain_Rattlesnake_core_i.Rattlesnake_controller_i.exception_PC_ret_66[20]:EN
  Delay (ns):              7.807
  Slack (ns):             -0.414
  Arrival (ns):           12.288
  Required (ns):          11.874

Path 79
  From: Rattlesnake_0/PulseRain_Rattlesnake_MCU_i.PulseRain_Rattlesnake_core_i.Rattlesnake_reg_file_i.X_ret_32:CLK
  To:   Rattlesnake_0/PulseRain_Rattlesnake_MCU_i.PulseRain_Rattlesnake_core_i.Rattlesnake_controller_i.exception_PC_ret_66[16]:EN
  Delay (ns):              7.827
  Slack (ns):             -0.413
  Arrival (ns):           12.276
  Required (ns):          11.863

Path 80
  From: Rattlesnake_0/PulseRain_Rattlesnake_MCU_i.PulseRain_Rattlesnake_core_i.Rattlesnake_execution_unit_i.X_ret_22:CLK
  To:   Rattlesnake_0/PulseRain_Rattlesnake_MCU_i.PulseRain_Rattlesnake_core_i.Rattlesnake_controller_i.exception_PC_ret_17[10]:EN
  Delay (ns):              7.821
  Slack (ns):             -0.411
  Arrival (ns):           12.298
  Required (ns):          11.887

Path 81
  From: Rattlesnake_0/PulseRain_Rattlesnake_MCU_i.PulseRain_Rattlesnake_core_i.Rattlesnake_execution_unit_i.Y_ret_75:CLK
  To:   Rattlesnake_0/PulseRain_Rattlesnake_MCU_i.PulseRain_Rattlesnake_core_i.Rattlesnake_controller_i.exception_PC_ret_0[24]:EN
  Delay (ns):              7.805
  Slack (ns):             -0.410
  Arrival (ns):           12.286
  Required (ns):          11.876

Path 82
  From: Rattlesnake_0/PulseRain_Rattlesnake_MCU_i.PulseRain_Rattlesnake_core_i.Rattlesnake_controller_i.current_state_ret_9:CLK
  To:   Rattlesnake_0/PulseRain_Rattlesnake_MCU_i.PulseRain_Rattlesnake_core_i.Rattlesnake_CSR_i.mepc[23]:EN
  Delay (ns):              7.867
  Slack (ns):             -0.404
  Arrival (ns):           12.285
  Required (ns):          11.881

Path 83
  From: Rattlesnake_0/PulseRain_Rattlesnake_MCU_i.PulseRain_Rattlesnake_core_i.Rattlesnake_execution_unit_i.Y_ret_75:CLK
  To:   Rattlesnake_0/PulseRain_Rattlesnake_MCU_i.PulseRain_Rattlesnake_core_i.Rattlesnake_controller_i.exception_PC_ret_66[23]:EN
  Delay (ns):              7.792
  Slack (ns):             -0.404
  Arrival (ns):           12.273
  Required (ns):          11.869

Path 84
  From: Rattlesnake_0/PulseRain_Rattlesnake_MCU_i.PulseRain_Rattlesnake_core_i.Rattlesnake_execution_unit_i.Y_ret_30:CLK
  To:   Rattlesnake_0/PulseRain_Rattlesnake_MCU_i.PulseRain_Rattlesnake_core_i.Rattlesnake_controller_i.exception_PC_ret_17[7]:EN
  Delay (ns):              7.818
  Slack (ns):             -0.400
  Arrival (ns):           12.280
  Required (ns):          11.880

Path 85
  From: Rattlesnake_0/PulseRain_Rattlesnake_MCU_i.PulseRain_Rattlesnake_core_i.Rattlesnake_execution_unit_i.X[12]:CLK
  To:   Rattlesnake_0/PulseRain_Rattlesnake_MCU_i.PulseRain_Rattlesnake_core_i.Rattlesnake_reg_file_i.write_data_in_d1[25]:D
  Delay (ns):              7.895
  Slack (ns):             -0.399
  Arrival (ns):           12.314
  Required (ns):          11.915

Path 86
  From: Rattlesnake_0/PulseRain_Rattlesnake_MCU_i.PulseRain_Rattlesnake_core_i.Rattlesnake_execution_unit_i.Y[20]:CLK
  To:   Rattlesnake_0/PulseRain_Rattlesnake_MCU_i.PulseRain_Rattlesnake_core_i.Rattlesnake_reg_file_i.write_data_in_d1[25]:D
  Delay (ns):              7.885
  Slack (ns):             -0.397
  Arrival (ns):           12.312
  Required (ns):          11.915

Path 87
  From: Rattlesnake_0/PulseRain_Rattlesnake_MCU_i.PulseRain_Rattlesnake_core_i.Rattlesnake_execution_unit_i.X_ret_28:CLK
  To:   Rattlesnake_0/PulseRain_Rattlesnake_MCU_i.PulseRain_Rattlesnake_core_i.Rattlesnake_controller_i.exception_PC_ret_17[10]:EN
  Delay (ns):              7.821
  Slack (ns):             -0.396
  Arrival (ns):           12.283
  Required (ns):          11.887

Path 88
  From: Rattlesnake_0/PulseRain_Rattlesnake_MCU_i.PulseRain_Rattlesnake_core_i.Rattlesnake_execution_unit_i.Y_ret_28:CLK
  To:   Rattlesnake_0/PulseRain_Rattlesnake_MCU_i.PulseRain_Rattlesnake_core_i.Rattlesnake_controller_i.exception_PC_ret_17[10]:EN
  Delay (ns):              7.822
  Slack (ns):             -0.396
  Arrival (ns):           12.283
  Required (ns):          11.887

Path 89
  From: Rattlesnake_0/PulseRain_Rattlesnake_MCU_i.PulseRain_Rattlesnake_core_i.Rattlesnake_execution_unit_i.Y_ret_75:CLK
  To:   Rattlesnake_0/PulseRain_Rattlesnake_MCU_i.PulseRain_Rattlesnake_core_i.Rattlesnake_controller_i.exception_instruction_addr_misalign_reg:EN
  Delay (ns):              7.842
  Slack (ns):             -0.396
  Arrival (ns):           12.323
  Required (ns):          11.927

Path 90
  From: Rattlesnake_0/PulseRain_Rattlesnake_MCU_i.PulseRain_Rattlesnake_core_i.Rattlesnake_execution_unit_i.Y_ret_52:CLK
  To:   Rattlesnake_0/PulseRain_Rattlesnake_MCU_i.PulseRain_Rattlesnake_core_i.Rattlesnake_controller_i.exception_PC_ret_17[10]:EN
  Delay (ns):              7.802
  Slack (ns):             -0.395
  Arrival (ns):           12.282
  Required (ns):          11.887

Path 91
  From: Rattlesnake_0/PulseRain_Rattlesnake_MCU_i.PulseRain_Rattlesnake_core_i.Rattlesnake_execution_unit_i.Y_fast[0]:CLK
  To:   Rattlesnake_0/PulseRain_Rattlesnake_MCU_i.PulseRain_Rattlesnake_core_i.Rattlesnake_reg_file_i.single_clk_ram_rs2.mem_mem_0_0/INST_RAM64x18_IP:C_DIN[13]
  Delay (ns):              8.255
  Slack (ns):             -0.394
  Arrival (ns):           12.686
  Required (ns):          12.292

Path 92
  From: Rattlesnake_0/PulseRain_Rattlesnake_MCU_i.PulseRain_Rattlesnake_core_i.Rattlesnake_execution_unit_i.X_ret_53:CLK
  To:   Rattlesnake_0/PulseRain_Rattlesnake_MCU_i.PulseRain_Rattlesnake_core_i.Rattlesnake_controller_i.exception_PC_ret_113:EN
  Delay (ns):              7.835
  Slack (ns):             -0.392
  Arrival (ns):           12.256
  Required (ns):          11.864

Path 93
  From: Rattlesnake_0/PulseRain_Rattlesnake_MCU_i.PulseRain_Rattlesnake_core_i.Rattlesnake_execution_unit_i.Y_fast[1]:CLK
  To:   Rattlesnake_0/PulseRain_Rattlesnake_MCU_i.PulseRain_Rattlesnake_core_i.Rattlesnake_reg_file_i.single_clk_ram_rs2.mem_mem_0_0/INST_RAM64x18_IP:C_DIN[13]
  Delay (ns):              8.253
  Slack (ns):             -0.392
  Arrival (ns):           12.684
  Required (ns):          12.292

Path 94
  From: Rattlesnake_0/PulseRain_Rattlesnake_MCU_i.PulseRain_Rattlesnake_core_i.Rattlesnake_execution_unit_i.reg_ctl_AUIPC:CLK
  To:   Rattlesnake_0/PulseRain_Rattlesnake_MCU_i.PulseRain_Rattlesnake_core_i.Rattlesnake_reg_file_i.write_data_in_d1[25]:D
  Delay (ns):              7.882
  Slack (ns):             -0.391
  Arrival (ns):           12.306
  Required (ns):          11.915

Path 95
  From: Rattlesnake_0/PulseRain_Rattlesnake_MCU_i.PulseRain_Rattlesnake_core_i.Rattlesnake_execution_unit_i.Y_ret_30:CLK
  To:   Rattlesnake_0/PulseRain_Rattlesnake_MCU_i.PulseRain_Rattlesnake_core_i.Rattlesnake_controller_i.exception_PC_ret_17[11]:EN
  Delay (ns):              7.818
  Slack (ns):             -0.387
  Arrival (ns):           12.280
  Required (ns):          11.893

Path 96
  From: Rattlesnake_0/PulseRain_Rattlesnake_MCU_i.PulseRain_Rattlesnake_core_i.Rattlesnake_instruction_decode_i.enable_out:CLK
  To:   Rattlesnake_0/PulseRain_Rattlesnake_MCU_i.PulseRain_Rattlesnake_core_i.Rattlesnake_CSR_i.mscratch[18]:EN
  Delay (ns):              7.794
  Slack (ns):             -0.382
  Arrival (ns):           12.255
  Required (ns):          11.873

Path 97
  From: Rattlesnake_0/PulseRain_Rattlesnake_MCU_i.PulseRain_Rattlesnake_core_i.Rattlesnake_instruction_decode_i.enable_out:CLK
  To:   Rattlesnake_0/PulseRain_Rattlesnake_MCU_i.PulseRain_Rattlesnake_core_i.Rattlesnake_CSR_i.mscratch[24]:EN
  Delay (ns):              7.794
  Slack (ns):             -0.382
  Arrival (ns):           12.255
  Required (ns):          11.873

Path 98
  From: Rattlesnake_0/PulseRain_Rattlesnake_MCU_i.PulseRain_Rattlesnake_core_i.Rattlesnake_execution_unit_i.X[16]:CLK
  To:   Rattlesnake_0/PulseRain_Rattlesnake_MCU_i.PulseRain_Rattlesnake_core_i.Rattlesnake_reg_file_i.write_data_in_d1[25]:D
  Delay (ns):              7.868
  Slack (ns):             -0.381
  Arrival (ns):           12.296
  Required (ns):          11.915

Path 99
  From: Rattlesnake_0/PulseRain_Rattlesnake_MCU_i.PulseRain_Rattlesnake_core_i.Rattlesnake_execution_unit_i.mul_div_done:CLK
  To:   Rattlesnake_0/PulseRain_Rattlesnake_MCU_i.PulseRain_Rattlesnake_core_i.Rattlesnake_reg_file_i.single_clk_ram_rs2.mem_mem_0_0/INST_RAM64x18_IP:C_DIN[13]
  Delay (ns):              8.214
  Slack (ns):             -0.377
  Arrival (ns):           12.669
  Required (ns):          12.292

Path 100
  From: Rattlesnake_0/PulseRain_Rattlesnake_MCU_i.PulseRain_Rattlesnake_core_i.Rattlesnake_execution_unit_i.X[21]:CLK
  To:   Rattlesnake_0/PulseRain_Rattlesnake_MCU_i.PulseRain_Rattlesnake_core_i.Rattlesnake_reg_file_i.single_clk_ram_rs2.mem_mem_0_1/INST_RAM64x18_IP:C_DIN[7]
  Delay (ns):              8.307
  Slack (ns):             -0.376
  Arrival (ns):           12.756
  Required (ns):          12.380

