Timing Violation Report Max Delay Analysis

SmartTime Version v12.1
Microsemi Corporation - Microsemi Libero Software Release v12.1 (Version 12.600.0.14)
Date: Thu Aug 29 21:16:19 2019


Design: creative
Family: IGLOO2
Die: M2GL025
Package: 256 VF
Temperature Range: 0 - 85 C
Voltage Range: 1.14 - 1.26 V
Speed Grade: STD
Design State: Post-Layout
Data source: Production
Min Operating Conditions: BEST - 1.26 V - 0 C
Max Operating Conditions: WORST - 1.14 V - 85 C
Scenario for Timing Analysis: timing_analysis


Path 1
  From: Rattlesnake_0/PulseRain_Rattlesnake_MCU_i.PulseRain_Rattlesnake_core_i.Rattlesnake_block_write_detect_i.mem_addr_blk_wr_end_i[2]:CLK
  To:   Rattlesnake_0/PulseRain_Rattlesnake_MCU_i.PulseRain_Rattlesnake_core_i.Rattlesnake_block_write_detect_i.un1_write_cnt_1.write_cnt_ret_1:D
  Delay (ns):              8.278
  Slack (ns):             -0.266
  Arrival (ns):           12.822
  Required (ns):          12.556

Path 2
  From: Rattlesnake_0/PulseRain_Rattlesnake_MCU_i.PulseRain_Rattlesnake_core_i.Rattlesnake_block_write_detect_i.mem_addr_blk_wr_end_i[2]:CLK
  To:   Rattlesnake_0/PulseRain_Rattlesnake_MCU_i.mem_controller_i.genblk1.ram_high_i.gen_if_proc.gen_for_proc_1st[1].ram_9bit_1st.mem_mem_0_4/INST_RAM1K18_IP:A_DIN[0]
  Delay (ns):              8.359
  Slack (ns):             -0.228
  Arrival (ns):           12.903
  Required (ns):          12.675

Path 3
  From: Rattlesnake_0/PulseRain_Rattlesnake_MCU_i.PulseRain_Rattlesnake_core_i.Rattlesnake_execution_unit_i.Y_fast[0]:CLK
  To:   Rattlesnake_0/PulseRain_Rattlesnake_MCU_i.PulseRain_Rattlesnake_core_i.Rattlesnake_reg_file_i.single_clk_ram_rs2.mem_mem_0_0/INST_RAM64x18_IP:C_DIN[9]
  Delay (ns):              8.456
  Slack (ns):             -0.067
  Arrival (ns):           12.978
  Required (ns):          12.911

Path 4
  From: Rattlesnake_0/PulseRain_Rattlesnake_MCU_i.PulseRain_Rattlesnake_core_i.Rattlesnake_mm_reg_i.mem_we_ret:CLK
  To:   Rattlesnake_0/PulseRain_Rattlesnake_MCU_i.PulseRain_Rattlesnake_core_i.Rattlesnake_block_write_detect_i.un1_write_cnt_1.write_cnt_ret_1:D
  Delay (ns):              8.015
  Slack (ns):             -0.003
  Arrival (ns):           12.559
  Required (ns):          12.556

Path 5
  From: Rattlesnake_0/PulseRain_Rattlesnake_MCU_i.PulseRain_Rattlesnake_core_i.Rattlesnake_block_write_detect_i.mem_addr_blk_wr_end_i[2]:CLK
  To:   Rattlesnake_0/PulseRain_Rattlesnake_MCU_i.mem_controller_i.genblk1.ram_high_i.gen_if_proc.gen_for_proc_2nd[1].ram_9bit_2nd.mem_mem_0_2/INST_RAM1K18_IP:A_DIN[0]
  Delay (ns):              8.108
  Slack (ns):              0.015
  Arrival (ns):           12.652
  Required (ns):          12.667

Path 6
  From: Rattlesnake_0/PulseRain_Rattlesnake_MCU_i.PulseRain_Rattlesnake_core_i.Rattlesnake_block_write_detect_i.mem_addr_blk_wr_end_i[2]:CLK
  To:   Rattlesnake_0/PulseRain_Rattlesnake_MCU_i.PulseRain_Rattlesnake_core_i.Rattlesnake_block_write_detect_i.un1_write_cnt_1.write_cnt_ret:D
  Delay (ns):              7.962
  Slack (ns):              0.019
  Arrival (ns):           12.506
  Required (ns):          12.525

Path 7
  From: Rattlesnake_0/PulseRain_Rattlesnake_MCU_i.PulseRain_Rattlesnake_core_i.Rattlesnake_block_write_detect_i.mem_addr_blk_wr_end_i[2]:CLK
  To:   Rattlesnake_0/PulseRain_Rattlesnake_MCU_i.PulseRain_Rattlesnake_core_i.Rattlesnake_block_write_detect_i.write_cnt_ret:D
  Delay (ns):              7.959
  Slack (ns):              0.027
  Arrival (ns):           12.503
  Required (ns):          12.530

Path 8
  From: Rattlesnake_0/PulseRain_Rattlesnake_MCU_i.PulseRain_Rattlesnake_core_i.Rattlesnake_block_write_detect_i.mem_addr_blk_wr_end_i[2]:CLK
  To:   Rattlesnake_0/PulseRain_Rattlesnake_MCU_i.mem_controller_i.genblk1.ram_low_i.gen_if_proc.gen_for_proc_2nd[1].ram_9bit_2nd.mem_mem_0_2/INST_RAM1K18_IP:A_DIN[0]
  Delay (ns):              8.083
  Slack (ns):              0.032
  Arrival (ns):           12.627
  Required (ns):          12.659

Path 9
  From: Rattlesnake_0/PulseRain_Rattlesnake_MCU_i.PulseRain_Rattlesnake_core_i.Rattlesnake_mm_reg_i.mem_we_ret:CLK
  To:   Rattlesnake_0/PulseRain_Rattlesnake_MCU_i.mem_controller_i.genblk1.ram_high_i.gen_if_proc.gen_for_proc_1st[1].ram_9bit_1st.mem_mem_0_4/INST_RAM1K18_IP:A_DIN[0]
  Delay (ns):              8.096
  Slack (ns):              0.035
  Arrival (ns):           12.640
  Required (ns):          12.675

Path 10
  From: Rattlesnake_0/PulseRain_Rattlesnake_MCU_i.PulseRain_Rattlesnake_core_i.Rattlesnake_block_write_detect_i.mem_addr_blk_wr_end_i[2]:CLK
  To:   Rattlesnake_0/PulseRain_Rattlesnake_MCU_i.PulseRain_Rattlesnake_core_i.Rattlesnake_block_write_detect_i.write_cnt_ret_10:D
  Delay (ns):              7.958
  Slack (ns):              0.039
  Arrival (ns):           12.502
  Required (ns):          12.541

Path 11
  From: Rattlesnake_0/PulseRain_Rattlesnake_MCU_i.PulseRain_Rattlesnake_core_i.Rattlesnake_block_write_detect_i.mem_addr_blk_wr_end_i[3]:CLK
  To:   Rattlesnake_0/PulseRain_Rattlesnake_MCU_i.PulseRain_Rattlesnake_core_i.Rattlesnake_block_write_detect_i.un1_write_cnt_1.write_cnt_ret_1:D
  Delay (ns):              7.951
  Slack (ns):              0.073
  Arrival (ns):           12.483
  Required (ns):          12.556

Path 12
  From: Rattlesnake_0/PulseRain_Rattlesnake_MCU_i.PulseRain_Rattlesnake_core_i.Rattlesnake_execution_unit_i.Y_3_rep1:CLK
  To:   Rattlesnake_0/PulseRain_Rattlesnake_MCU_i.PulseRain_Rattlesnake_core_i.Rattlesnake_reg_file_i.single_clk_ram_rs2.mem_mem_0_1/INST_RAM64x18_IP:C_DIN[4]
  Delay (ns):              8.369
  Slack (ns):              0.109
  Arrival (ns):           12.896
  Required (ns):          13.005

Path 13
  From: Rattlesnake_0/PulseRain_Rattlesnake_MCU_i.PulseRain_Rattlesnake_core_i.Rattlesnake_block_write_detect_i.mem_addr_blk_wr_end_i[3]:CLK
  To:   Rattlesnake_0/PulseRain_Rattlesnake_MCU_i.mem_controller_i.genblk1.ram_high_i.gen_if_proc.gen_for_proc_1st[1].ram_9bit_1st.mem_mem_0_4/INST_RAM1K18_IP:A_DIN[0]
  Delay (ns):              8.032
  Slack (ns):              0.111
  Arrival (ns):           12.564
  Required (ns):          12.675

Path 14
  From: Rattlesnake_0/PulseRain_Rattlesnake_MCU_i.PulseRain_Rattlesnake_core_i.Rattlesnake_execution_unit_i.Y_fast[2]:CLK
  To:   Rattlesnake_0/PulseRain_Rattlesnake_MCU_i.PulseRain_Rattlesnake_core_i.Rattlesnake_reg_file_i.single_clk_ram_rs2.mem_mem_0_1/INST_RAM64x18_IP:C_DIN[4]
  Delay (ns):              8.340
  Slack (ns):              0.118
  Arrival (ns):           12.866
  Required (ns):          12.984

Path 15
  From: Rattlesnake_0/PulseRain_Rattlesnake_MCU_i.PulseRain_Rattlesnake_core_i.Rattlesnake_execution_unit_i.X[4]:CLK
  To:   Rattlesnake_0/PulseRain_Rattlesnake_MCU_i.PulseRain_Rattlesnake_core_i.Rattlesnake_reg_file_i.write_data_in_d1[3]:D
  Delay (ns):              7.920
  Slack (ns):              0.121
  Arrival (ns):           12.434
  Required (ns):          12.555

Path 16
  From: Rattlesnake_0/PulseRain_Rattlesnake_MCU_i.PulseRain_Rattlesnake_core_i.Rattlesnake_execution_unit_i.Y_0_rep1:CLK
  To:   Rattlesnake_0/PulseRain_Rattlesnake_MCU_i.PulseRain_Rattlesnake_core_i.Rattlesnake_reg_file_i.write_data_in_d1[3]:D
  Delay (ns):              7.898
  Slack (ns):              0.132
  Arrival (ns):           12.423
  Required (ns):          12.555

Path 17
  From: Rattlesnake_0/PulseRain_Rattlesnake_MCU_i.PulseRain_Rattlesnake_core_i.Rattlesnake_execution_unit_i.X[9]:CLK
  To:   Rattlesnake_0/PulseRain_Rattlesnake_MCU_i.PulseRain_Rattlesnake_core_i.Rattlesnake_reg_file_i.single_clk_ram_rs2.mem_mem_0_1/INST_RAM64x18_IP:C_DIN[2]
  Delay (ns):              8.254
  Slack (ns):              0.150
  Arrival (ns):           12.772
  Required (ns):          12.922

Path 18
  From: Rattlesnake_0/PulseRain_Rattlesnake_MCU_i.PulseRain_Rattlesnake_core_i.Rattlesnake_execution_unit_i.X[7]:CLK
  To:   Rattlesnake_0/PulseRain_Rattlesnake_MCU_i.PulseRain_Rattlesnake_core_i.Rattlesnake_reg_file_i.write_data_in_d1[3]:D
  Delay (ns):              7.869
  Slack (ns):              0.156
  Arrival (ns):           12.399
  Required (ns):          12.555

Path 19
  From: Rattlesnake_0/PulseRain_Rattlesnake_MCU_i.PulseRain_Rattlesnake_core_i.Rattlesnake_execution_unit_i.X[7]:CLK
  To:   Rattlesnake_0/PulseRain_Rattlesnake_MCU_i.PulseRain_Rattlesnake_core_i.Rattlesnake_reg_file_i.single_clk_ram_rs2.mem_mem_0_0/INST_RAM64x18_IP:C_DIN[7]
  Delay (ns):              8.309
  Slack (ns):              0.174
  Arrival (ns):           12.839
  Required (ns):          13.013

Path 20
  From: Rattlesnake_0/PulseRain_Rattlesnake_MCU_i.PulseRain_Rattlesnake_core_i.Rattlesnake_execution_unit_i.Y_0_rep2:CLK
  To:   Rattlesnake_0/PulseRain_Rattlesnake_MCU_i.PulseRain_Rattlesnake_core_i.Rattlesnake_reg_file_i.write_data_in_d1[3]:D
  Delay (ns):              7.859
  Slack (ns):              0.187
  Arrival (ns):           12.368
  Required (ns):          12.555

Path 21
  From: Rattlesnake_0/PulseRain_Rattlesnake_MCU_i.PulseRain_Rattlesnake_core_i.Rattlesnake_execution_unit_i.Y_0_rep2:CLK
  To:   Rattlesnake_0/PulseRain_Rattlesnake_MCU_i.PulseRain_Rattlesnake_core_i.Rattlesnake_reg_file_i.single_clk_ram_rs2.mem_mem_0_1/INST_RAM64x18_IP:C_DIN[4]
  Delay (ns):              8.284
  Slack (ns):              0.191
  Arrival (ns):           12.793
  Required (ns):          12.984

Path 22
  From: Rattlesnake_0/PulseRain_Rattlesnake_MCU_i.PulseRain_Rattlesnake_core_i.Rattlesnake_execution_unit_i.X[7]:CLK
  To:   Rattlesnake_0/PulseRain_Rattlesnake_MCU_i.PulseRain_Rattlesnake_core_i.Rattlesnake_reg_file_i.single_clk_ram_rs2.mem_mem_0_1/INST_RAM64x18_IP:C_DIN[1]
  Delay (ns):              8.170
  Slack (ns):              0.198
  Arrival (ns):           12.700
  Required (ns):          12.898

Path 23
  From: Rattlesnake_0/PulseRain_Rattlesnake_MCU_i.PulseRain_Rattlesnake_core_i.Rattlesnake_execution_unit_i.Y_fast[0]:CLK
  To:   Rattlesnake_0/PulseRain_Rattlesnake_MCU_i.PulseRain_Rattlesnake_core_i.Rattlesnake_reg_file_i.single_clk_ram_rs2.mem_mem_0_1/INST_RAM64x18_IP:C_DIN[4]
  Delay (ns):              8.263
  Slack (ns):              0.199
  Arrival (ns):           12.785
  Required (ns):          12.984

Path 24
  From: Rattlesnake_0/PulseRain_Rattlesnake_MCU_i.PulseRain_Rattlesnake_core_i.Rattlesnake_execution_unit_i.Y_0_rep2:CLK
  To:   Rattlesnake_0/PulseRain_Rattlesnake_MCU_i.PulseRain_Rattlesnake_core_i.Rattlesnake_reg_file_i.single_clk_ram_rs2.mem_mem_0_0/INST_RAM64x18_IP:C_DIN[7]
  Delay (ns):              8.302
  Slack (ns):              0.202
  Arrival (ns):           12.811
  Required (ns):          13.013

Path 25
  From: Rattlesnake_0/PulseRain_Rattlesnake_MCU_i.PulseRain_Rattlesnake_core_i.Rattlesnake_block_write_detect_i.mem_addr_blk_wr_end_i[2]:CLK
  To:   Rattlesnake_0/PulseRain_Rattlesnake_MCU_i.PulseRain_Rattlesnake_core_i.Rattlesnake_block_write_detect_i.blk_write_active_i:EN
  Delay (ns):              7.740
  Slack (ns):              0.208
  Arrival (ns):           12.284
  Required (ns):          12.492

Path 26
  From: Rattlesnake_0/PulseRain_Rattlesnake_MCU_i.PulseRain_Rattlesnake_core_i.Rattlesnake_execution_unit_i.X[8]:CLK
  To:   Rattlesnake_0/PulseRain_Rattlesnake_MCU_i.PulseRain_Rattlesnake_core_i.Rattlesnake_reg_file_i.single_clk_ram_rs2.mem_mem_0_1/INST_RAM64x18_IP:C_DIN[1]
  Delay (ns):              8.173
  Slack (ns):              0.212
  Arrival (ns):           12.686
  Required (ns):          12.898

Path 27
  From: Rattlesnake_0/PulseRain_Rattlesnake_MCU_i.PulseRain_Rattlesnake_core_i.Rattlesnake_execution_unit_i.X[31]:CLK
  To:   Rattlesnake_0/PulseRain_Rattlesnake_MCU_i.PulseRain_Rattlesnake_core_i.Rattlesnake_reg_file_i.single_clk_ram_rs2.mem_mem_0_1/INST_RAM64x18_IP:C_DIN[4]
  Delay (ns):              8.241
  Slack (ns):              0.216
  Arrival (ns):           12.768
  Required (ns):          12.984

Path 28
  From: Rattlesnake_0/PulseRain_Rattlesnake_MCU_i.PulseRain_Rattlesnake_core_i.Rattlesnake_reg_file_i.X_ret_52:CLK
  To:   Rattlesnake_0/PulseRain_Rattlesnake_MCU_i.PulseRain_Rattlesnake_core_i.Rattlesnake_controller_i.exception_PC_ret_0[20]:EN
  Delay (ns):              7.724
  Slack (ns):              0.217
  Arrival (ns):           12.283
  Required (ns):          12.500

Path 29
  From: Rattlesnake_0/PulseRain_Rattlesnake_MCU_i.PulseRain_Rattlesnake_core_i.Rattlesnake_execution_unit_i.X[18]:CLK
  To:   Rattlesnake_0/PulseRain_Rattlesnake_MCU_i.PulseRain_Rattlesnake_core_i.Rattlesnake_reg_file_i.single_clk_ram_rs2.mem_mem_0_1/INST_RAM64x18_IP:C_DIN[4]
  Delay (ns):              8.264
  Slack (ns):              0.222
  Arrival (ns):           12.783
  Required (ns):          13.005

Path 30
  From: Rattlesnake_0/PulseRain_Rattlesnake_MCU_i.PulseRain_Rattlesnake_core_i.Rattlesnake_block_write_detect_i.mem_addr_blk_wr_end_i[2]:CLK
  To:   Rattlesnake_0/PulseRain_Rattlesnake_MCU_i.PulseRain_Rattlesnake_core_i.Rattlesnake_block_write_detect_i.blk_write_active_i:D
  Delay (ns):              7.788
  Slack (ns):              0.225
  Arrival (ns):           12.332
  Required (ns):          12.557

Path 31
  From: Rattlesnake_0/PulseRain_Rattlesnake_MCU_i.PulseRain_Rattlesnake_core_i.Rattlesnake_execution_unit_i.Y_ret_75:CLK
  To:   Rattlesnake_0/PulseRain_Rattlesnake_MCU_i.PulseRain_Rattlesnake_core_i.Rattlesnake_reg_file_i.single_clk_ram_rs2.mem_mem_0_1/INST_RAM64x18_IP:C_DIN[2]
  Delay (ns):              8.128
  Slack (ns):              0.227
  Arrival (ns):           12.695
  Required (ns):          12.922

Path 32
  From: Rattlesnake_0/PulseRain_Rattlesnake_MCU_i.PulseRain_Rattlesnake_core_i.Rattlesnake_execution_unit_i.X[9]:CLK
  To:   Rattlesnake_0/PulseRain_Rattlesnake_MCU_i.PulseRain_Rattlesnake_core_i.Rattlesnake_reg_file_i.write_data_in_d1[20]:D
  Delay (ns):              7.810
  Slack (ns):              0.230
  Arrival (ns):           12.328
  Required (ns):          12.558

Path 33
  From: Rattlesnake_0/PulseRain_Rattlesnake_MCU_i.PulseRain_Rattlesnake_core_i.Rattlesnake_reg_file_i.X_ret_52:CLK
  To:   Rattlesnake_0/PulseRain_Rattlesnake_MCU_i.PulseRain_Rattlesnake_core_i.Rattlesnake_controller_i.exception_PC_ret_0[21]:EN
  Delay (ns):              7.724
  Slack (ns):              0.231
  Arrival (ns):           12.283
  Required (ns):          12.514

Path 34
  From: Rattlesnake_0/PulseRain_Rattlesnake_MCU_i.PulseRain_Rattlesnake_core_i.Rattlesnake_reg_file_i.X_ret_52:CLK
  To:   Rattlesnake_0/PulseRain_Rattlesnake_MCU_i.PulseRain_Rattlesnake_core_i.Rattlesnake_controller_i.exception_PC_ret_0[24]:EN
  Delay (ns):              7.724
  Slack (ns):              0.231
  Arrival (ns):           12.283
  Required (ns):          12.514

Path 35
  From: Rattlesnake_0/PulseRain_Rattlesnake_MCU_i.PulseRain_Rattlesnake_core_i.Rattlesnake_execution_unit_i.X[4]:CLK
  To:   Rattlesnake_0/PulseRain_Rattlesnake_MCU_i.PulseRain_Rattlesnake_core_i.Rattlesnake_reg_file_i.single_clk_ram_rs2.mem_mem_0_1/INST_RAM64x18_IP:C_DIN[4]
  Delay (ns):              8.241
  Slack (ns):              0.250
  Arrival (ns):           12.755
  Required (ns):          13.005

Path 36
  From: Rattlesnake_0/PulseRain_Rattlesnake_MCU_i.PulseRain_Rattlesnake_core_i.Rattlesnake_execution_unit_i.X[5]:CLK
  To:   Rattlesnake_0/PulseRain_Rattlesnake_MCU_i.PulseRain_Rattlesnake_core_i.Rattlesnake_reg_file_i.single_clk_ram_rs2.mem_mem_0_1/INST_RAM64x18_IP:C_DIN[1]
  Delay (ns):              8.127
  Slack (ns):              0.257
  Arrival (ns):           12.641
  Required (ns):          12.898

Path 37
  From: Rattlesnake_0/PulseRain_Rattlesnake_MCU_i.PulseRain_Rattlesnake_core_i.Rattlesnake_execution_unit_i.X_ret_59:CLK
  To:   Rattlesnake_0/PulseRain_Rattlesnake_MCU_i.PulseRain_Rattlesnake_core_i.Rattlesnake_controller_i.exception_PC_ret_0[20]:EN
  Delay (ns):              7.713
  Slack (ns):              0.261
  Arrival (ns):           12.239
  Required (ns):          12.500

Path 38
  From: Rattlesnake_0/PulseRain_Rattlesnake_MCU_i.PulseRain_Rattlesnake_core_i.Rattlesnake_execution_unit_i.X_ret_39:CLK
  To:   Rattlesnake_0/PulseRain_Rattlesnake_MCU_i.PulseRain_Rattlesnake_core_i.Rattlesnake_controller_i.exception_PC_ret_0[20]:EN
  Delay (ns):              7.711
  Slack (ns):              0.264
  Arrival (ns):           12.236
  Required (ns):          12.500

Path 39
  From: Rattlesnake_0/PulseRain_Rattlesnake_MCU_i.PulseRain_Rattlesnake_core_i.Rattlesnake_execution_unit_i.X_ret_59:CLK
  To:   Rattlesnake_0/PulseRain_Rattlesnake_MCU_i.PulseRain_Rattlesnake_core_i.Rattlesnake_controller_i.exception_PC_ret_0[21]:EN
  Delay (ns):              7.713
  Slack (ns):              0.275
  Arrival (ns):           12.239
  Required (ns):          12.514

Path 40
  From: Rattlesnake_0/PulseRain_Rattlesnake_MCU_i.PulseRain_Rattlesnake_core_i.Rattlesnake_execution_unit_i.X_ret_59:CLK
  To:   Rattlesnake_0/PulseRain_Rattlesnake_MCU_i.PulseRain_Rattlesnake_core_i.Rattlesnake_controller_i.exception_PC_ret_0[24]:EN
  Delay (ns):              7.713
  Slack (ns):              0.275
  Arrival (ns):           12.239
  Required (ns):          12.514

Path 41
  From: Rattlesnake_0/PulseRain_Rattlesnake_MCU_i.PulseRain_Rattlesnake_core_i.Rattlesnake_reg_file_i.X_ret_55:CLK
  To:   Rattlesnake_0/PulseRain_Rattlesnake_MCU_i.PulseRain_Rattlesnake_core_i.Rattlesnake_controller_i.exception_PC_ret_0[20]:EN
  Delay (ns):              7.685
  Slack (ns):              0.276
  Arrival (ns):           12.224
  Required (ns):          12.500

Path 42
  From: Rattlesnake_0/PulseRain_Rattlesnake_MCU_i.PulseRain_Rattlesnake_core_i.Rattlesnake_execution_unit_i.X_ret_39:CLK
  To:   Rattlesnake_0/PulseRain_Rattlesnake_MCU_i.PulseRain_Rattlesnake_core_i.Rattlesnake_controller_i.exception_PC_ret_0[21]:EN
  Delay (ns):              7.711
  Slack (ns):              0.278
  Arrival (ns):           12.236
  Required (ns):          12.514

Path 43
  From: Rattlesnake_0/PulseRain_Rattlesnake_MCU_i.PulseRain_Rattlesnake_core_i.Rattlesnake_execution_unit_i.X_ret_39:CLK
  To:   Rattlesnake_0/PulseRain_Rattlesnake_MCU_i.PulseRain_Rattlesnake_core_i.Rattlesnake_controller_i.exception_PC_ret_0[24]:EN
  Delay (ns):              7.711
  Slack (ns):              0.278
  Arrival (ns):           12.236
  Required (ns):          12.514

Path 44
  From: Rattlesnake_0/PulseRain_Rattlesnake_MCU_i.PulseRain_Rattlesnake_core_i.Rattlesnake_mm_reg_i.mem_we_ret:CLK
  To:   Rattlesnake_0/PulseRain_Rattlesnake_MCU_i.mem_controller_i.genblk1.ram_high_i.gen_if_proc.gen_for_proc_2nd[1].ram_9bit_2nd.mem_mem_0_2/INST_RAM1K18_IP:A_DIN[0]
  Delay (ns):              7.845
  Slack (ns):              0.278
  Arrival (ns):           12.389
  Required (ns):          12.667

Path 45
  From: Rattlesnake_0/PulseRain_Rattlesnake_MCU_i.PulseRain_Rattlesnake_core_i.Rattlesnake_mm_reg_i.mem_we_ret:CLK
  To:   Rattlesnake_0/PulseRain_Rattlesnake_MCU_i.PulseRain_Rattlesnake_core_i.Rattlesnake_block_write_detect_i.un1_write_cnt_1.write_cnt_ret:D
  Delay (ns):              7.699
  Slack (ns):              0.282
  Arrival (ns):           12.243
  Required (ns):          12.525

Path 46
  From: Rattlesnake_0/PulseRain_Rattlesnake_MCU_i.PulseRain_Rattlesnake_core_i.Rattlesnake_mm_reg_i.mem_we_ret:CLK
  To:   Rattlesnake_0/PulseRain_Rattlesnake_MCU_i.PulseRain_Rattlesnake_core_i.Rattlesnake_block_write_detect_i.write_cnt_ret:D
  Delay (ns):              7.697
  Slack (ns):              0.289
  Arrival (ns):           12.241
  Required (ns):          12.530

Path 47
  From: Rattlesnake_0/PulseRain_Rattlesnake_MCU_i.PulseRain_Rattlesnake_core_i.Rattlesnake_execution_unit_i.Y_ret_75:CLK
  To:   Rattlesnake_0/PulseRain_Rattlesnake_MCU_i.PulseRain_Rattlesnake_core_i.Rattlesnake_controller_i.exception_PC_ret_0[20]:EN
  Delay (ns):              7.643
  Slack (ns):              0.290
  Arrival (ns):           12.210
  Required (ns):          12.500

Path 48
  From: Rattlesnake_0/PulseRain_Rattlesnake_MCU_i.PulseRain_Rattlesnake_core_i.Rattlesnake_reg_file_i.X_ret_55:CLK
  To:   Rattlesnake_0/PulseRain_Rattlesnake_MCU_i.PulseRain_Rattlesnake_core_i.Rattlesnake_controller_i.exception_PC_ret_0[21]:EN
  Delay (ns):              7.685
  Slack (ns):              0.290
  Arrival (ns):           12.224
  Required (ns):          12.514

Path 49
  From: Rattlesnake_0/PulseRain_Rattlesnake_MCU_i.PulseRain_Rattlesnake_core_i.Rattlesnake_reg_file_i.X_ret_55:CLK
  To:   Rattlesnake_0/PulseRain_Rattlesnake_MCU_i.PulseRain_Rattlesnake_core_i.Rattlesnake_controller_i.exception_PC_ret_0[24]:EN
  Delay (ns):              7.685
  Slack (ns):              0.290
  Arrival (ns):           12.224
  Required (ns):          12.514

Path 50
  From: Rattlesnake_0/PulseRain_Rattlesnake_MCU_i.PulseRain_Rattlesnake_core_i.Rattlesnake_mm_reg_i.mem_we_ret:CLK
  To:   Rattlesnake_0/PulseRain_Rattlesnake_MCU_i.mem_controller_i.genblk1.ram_low_i.gen_if_proc.gen_for_proc_2nd[1].ram_9bit_2nd.mem_mem_0_2/INST_RAM1K18_IP:A_DIN[0]
  Delay (ns):              7.820
  Slack (ns):              0.295
  Arrival (ns):           12.364
  Required (ns):          12.659

Path 51
  From: Rattlesnake_0/PulseRain_Rattlesnake_MCU_i.PulseRain_Rattlesnake_core_i.Rattlesnake_execution_unit_i.X[4]:CLK
  To:   Rattlesnake_0/PulseRain_Rattlesnake_MCU_i.PulseRain_Rattlesnake_core_i.Rattlesnake_reg_file_i.single_clk_ram_rs2.mem_mem_0_0/INST_RAM64x18_IP:C_DIN[2]
  Delay (ns):              8.109
  Slack (ns):              0.298
  Arrival (ns):           12.623
  Required (ns):          12.921

Path 52
  From: Rattlesnake_0/PulseRain_Rattlesnake_MCU_i.PulseRain_Rattlesnake_core_i.Rattlesnake_mm_reg_i.mem_we_ret:CLK
  To:   Rattlesnake_0/PulseRain_Rattlesnake_MCU_i.PulseRain_Rattlesnake_core_i.Rattlesnake_block_write_detect_i.write_cnt_ret_10:D
  Delay (ns):              7.696
  Slack (ns):              0.301
  Arrival (ns):           12.240
  Required (ns):          12.541

Path 53
  From: Rattlesnake_0/PulseRain_Rattlesnake_MCU_i.PulseRain_Rattlesnake_core_i.Rattlesnake_execution_unit_i.Y_0_rep2:CLK
  To:   Rattlesnake_0/PulseRain_Rattlesnake_MCU_i.PulseRain_Rattlesnake_core_i.Rattlesnake_reg_file_i.single_clk_ram_rs2.mem_mem_0_0/INST_RAM64x18_IP:C_DIN[2]
  Delay (ns):              8.110
  Slack (ns):              0.302
  Arrival (ns):           12.619
  Required (ns):          12.921

Path 54
  From: Rattlesnake_0/PulseRain_Rattlesnake_MCU_i.PulseRain_Rattlesnake_core_i.Rattlesnake_execution_unit_i.Y_ret_75:CLK
  To:   Rattlesnake_0/PulseRain_Rattlesnake_MCU_i.PulseRain_Rattlesnake_core_i.Rattlesnake_controller_i.exception_PC_ret_0[21]:EN
  Delay (ns):              7.643
  Slack (ns):              0.304
  Arrival (ns):           12.210
  Required (ns):          12.514

Path 55
  From: Rattlesnake_0/PulseRain_Rattlesnake_MCU_i.PulseRain_Rattlesnake_core_i.Rattlesnake_execution_unit_i.Y_ret_75:CLK
  To:   Rattlesnake_0/PulseRain_Rattlesnake_MCU_i.PulseRain_Rattlesnake_core_i.Rattlesnake_controller_i.exception_PC_ret_0[24]:EN
  Delay (ns):              7.643
  Slack (ns):              0.304
  Arrival (ns):           12.210
  Required (ns):          12.514

Path 56
  From: Rattlesnake_0/PulseRain_Rattlesnake_MCU_i.PulseRain_Rattlesnake_core_i.Rattlesnake_execution_unit_i.X[4]:CLK
  To:   Rattlesnake_0/PulseRain_Rattlesnake_MCU_i.PulseRain_Rattlesnake_core_i.Rattlesnake_reg_file_i.single_clk_ram_rs2.mem_mem_0_0/INST_RAM64x18_IP:C_DIN[3]
  Delay (ns):              8.110
  Slack (ns):              0.306
  Arrival (ns):           12.624
  Required (ns):          12.930

Path 57
  From: Rattlesnake_0/PulseRain_Rattlesnake_MCU_i.PulseRain_Rattlesnake_core_i.Rattlesnake_execution_unit_i.Y_ret_71:CLK
  To:   Rattlesnake_0/PulseRain_Rattlesnake_MCU_i.PulseRain_Rattlesnake_core_i.Rattlesnake_reg_file_i.single_clk_ram_rs2.mem_mem_0_1/INST_RAM64x18_IP:C_DIN[2]
  Delay (ns):              8.065
  Slack (ns):              0.306
  Arrival (ns):           12.616
  Required (ns):          12.922

Path 58
  From: Rattlesnake_0/PulseRain_Rattlesnake_MCU_i.PulseRain_Rattlesnake_core_i.Rattlesnake_execution_unit_i.Y_ret_75:CLK
  To:   Rattlesnake_0/PulseRain_Rattlesnake_MCU_i.PulseRain_Rattlesnake_core_i.Rattlesnake_reg_file_i.write_data_in_d1[20]:D
  Delay (ns):              7.684
  Slack (ns):              0.307
  Arrival (ns):           12.251
  Required (ns):          12.558

Path 59
  From: Rattlesnake_0/PulseRain_Rattlesnake_MCU_i.PulseRain_Rattlesnake_core_i.Rattlesnake_block_write_detect_i.mem_addr_blk_wr_end_i[2]:CLK
  To:   Rattlesnake_0/PulseRain_Rattlesnake_MCU_i.mem_controller_i.genblk1.ram_low_i.gen_if_proc.gen_for_proc_1st[1].ram_9bit_1st.mem_mem_0_4/INST_RAM1K18_IP:A_DIN[0]
  Delay (ns):              7.775
  Slack (ns):              0.311
  Arrival (ns):           12.319
  Required (ns):          12.630

Path 60
  From: Rattlesnake_0/PulseRain_Rattlesnake_MCU_i.PulseRain_Rattlesnake_core_i.Rattlesnake_execution_unit_i.Y_fast[0]:CLK
  To:   Rattlesnake_0/PulseRain_Rattlesnake_MCU_i.PulseRain_Rattlesnake_core_i.Rattlesnake_reg_file_i.single_clk_ram_rs2.mem_mem_0_0/INST_RAM64x18_IP:C_DIN[2]
  Delay (ns):              8.085
  Slack (ns):              0.314
  Arrival (ns):           12.607
  Required (ns):          12.921

Path 61
  From: Rattlesnake_0/PulseRain_Rattlesnake_MCU_i.PulseRain_Rattlesnake_core_i.Rattlesnake_execution_unit_i.Y_0_rep1:CLK
  To:   Rattlesnake_0/PulseRain_Rattlesnake_MCU_i.PulseRain_Rattlesnake_core_i.Rattlesnake_reg_file_i.single_clk_ram_rs2.mem_mem_0_0/INST_RAM64x18_IP:C_DIN[3]
  Delay (ns):              8.088
  Slack (ns):              0.317
  Arrival (ns):           12.613
  Required (ns):          12.930

Path 62
  From: Rattlesnake_0/PulseRain_Rattlesnake_MCU_i.PulseRain_Rattlesnake_core_i.Rattlesnake_execution_unit_i.Y_ret_75:CLK
  To:   Rattlesnake_0/PulseRain_Rattlesnake_MCU_i.PulseRain_Rattlesnake_core_i.Rattlesnake_reg_file_i.single_clk_ram_rs2.mem_mem_0_1/INST_RAM64x18_IP:C_DIN[6]
  Delay (ns):              8.086
  Slack (ns):              0.333
  Arrival (ns):           12.653
  Required (ns):          12.986

Path 63
  From: Rattlesnake_0/PulseRain_Rattlesnake_MCU_i.PulseRain_Rattlesnake_core_i.Rattlesnake_execution_unit_i.X[10]:CLK
  To:   Rattlesnake_0/PulseRain_Rattlesnake_MCU_i.PulseRain_Rattlesnake_core_i.Rattlesnake_reg_file_i.write_data_in_d1[3]:D
  Delay (ns):              7.680
  Slack (ns):              0.339
  Arrival (ns):           12.216
  Required (ns):          12.555

Path 64
  From: Rattlesnake_0/PulseRain_Rattlesnake_MCU_i.PulseRain_Rattlesnake_core_i.Rattlesnake_execution_unit_i.Y_fast[0]:CLK
  To:   Rattlesnake_0/PulseRain_Rattlesnake_MCU_i.PulseRain_Rattlesnake_core_i.Rattlesnake_reg_file_i.single_clk_ram_rs2.mem_mem_0_1/INST_RAM64x18_IP:C_DIN[9]
  Delay (ns):              8.050
  Slack (ns):              0.340
  Arrival (ns):           12.572
  Required (ns):          12.912

Path 65
  From: Rattlesnake_0/PulseRain_Rattlesnake_MCU_i.PulseRain_Rattlesnake_core_i.Rattlesnake_execution_unit_i.X[7]:CLK
  To:   Rattlesnake_0/PulseRain_Rattlesnake_MCU_i.PulseRain_Rattlesnake_core_i.Rattlesnake_reg_file_i.single_clk_ram_rs2.mem_mem_0_0/INST_RAM64x18_IP:C_DIN[3]
  Delay (ns):              8.059
  Slack (ns):              0.341
  Arrival (ns):           12.589
  Required (ns):          12.930

Path 66
  From: Rattlesnake_0/PulseRain_Rattlesnake_MCU_i.PulseRain_Rattlesnake_core_i.Rattlesnake_execution_unit_i.X[8]:CLK
  To:   Rattlesnake_0/PulseRain_Rattlesnake_MCU_i.PulseRain_Rattlesnake_core_i.Rattlesnake_reg_file_i.single_clk_ram_rs2.mem_mem_0_0/INST_RAM64x18_IP:C_DIN[7]
  Delay (ns):              8.157
  Slack (ns):              0.343
  Arrival (ns):           12.670
  Required (ns):          13.013

Path 67
  From: Rattlesnake_0/PulseRain_Rattlesnake_MCU_i.PulseRain_Rattlesnake_core_i.Rattlesnake_block_write_detect_i.mem_addr_blk_wr_end_i[3]:CLK
  To:   Rattlesnake_0/PulseRain_Rattlesnake_MCU_i.PulseRain_Rattlesnake_core_i.Rattlesnake_block_write_detect_i.write_cnt_ret:D
  Delay (ns):              7.651
  Slack (ns):              0.347
  Arrival (ns):           12.183
  Required (ns):          12.530

Path 68
  From: Rattlesnake_0/PulseRain_Rattlesnake_MCU_i.PulseRain_Rattlesnake_core_i.Rattlesnake_execution_unit_i.X[10]:CLK
  To:   Rattlesnake_0/PulseRain_Rattlesnake_MCU_i.PulseRain_Rattlesnake_core_i.Rattlesnake_reg_file_i.single_clk_ram_rs2.mem_mem_0_0/INST_RAM64x18_IP:C_DIN[7]
  Delay (ns):              8.128
  Slack (ns):              0.349
  Arrival (ns):           12.664
  Required (ns):          13.013

Path 69
  From: Rattlesnake_0/PulseRain_Rattlesnake_MCU_i.PulseRain_Rattlesnake_core_i.Rattlesnake_block_write_detect_i.mem_addr_blk_wr_end_i[3]:CLK
  To:   Rattlesnake_0/PulseRain_Rattlesnake_MCU_i.mem_controller_i.genblk1.ram_high_i.gen_if_proc.gen_for_proc_2nd[1].ram_9bit_2nd.mem_mem_0_2/INST_RAM1K18_IP:A_DIN[0]
  Delay (ns):              7.748
  Slack (ns):              0.352
  Arrival (ns):           12.280
  Required (ns):          12.632

Path 70
  From: Rattlesnake_0/PulseRain_Rattlesnake_MCU_i.PulseRain_Rattlesnake_core_i.Rattlesnake_execution_unit_i.X[8]:CLK
  To:   Rattlesnake_0/PulseRain_Rattlesnake_MCU_i.PulseRain_Rattlesnake_core_i.Rattlesnake_reg_file_i.write_data_in_d1[3]:D
  Delay (ns):              7.685
  Slack (ns):              0.357
  Arrival (ns):           12.198
  Required (ns):          12.555

Path 71
  From: Rattlesnake_0/PulseRain_Rattlesnake_MCU_i.PulseRain_Rattlesnake_core_i.Rattlesnake_block_write_detect_i.mem_addr_blk_wr_end_i[3]:CLK
  To:   Rattlesnake_0/PulseRain_Rattlesnake_MCU_i.PulseRain_Rattlesnake_core_i.Rattlesnake_block_write_detect_i.un1_write_cnt_1.write_cnt_ret:D
  Delay (ns):              7.635
  Slack (ns):              0.358
  Arrival (ns):           12.167
  Required (ns):          12.525

Path 72
  From: Rattlesnake_0/PulseRain_Rattlesnake_MCU_i.PulseRain_Rattlesnake_core_i.Rattlesnake_block_write_detect_i.mem_addr_blk_wr_end_i[3]:CLK
  To:   Rattlesnake_0/PulseRain_Rattlesnake_MCU_i.PulseRain_Rattlesnake_core_i.Rattlesnake_block_write_detect_i.write_cnt_ret_10:D
  Delay (ns):              7.650
  Slack (ns):              0.359
  Arrival (ns):           12.182
  Required (ns):          12.541

Path 73
  From: Rattlesnake_0/PulseRain_Rattlesnake_MCU_i.PulseRain_Rattlesnake_core_i.Rattlesnake_execution_unit_i.X[21]:CLK
  To:   Rattlesnake_0/PulseRain_Rattlesnake_MCU_i.PulseRain_Rattlesnake_core_i.Rattlesnake_reg_file_i.write_data_in_d1[3]:D
  Delay (ns):              7.654
  Slack (ns):              0.367
  Arrival (ns):           12.188
  Required (ns):          12.555

Path 74
  From: Rattlesnake_0/PulseRain_Rattlesnake_MCU_i.PulseRain_Rattlesnake_core_i.Rattlesnake_execution_unit_i.Y_ret_75:CLK
  To:   Rattlesnake_0/PulseRain_Rattlesnake_MCU_i.PulseRain_Rattlesnake_core_i.Rattlesnake_reg_file_i.write_data_in_d1[24]:D
  Delay (ns):              7.628
  Slack (ns):              0.368
  Arrival (ns):           12.195
  Required (ns):          12.563

Path 75
  From: Rattlesnake_0/PulseRain_Rattlesnake_MCU_i.PulseRain_Rattlesnake_core_i.Rattlesnake_block_write_detect_i.mem_addr_blk_wr_end_i[3]:CLK
  To:   Rattlesnake_0/PulseRain_Rattlesnake_MCU_i.mem_controller_i.genblk1.ram_low_i.gen_if_proc.gen_for_proc_2nd[1].ram_9bit_2nd.mem_mem_0_2/INST_RAM1K18_IP:A_DIN[0]
  Delay (ns):              7.722
  Slack (ns):              0.370
  Arrival (ns):           12.254
  Required (ns):          12.624

Path 76
  From: Rattlesnake_0/PulseRain_Rattlesnake_MCU_i.PulseRain_Rattlesnake_core_i.Rattlesnake_reg_file_i.X_ret_49:CLK
  To:   Rattlesnake_0/PulseRain_Rattlesnake_MCU_i.PulseRain_Rattlesnake_core_i.Rattlesnake_controller_i.exception_PC_ret_0[20]:EN
  Delay (ns):              7.561
  Slack (ns):              0.371
  Arrival (ns):           12.129
  Required (ns):          12.500

Path 77
  From: Rattlesnake_0/PulseRain_Rattlesnake_MCU_i.PulseRain_Rattlesnake_core_i.Rattlesnake_execution_unit_i.Y_0_rep2:CLK
  To:   Rattlesnake_0/PulseRain_Rattlesnake_MCU_i.PulseRain_Rattlesnake_core_i.Rattlesnake_reg_file_i.single_clk_ram_rs2.mem_mem_0_0/INST_RAM64x18_IP:C_DIN[3]
  Delay (ns):              8.049
  Slack (ns):              0.372
  Arrival (ns):           12.558
  Required (ns):          12.930

Path 78
  From: Rattlesnake_0/PulseRain_Rattlesnake_MCU_i.PulseRain_Rattlesnake_core_i.Rattlesnake_execution_unit_i.reg_ctl_AUIPC:CLK
  To:   Rattlesnake_0/PulseRain_Rattlesnake_MCU_i.PulseRain_Rattlesnake_core_i.Rattlesnake_reg_file_i.single_clk_ram_rs2.mem_mem_0_1/INST_RAM64x18_IP:C_DIN[6]
  Delay (ns):              8.042
  Slack (ns):              0.376
  Arrival (ns):           12.610
  Required (ns):          12.986

Path 79
  From: Rattlesnake_0/PulseRain_Rattlesnake_MCU_i.PulseRain_Rattlesnake_core_i.Rattlesnake_reg_file_i.X_ret_49:CLK
  To:   Rattlesnake_0/PulseRain_Rattlesnake_MCU_i.PulseRain_Rattlesnake_core_i.Rattlesnake_controller_i.exception_PC_ret_0[21]:EN
  Delay (ns):              7.561
  Slack (ns):              0.385
  Arrival (ns):           12.129
  Required (ns):          12.514

Path 80
  From: Rattlesnake_0/PulseRain_Rattlesnake_MCU_i.PulseRain_Rattlesnake_core_i.Rattlesnake_reg_file_i.X_ret_49:CLK
  To:   Rattlesnake_0/PulseRain_Rattlesnake_MCU_i.PulseRain_Rattlesnake_core_i.Rattlesnake_controller_i.exception_PC_ret_0[24]:EN
  Delay (ns):              7.561
  Slack (ns):              0.385
  Arrival (ns):           12.129
  Required (ns):          12.514

Path 81
  From: Rattlesnake_0/PulseRain_Rattlesnake_MCU_i.PulseRain_Rattlesnake_core_i.Rattlesnake_execution_unit_i.Y_ret_71:CLK
  To:   Rattlesnake_0/PulseRain_Rattlesnake_MCU_i.PulseRain_Rattlesnake_core_i.Rattlesnake_reg_file_i.write_data_in_d1[20]:D
  Delay (ns):              7.621
  Slack (ns):              0.386
  Arrival (ns):           12.172
  Required (ns):          12.558

Path 82
  From: Rattlesnake_0/PulseRain_Rattlesnake_MCU_i.PulseRain_Rattlesnake_core_i.Rattlesnake_execution_unit_i.Y_ret_66:CLK
  To:   Rattlesnake_0/PulseRain_Rattlesnake_MCU_i.PulseRain_Rattlesnake_core_i.Rattlesnake_controller_i.exception_PC_ret_0[20]:EN
  Delay (ns):              7.550
  Slack (ns):              0.388
  Arrival (ns):           12.112
  Required (ns):          12.500

Path 83
  From: Rattlesnake_0/PulseRain_Rattlesnake_MCU_i.PulseRain_Rattlesnake_core_i.Rattlesnake_execution_unit_i.X[21]:CLK
  To:   Rattlesnake_0/PulseRain_Rattlesnake_MCU_i.PulseRain_Rattlesnake_core_i.Rattlesnake_reg_file_i.single_clk_ram_rs2.mem_mem_0_1/INST_RAM64x18_IP:C_DIN[4]
  Delay (ns):              8.082
  Slack (ns):              0.389
  Arrival (ns):           12.616
  Required (ns):          13.005

Path 84
  From: Rattlesnake_0/PulseRain_Rattlesnake_MCU_i.PulseRain_Rattlesnake_core_i.Rattlesnake_execution_unit_i.X[9]:CLK
  To:   Rattlesnake_0/PulseRain_Rattlesnake_MCU_i.PulseRain_Rattlesnake_core_i.Rattlesnake_reg_file_i.write_data_in_d1[3]:D
  Delay (ns):              7.645
  Slack (ns):              0.392
  Arrival (ns):           12.163
  Required (ns):          12.555

Path 85
  From: Rattlesnake_0/PulseRain_Rattlesnake_MCU_i.PulseRain_Rattlesnake_core_i.Rattlesnake_execution_unit_i.Y_ret_71:CLK
  To:   Rattlesnake_0/PulseRain_Rattlesnake_MCU_i.PulseRain_Rattlesnake_core_i.Rattlesnake_reg_file_i.single_clk_ram_rs2.mem_mem_0_1/INST_RAM64x18_IP:C_DIN[6]
  Delay (ns):              8.063
  Slack (ns):              0.395
  Arrival (ns):           12.614
  Required (ns):          13.009

Path 86
  From: Rattlesnake_0/PulseRain_Rattlesnake_MCU_i.PulseRain_Rattlesnake_core_i.Rattlesnake_execution_unit_i.X[9]:CLK
  To:   Rattlesnake_0/PulseRain_Rattlesnake_MCU_i.PulseRain_Rattlesnake_core_i.Rattlesnake_reg_file_i.single_clk_ram_rs2.mem_mem_0_0/INST_RAM64x18_IP:C_DIN[7]
  Delay (ns):              8.098
  Slack (ns):              0.397
  Arrival (ns):           12.616
  Required (ns):          13.013

Path 87
  From: Rattlesnake_0/PulseRain_Rattlesnake_MCU_i.PulseRain_Rattlesnake_core_i.Rattlesnake_execution_unit_i.Y_0_rep1:CLK
  To:   Rattlesnake_0/PulseRain_Rattlesnake_MCU_i.PulseRain_Rattlesnake_core_i.Rattlesnake_reg_file_i.single_clk_ram_rs2.mem_mem_0_1/INST_RAM64x18_IP:C_DIN[1]
  Delay (ns):              7.976
  Slack (ns):              0.397
  Arrival (ns):           12.501
  Required (ns):          12.898

Path 88
  From: Rattlesnake_0/PulseRain_Rattlesnake_MCU_i.PulseRain_Rattlesnake_core_i.Rattlesnake_reg_file_i.X_ret_52:CLK
  To:   Rattlesnake_0/PulseRain_Rattlesnake_MCU_i.PulseRain_Rattlesnake_core_i.Rattlesnake_controller_i.fetch_start_addr_ret_32[12]:EN
  Delay (ns):              7.600
  Slack (ns):              0.400
  Arrival (ns):           12.159
  Required (ns):          12.559

Path 89
  From: Rattlesnake_0/PulseRain_Rattlesnake_MCU_i.PulseRain_Rattlesnake_core_i.Rattlesnake_reg_file_i.X_ret_52:CLK
  To:   Rattlesnake_0/PulseRain_Rattlesnake_MCU_i.PulseRain_Rattlesnake_core_i.Rattlesnake_controller_i.fetch_start_addr_ret_32[5]:EN
  Delay (ns):              7.600
  Slack (ns):              0.400
  Arrival (ns):           12.159
  Required (ns):          12.559

Path 90
  From: Rattlesnake_0/PulseRain_Rattlesnake_MCU_i.PulseRain_Rattlesnake_core_i.Rattlesnake_execution_unit_i.Y_ret_66:CLK
  To:   Rattlesnake_0/PulseRain_Rattlesnake_MCU_i.PulseRain_Rattlesnake_core_i.Rattlesnake_controller_i.exception_PC_ret_0[21]:EN
  Delay (ns):              7.550
  Slack (ns):              0.402
  Arrival (ns):           12.112
  Required (ns):          12.514

Path 91
  From: Rattlesnake_0/PulseRain_Rattlesnake_MCU_i.PulseRain_Rattlesnake_core_i.Rattlesnake_execution_unit_i.Y_ret_66:CLK
  To:   Rattlesnake_0/PulseRain_Rattlesnake_MCU_i.PulseRain_Rattlesnake_core_i.Rattlesnake_controller_i.exception_PC_ret_0[24]:EN
  Delay (ns):              7.550
  Slack (ns):              0.402
  Arrival (ns):           12.112
  Required (ns):          12.514

Path 92
  From: Rattlesnake_0/PulseRain_Rattlesnake_MCU_i.PulseRain_Rattlesnake_core_i.Rattlesnake_reg_file_i.X_ret_51:CLK
  To:   Rattlesnake_0/PulseRain_Rattlesnake_MCU_i.PulseRain_Rattlesnake_core_i.Rattlesnake_controller_i.exception_PC_ret_0[20]:EN
  Delay (ns):              7.573
  Slack (ns):              0.404
  Arrival (ns):           12.096
  Required (ns):          12.500

Path 93
  From: Rattlesnake_0/PulseRain_Rattlesnake_MCU_i.PulseRain_Rattlesnake_core_i.Rattlesnake_execution_unit_i.jalr_active:CLK
  To:   Rattlesnake_0/PulseRain_Rattlesnake_MCU_i.PulseRain_Rattlesnake_core_i.Rattlesnake_reg_file_i.single_clk_ram_rs2.mem_mem_0_1/INST_RAM64x18_IP:C_DIN[6]
  Delay (ns):              8.050
  Slack (ns):              0.411
  Arrival (ns):           12.575
  Required (ns):          12.986

Path 94
  From: Rattlesnake_0/PulseRain_Rattlesnake_MCU_i.PulseRain_Rattlesnake_core_i.Rattlesnake_execution_unit_i.reg_ctl_AUIPC:CLK
  To:   Rattlesnake_0/PulseRain_Rattlesnake_MCU_i.PulseRain_Rattlesnake_core_i.Rattlesnake_reg_file_i.write_data_in_d1[24]:D
  Delay (ns):              7.584
  Slack (ns):              0.411
  Arrival (ns):           12.152
  Required (ns):          12.563

Path 95
  From: Rattlesnake_0/PulseRain_Rattlesnake_MCU_i.PulseRain_Rattlesnake_core_i.Rattlesnake_reg_file_i.X_ret_52:CLK
  To:   Rattlesnake_0/PulseRain_Rattlesnake_MCU_i.PulseRain_Rattlesnake_core_i.Rattlesnake_controller_i.fetch_start_addr_ret_32[1]:EN
  Delay (ns):              7.600
  Slack (ns):              0.413
  Arrival (ns):           12.159
  Required (ns):          12.572

Path 96
  From: Rattlesnake_0/PulseRain_Rattlesnake_MCU_i.PulseRain_Rattlesnake_core_i.Rattlesnake_reg_file_i.X_ret_52:CLK
  To:   Rattlesnake_0/PulseRain_Rattlesnake_MCU_i.PulseRain_Rattlesnake_core_i.Rattlesnake_controller_i.fetch_start_addr_ret_32[7]:EN
  Delay (ns):              7.600
  Slack (ns):              0.413
  Arrival (ns):           12.159
  Required (ns):          12.572

Path 97
  From: Rattlesnake_0/PulseRain_Rattlesnake_MCU_i.PulseRain_Rattlesnake_core_i.Rattlesnake_reg_file_i.X_ret_52:CLK
  To:   Rattlesnake_0/PulseRain_Rattlesnake_MCU_i.PulseRain_Rattlesnake_core_i.Rattlesnake_controller_i.fetch_start_addr_ret_31:EN
  Delay (ns):              7.600
  Slack (ns):              0.414
  Arrival (ns):           12.159
  Required (ns):          12.573

Path 98
  From: Rattlesnake_0/PulseRain_Rattlesnake_MCU_i.PulseRain_Rattlesnake_core_i.Rattlesnake_execution_unit_i.X[3]:CLK
  To:   Rattlesnake_0/PulseRain_Rattlesnake_MCU_i.PulseRain_Rattlesnake_core_i.Rattlesnake_reg_file_i.single_clk_ram_rs2.mem_mem_0_1/INST_RAM64x18_IP:C_DIN[4]
  Delay (ns):              8.064
  Slack (ns):              0.416
  Arrival (ns):           12.589
  Required (ns):          13.005

Path 99
  From: Rattlesnake_0/PulseRain_Rattlesnake_MCU_i.PulseRain_Rattlesnake_core_i.Rattlesnake_reg_file_i.X_ret_51:CLK
  To:   Rattlesnake_0/PulseRain_Rattlesnake_MCU_i.PulseRain_Rattlesnake_core_i.Rattlesnake_controller_i.exception_PC_ret_0[21]:EN
  Delay (ns):              7.573
  Slack (ns):              0.418
  Arrival (ns):           12.096
  Required (ns):          12.514

Path 100
  From: Rattlesnake_0/PulseRain_Rattlesnake_MCU_i.PulseRain_Rattlesnake_core_i.Rattlesnake_reg_file_i.X_ret_51:CLK
  To:   Rattlesnake_0/PulseRain_Rattlesnake_MCU_i.PulseRain_Rattlesnake_core_i.Rattlesnake_controller_i.exception_PC_ret_0[24]:EN
  Delay (ns):              7.573
  Slack (ns):              0.418
  Arrival (ns):           12.096
  Required (ns):          12.514

